Build started 31/10/2017 21:14:18.
     1>Project "K:\Components\LibraryV2\GDAL\GDAL_2.2.x_VC_NoIntFilesCleanUp_v2.2.2\libgdal-2.2.2\lib\gdal-2.2.2_lib.vcxproj" on node 2 (build target(s)).
     1>InitializeBuildStatus:
         Creating "K:\Components\LibraryV2\GDAL\GDAL_2.2.x_VC_NoIntFilesCleanUp_v2.2.2\libgdal-2.2.2\lib\x86\Debug\gdal-2.2.2_lib.unsuccessfulbuild" because "AlwaysCreate" was specified.
       ClCompile:
         All outputs are up-to-date.
         All outputs are up-to-date.
       ResourceCompile:
         All outputs are up-to-date.
       Lib:
         All outputs are up-to-date.
         gdal-2.2.2_lib.vcxproj -> K:\Components\LibraryV2\GDAL\GDAL_2.2.x_VC_NoIntFilesCleanUp_v2.2.2\libgdal-2.2.2\lib\x86\Debug\gdal-2.2.2.lib
       PostBuildEvent:
         copy "K:\Components\LibraryV2\GDAL\GDAL_2.2.x_VC_NoIntFilesCleanUp_v2.2.2\libgdal-2.2.2\lib\x86\Debug\gdal-2.2.2.lib" "K:\Components\LibraryV2\GDAL\GDAL_2.2.x_VC_NoIntFilesCleanUp_v2.2.2\libgdal-2.2.2\binaries\lib\x86\Debug\gdal-2.2.2.lib"
         :VCEnd
                 1 fichier(s) copié(s).
       FinalizeBuildStatus:
         Deleting file "K:\Components\LibraryV2\GDAL\GDAL_2.2.x_VC_NoIntFilesCleanUp_v2.2.2\libgdal-2.2.2\lib\x86\Debug\gdal-2.2.2_lib.unsuccessfulbuild".
         Touching "K:\Components\LibraryV2\GDAL\GDAL_2.2.x_VC_NoIntFilesCleanUp_v2.2.2\libgdal-2.2.2\lib\x86\Debug\gdal-2.2.2_lib.lastbuildstate".
     1>Done Building Project "K:\Components\LibraryV2\GDAL\GDAL_2.2.x_VC_NoIntFilesCleanUp_v2.2.2\libgdal-2.2.2\lib\gdal-2.2.2_lib.vcxproj" (build target(s)).

Build succeeded.

Time Elapsed 00:00:34.47
