K:\Components\LibraryV2\GDAL\GDAL_2.1.x_VC_NoIntFilesCleanUp\libgdal-2.1.3\gdal_rename\x86\Debug\cl.command.1.tlog
K:\Components\LibraryV2\GDAL\GDAL_2.1.x_VC_NoIntFilesCleanUp\libgdal-2.1.3\gdal_rename\x86\Debug\CL.read.1.tlog
K:\Components\LibraryV2\GDAL\GDAL_2.1.x_VC_NoIntFilesCleanUp\libgdal-2.1.3\gdal_rename\x86\Debug\CL.write.1.tlog
K:\COMPONENTS\LIBRARYV2\GDAL\GDAL_2.1.X_VC_NOINTFILESCLEANUP\LIBGDAL-2.1.3\GDAL_RENAME\X86\DEBUG\GDAL_RENAME.EXE
K:\COMPONENTS\LIBRARYV2\GDAL\GDAL_2.1.X_VC_NOINTFILESCLEANUP\LIBGDAL-2.1.3\GDAL_RENAME\X86\DEBUG\GDAL_RENAME.EXE.EMBED.MANIFEST
K:\COMPONENTS\LIBRARYV2\GDAL\GDAL_2.1.X_VC_NOINTFILESCLEANUP\LIBGDAL-2.1.3\GDAL_RENAME\X86\DEBUG\GDAL_RENAME.EXE.EMBED.MANIFEST.RES
K:\COMPONENTS\LIBRARYV2\GDAL\GDAL_2.1.X_VC_NOINTFILESCLEANUP\LIBGDAL-2.1.3\GDAL_RENAME\X86\DEBUG\GDAL_RENAME.EXE.INTERMEDIATE.MANIFEST
K:\Components\LibraryV2\GDAL\GDAL_2.1.x_VC_NoIntFilesCleanUp\libgdal-2.1.3\gdal_rename\x86\Debug\gdal_rename.exp
K:\COMPONENTS\LIBRARYV2\GDAL\GDAL_2.1.X_VC_NOINTFILESCLEANUP\LIBGDAL-2.1.3\GDAL_RENAME\X86\DEBUG\GDAL_RENAME.ILK
K:\Components\LibraryV2\GDAL\GDAL_2.1.x_VC_NoIntFilesCleanUp\libgdal-2.1.3\gdal_rename\x86\Debug\gdal_rename.lib
K:\COMPONENTS\LIBRARYV2\GDAL\GDAL_2.1.X_VC_NOINTFILESCLEANUP\LIBGDAL-2.1.3\GDAL_RENAME\X86\DEBUG\GDAL_RENAME.OBJ
K:\COMPONENTS\LIBRARYV2\GDAL\GDAL_2.1.X_VC_NOINTFILESCLEANUP\LIBGDAL-2.1.3\GDAL_RENAME\X86\DEBUG\GDAL_RENAME.PDB
K:\Components\LibraryV2\GDAL\GDAL_2.1.x_VC_NoIntFilesCleanUp\libgdal-2.1.3\gdal_rename\x86\Debug\gdal_rename.write.1.tlog
K:\Components\LibraryV2\GDAL\GDAL_2.1.x_VC_NoIntFilesCleanUp\libgdal-2.1.3\gdal_rename\x86\Debug\gdal_rename_manifest.rc
K:\Components\LibraryV2\GDAL\GDAL_2.1.x_VC_NoIntFilesCleanUp\libgdal-2.1.3\gdal_rename\x86\Debug\link.15272.read.1.tlog
K:\Components\LibraryV2\GDAL\GDAL_2.1.x_VC_NoIntFilesCleanUp\libgdal-2.1.3\gdal_rename\x86\Debug\link.15272.write.1.tlog
K:\Components\LibraryV2\GDAL\GDAL_2.1.x_VC_NoIntFilesCleanUp\libgdal-2.1.3\gdal_rename\x86\Debug\link.15272-cvtres.read.1.tlog
K:\Components\LibraryV2\GDAL\GDAL_2.1.x_VC_NoIntFilesCleanUp\libgdal-2.1.3\gdal_rename\x86\Debug\link.15272-cvtres.write.1.tlog
K:\Components\LibraryV2\GDAL\GDAL_2.1.x_VC_NoIntFilesCleanUp\libgdal-2.1.3\gdal_rename\x86\Debug\link.command.1.tlog
K:\Components\LibraryV2\GDAL\GDAL_2.1.x_VC_NoIntFilesCleanUp\libgdal-2.1.3\gdal_rename\x86\Debug\link.read.1.tlog
K:\Components\LibraryV2\GDAL\GDAL_2.1.x_VC_NoIntFilesCleanUp\libgdal-2.1.3\gdal_rename\x86\Debug\link.write.1.tlog
K:\Components\LibraryV2\GDAL\GDAL_2.1.x_VC_NoIntFilesCleanUp\libgdal-2.1.3\gdal_rename\x86\Debug\link-cvtres.read.1.tlog
K:\Components\LibraryV2\GDAL\GDAL_2.1.x_VC_NoIntFilesCleanUp\libgdal-2.1.3\gdal_rename\x86\Debug\link-cvtres.write.1.tlog
K:\Components\LibraryV2\GDAL\GDAL_2.1.x_VC_NoIntFilesCleanUp\libgdal-2.1.3\gdal_rename\x86\Debug\mt.command.1.tlog
K:\Components\LibraryV2\GDAL\GDAL_2.1.x_VC_NoIntFilesCleanUp\libgdal-2.1.3\gdal_rename\x86\Debug\mt.read.1.tlog
K:\Components\LibraryV2\GDAL\GDAL_2.1.x_VC_NoIntFilesCleanUp\libgdal-2.1.3\gdal_rename\x86\Debug\mt.write.1.tlog
K:\Components\LibraryV2\GDAL\GDAL_2.1.x_VC_NoIntFilesCleanUp\libgdal-2.1.3\gdal_rename\x86\Debug\rc.command.1.tlog
K:\Components\LibraryV2\GDAL\GDAL_2.1.x_VC_NoIntFilesCleanUp\libgdal-2.1.3\gdal_rename\x86\Debug\rc.read.1.tlog
K:\Components\LibraryV2\GDAL\GDAL_2.1.x_VC_NoIntFilesCleanUp\libgdal-2.1.3\gdal_rename\x86\Debug\rc.write.1.tlog
K:\Components\LibraryV2\GDAL\GDAL_2.1.x_VC_NoIntFilesCleanUp\libgdal-2.1.3\gdal_rename\x86\Debug\vc100.idb
K:\COMPONENTS\LIBRARYV2\GDAL\GDAL_2.1.X_VC_NOINTFILESCLEANUP\LIBGDAL-2.1.3\GDAL_RENAME\X86\DEBUG\VC100.PDB
