Build started 17/05/2017 08:40:45.
     1>Project "K:\Components\LibraryV2\GDAL\GDAL_2.2.x_VC_NoIntFilesCleanUp\libgdal-2.2.0\gdal_rename\gdal_rename.vcxproj" on node 2 (build target(s)).
     1>InitializeBuildStatus:
         Touching "K:\Components\LibraryV2\GDAL\GDAL_2.2.x_VC_NoIntFilesCleanUp\libgdal-2.2.0\gdal_rename\x86\Release\gdal_rename.unsuccessfulbuild".
       ClCompile:
         All outputs are up-to-date.
       Link:
         c:\Program Files (x86)\Microsoft Visual Studio 10.0\VC\bin\link.exe /ERRORREPORT:PROMPT /OUT:"K:\Components\LibraryV2\GDAL\GDAL_2.2.x_VC_NoIntFilesCleanUp\libgdal-2.2.0\gdal_rename\x86\Release\gdal_rename.exe" /INCREMENTAL:NO /NOLOGO /LIBPATH:../dll/x86/Release "gdal-2.2.0.lib" /MANIFEST /ManifestFile:"K:\Components\LibraryV2\GDAL\GDAL_2.2.x_VC_NoIntFilesCleanUp\libgdal-2.2.0\gdal_rename\x86\Release\gdal_rename.exe.intermediate.manifest" /MANIFESTUAC:"level='asInvoker' uiAccess='false'" /DEBUG /PDB:"K:\Components\LibraryV2\GDAL\GDAL_2.2.x_VC_NoIntFilesCleanUp\libgdal-2.2.0\gdal_rename\x86\Release\gdal_rename.pdb" /SUBSYSTEM:CONSOLE /OPT:REF /OPT:ICF /LTCG /TLBID:1 /DYNAMICBASE /NXCOMPAT /IMPLIB:"K:\Components\LibraryV2\GDAL\GDAL_2.2.x_VC_NoIntFilesCleanUp\libgdal-2.2.0\gdal_rename\x86\Release\gdal_rename.lib" /MACHINE:X86 "K:\Components\LibraryV2\GDAL\GDAL_2.2.x_VC_NoIntFilesCleanUp\libgdal-2.2.0\gdal_rename\x86\Release\gdal_rename.obj"
            Creating library K:\Components\LibraryV2\GDAL\GDAL_2.2.x_VC_NoIntFilesCleanUp\libgdal-2.2.0\gdal_rename\x86\Release\gdal_rename.lib and object K:\Components\LibraryV2\GDAL\GDAL_2.2.x_VC_NoIntFilesCleanUp\libgdal-2.2.0\gdal_rename\x86\Release\gdal_rename.exp
         Generating code
     1>k:\components\libraryv2\gdal\gdal_2.2.x_vc_nointfilescleanup\libgdal-2.2.0\gdal_rename\gdal_rename.cpp(147): warning C4715: 'renameFileNoOverWrite' : not all control paths return a value
         Finished generating code
         gdal_rename.vcxproj -> K:\Components\LibraryV2\GDAL\GDAL_2.2.x_VC_NoIntFilesCleanUp\libgdal-2.2.0\gdal_rename\x86\Release\gdal_rename.exe
       Manifest:
         C:\Program Files (x86)\Microsoft SDKs\Windows\v7.0A\bin\mt.exe /nologo /verbose /outputresource:"K:\Components\LibraryV2\GDAL\GDAL_2.2.x_VC_NoIntFilesCleanUp\libgdal-2.2.0\gdal_rename\x86\Release\gdal_rename.exe;#1" /manifest "K:\Components\LibraryV2\GDAL\GDAL_2.2.x_VC_NoIntFilesCleanUp\libgdal-2.2.0\gdal_rename\x86\Release\gdal_rename.exe.intermediate.manifest"
       PostBuildEvent:
         copy K:\Components\LibraryV2\GDAL\GDAL_2.2.x_VC_NoIntFilesCleanUp\libgdal-2.2.0\gdal_rename\x86\Release\gdal_rename.exe K:\Components\LibraryV2\GDAL\GDAL_2.2.x_VC_NoIntFilesCleanUp\libgdal-2.2.0\binaries\dll\x86\Release\gdal_rename.exe
         :VCEnd
                 1 fichier(s) copié(s).
       FinalizeBuildStatus:
         Deleting file "K:\Components\LibraryV2\GDAL\GDAL_2.2.x_VC_NoIntFilesCleanUp\libgdal-2.2.0\gdal_rename\x86\Release\gdal_rename.unsuccessfulbuild".
         Touching "K:\Components\LibraryV2\GDAL\GDAL_2.2.x_VC_NoIntFilesCleanUp\libgdal-2.2.0\gdal_rename\x86\Release\gdal_rename.lastbuildstate".
     1>Done Building Project "K:\Components\LibraryV2\GDAL\GDAL_2.2.x_VC_NoIntFilesCleanUp\libgdal-2.2.0\gdal_rename\gdal_rename.vcxproj" (build target(s)).

Build succeeded.

Time Elapsed 00:00:02.49
