Build started 08/09/2017 10:48:03.
     1>Project "K:\Components\LibraryV2\GDAL\GDAL_2.2.x_VC_NoIntFilesCleanUp\libgdal-2.2.1\dll\gdal-2.2.1_dll.vcxproj" on node 2 (build target(s)).
     1>InitializeBuildStatus:
         Creating "K:\Components\LibraryV2\GDAL\GDAL_2.2.x_VC_NoIntFilesCleanUp\libgdal-2.2.1\dll\x86\Debug\gdal-2.2.1_dll.unsuccessfulbuild" because "AlwaysCreate" was specified.
       ClCompile:
         All outputs are up-to-date.
         All outputs are up-to-date.
       ResourceCompile:
         All outputs are up-to-date.
       Link:
         All outputs are up-to-date.
         gdal-2.2.1_dll.vcxproj -> K:\Components\LibraryV2\GDAL\GDAL_2.2.x_VC_NoIntFilesCleanUp\libgdal-2.2.1\dll\x86\Debug\gdal-2.2.1.dll
       PostBuildEvent:
         copy "K:\Components\LibraryV2\GDAL\GDAL_2.2.x_VC_NoIntFilesCleanUp\libgdal-2.2.1\dll\x86\Debug\gdal-2.2.1.dll" "K:\Components\LibraryV2\GDAL\GDAL_2.2.x_VC_NoIntFilesCleanUp\libgdal-2.2.1\binaries\dll\x86\Debug\gdal-2.2.1.dll"
         copy "K:\Components\LibraryV2\GDAL\GDAL_2.2.x_VC_NoIntFilesCleanUp\libgdal-2.2.1\dll\x86\Debug\gdal-2.2.1.exp "K:\Components\LibraryV2\GDAL\GDAL_2.2.x_VC_NoIntFilesCleanUp\libgdal-2.2.1\binaries\dll\x86\Debug\gdal-2.2.1.exp"
         copy "K:\Components\LibraryV2\GDAL\GDAL_2.2.x_VC_NoIntFilesCleanUp\libgdal-2.2.1\dll\x86\Debug\gdal-2.2.1.lib" "K:\Components\LibraryV2\GDAL\GDAL_2.2.x_VC_NoIntFilesCleanUp\libgdal-2.2.1\binaries\dll\x86\Debug\gdal-2.2.1.lib"
         :VCEnd
                 1 fichier(s) copié(s).
         K:\Components\LibraryV2\GDAL\GDAL_2.2.x_VC_NoIntFilesCleanUp\libgdal-2.2.1\dll\x86\Debug\gdal-2.2.1.exp K:\Components\LibraryV2\GDAL\GDAL_2.2.x_VC_NoIntFilesCleanUp\libgdal-2.2.1\binaries\dll\x86\Debug\gdal-2.2.1.exp 
         La syntaxe du nom de fichier, de répertoire ou de volume est incorrecte.
                 0 fichier(s) copié(s).
                 1 fichier(s) copié(s).
       FinalizeBuildStatus:
         Deleting file "K:\Components\LibraryV2\GDAL\GDAL_2.2.x_VC_NoIntFilesCleanUp\libgdal-2.2.1\dll\x86\Debug\gdal-2.2.1_dll.unsuccessfulbuild".
         Touching "K:\Components\LibraryV2\GDAL\GDAL_2.2.x_VC_NoIntFilesCleanUp\libgdal-2.2.1\dll\x86\Debug\gdal-2.2.1_dll.lastbuildstate".
     1>Done Building Project "K:\Components\LibraryV2\GDAL\GDAL_2.2.x_VC_NoIntFilesCleanUp\libgdal-2.2.1\dll\gdal-2.2.1_dll.vcxproj" (build target(s)).

Build succeeded.

Time Elapsed 00:00:04.55
