Build started 07/09/2017 21:20:41.
     1>Project "K:\Components\LibraryV2\GDAL\GDAL_2.2.x_VC_NoIntFilesCleanUp\libgdal-2.2.1\gdalmanage\gdalmanage.vcxproj" on node 2 (build target(s)).
     1>InitializeBuildStatus:
         Creating "K:\Components\LibraryV2\GDAL\GDAL_2.2.x_VC_NoIntFilesCleanUp\libgdal-2.2.1\gdalmanage\x86\Release\gdalmanage.unsuccessfulbuild" because "AlwaysCreate" was specified.
       ClCompile:
         c:\Program Files (x86)\Microsoft Visual Studio 10.0\VC\bin\CL.exe /c /I"../../gdal-2.2.1/alg" /I"../../gdal-2.2.1/apps" /I"../../gdal-2.2.1/frmts" /I"../../gdal-2.2.1/gcore" /I"../../gdal-2.2.1/ogr" /I"../../gdal-2.2.1/port" /I"../../gdal-2.2.1/frmts/vrt" /I"../../gdal-2.2.1/ogr/ogrsf_frmts/geojson" /I"../../gdal-2.2.1/ogr/ogrsf_frmts/geojson/libjson" /IK:\Components\Library\boost\1_60_0 /Zi /nologo /W3 /WX- /O2 /Oi /Oy- /GL /D WIN32 /D NDEBUG /D _CONSOLE /D _UNICODE /D UNICODE /Gm- /EHsc /MD /GS /Gy /fp:precise /Zc:wchar_t /Zc:forScope /Fo"K:\Components\LibraryV2\GDAL\GDAL_2.2.x_VC_NoIntFilesCleanUp\libgdal-2.2.1\gdalmanage\x86\Release\\" /Fd"K:\Components\LibraryV2\GDAL\GDAL_2.2.x_VC_NoIntFilesCleanUp\libgdal-2.2.1\gdalmanage\x86\Release\vc100.pdb" /Gd /TP /analyze- /errorReport:prompt "..\..\gdal-2.2.1\apps\gdalmanage.cpp"
         gdalmanage.cpp
     1>K:\Components\LibraryV2\GDAL\GDAL_2.2.x_VC_NoIntFilesCleanUp\gdal-2.2.1\port\cpl_string.h(339): warning C4251: 'std::_String_val<_Elem,_Alloc>::_Alval' : class 'std::allocator<_Ty>' needs to have dll-interface to be used by clients of class 'std::_String_val<_Elem,_Alloc>'
                 with
                 [
                     _Elem=char,
                     _Alloc=std::allocator<char>
                 ]
                 and
                 [
                     _Ty=char
                 ]
                 and
                 [
                     _Elem=char,
                     _Alloc=std::allocator<char>
                 ]
       Link:
         c:\Program Files (x86)\Microsoft Visual Studio 10.0\VC\bin\link.exe /ERRORREPORT:PROMPT /OUT:"K:\Components\LibraryV2\GDAL\GDAL_2.2.x_VC_NoIntFilesCleanUp\libgdal-2.2.1\gdalmanage\x86\Release\gdalmanage.exe" /INCREMENTAL:NO /NOLOGO /LIBPATH:../dll/x86/Release "gdal-2.2.1.lib" /MANIFEST /ManifestFile:"K:\Components\LibraryV2\GDAL\GDAL_2.2.x_VC_NoIntFilesCleanUp\libgdal-2.2.1\gdalmanage\x86\Release\gdalmanage.exe.intermediate.manifest" /MANIFESTUAC:"level='asInvoker' uiAccess='false'" /DEBUG /PDB:"K:\Components\LibraryV2\GDAL\GDAL_2.2.x_VC_NoIntFilesCleanUp\libgdal-2.2.1\gdalmanage\x86\Release\gdalmanage.pdb" /SUBSYSTEM:CONSOLE /OPT:REF /OPT:ICF /LTCG /TLBID:1 /DYNAMICBASE /NXCOMPAT /IMPLIB:"K:\Components\LibraryV2\GDAL\GDAL_2.2.x_VC_NoIntFilesCleanUp\libgdal-2.2.1\gdalmanage\x86\Release\gdalmanage.lib" /MACHINE:X86 "K:\Components\LibraryV2\GDAL\GDAL_2.2.x_VC_NoIntFilesCleanUp\libgdal-2.2.1\gdalmanage\x86\Release\gdalmanage.obj"
            Creating library K:\Components\LibraryV2\GDAL\GDAL_2.2.x_VC_NoIntFilesCleanUp\libgdal-2.2.1\gdalmanage\x86\Release\gdalmanage.lib and object K:\Components\LibraryV2\GDAL\GDAL_2.2.x_VC_NoIntFilesCleanUp\libgdal-2.2.1\gdalmanage\x86\Release\gdalmanage.exp
         Generating code
         Finished generating code
         gdalmanage.vcxproj -> K:\Components\LibraryV2\GDAL\GDAL_2.2.x_VC_NoIntFilesCleanUp\libgdal-2.2.1\gdalmanage\x86\Release\gdalmanage.exe
       Manifest:
         C:\Program Files (x86)\Microsoft SDKs\Windows\v7.0A\bin\mt.exe /nologo /verbose /outputresource:"K:\Components\LibraryV2\GDAL\GDAL_2.2.x_VC_NoIntFilesCleanUp\libgdal-2.2.1\gdalmanage\x86\Release\gdalmanage.exe;#1" /manifest "K:\Components\LibraryV2\GDAL\GDAL_2.2.x_VC_NoIntFilesCleanUp\libgdal-2.2.1\gdalmanage\x86\Release\gdalmanage.exe.intermediate.manifest"
       PostBuildEvent:
         copy K:\Components\LibraryV2\GDAL\GDAL_2.2.x_VC_NoIntFilesCleanUp\libgdal-2.2.1\gdalmanage\x86\Release\gdalmanage.exe K:\Components\LibraryV2\GDAL\GDAL_2.2.x_VC_NoIntFilesCleanUp\libgdal-2.2.1\binaries\dll\x86\Release\gdalmanage.exe
         :VCEnd
                 1 fichier(s) copié(s).
       FinalizeBuildStatus:
         Deleting file "K:\Components\LibraryV2\GDAL\GDAL_2.2.x_VC_NoIntFilesCleanUp\libgdal-2.2.1\gdalmanage\x86\Release\gdalmanage.unsuccessfulbuild".
         Touching "K:\Components\LibraryV2\GDAL\GDAL_2.2.x_VC_NoIntFilesCleanUp\libgdal-2.2.1\gdalmanage\x86\Release\gdalmanage.lastbuildstate".
     1>Done Building Project "K:\Components\LibraryV2\GDAL\GDAL_2.2.x_VC_NoIntFilesCleanUp\libgdal-2.2.1\gdalmanage\gdalmanage.vcxproj" (build target(s)).

Build succeeded.

Time Elapsed 00:00:01.79
