Build started 24/05/2017 11:05:23.
     1>Project "K:\Components\LibraryV2\GDAL\GDAL_2.2.x_VC_NoIntFilesCleanUp\3rdpart\xerces-c-3.1.4\projects\XercesLib\XercesLib.vcxproj" on node 2 (rebuild target(s)).
     1>InitializeBuildStatus:
         Creating "K:\Components\LibraryV2\GDAL\GDAL_2.2.x_VC_NoIntFilesCleanUp\3rdpart\xerces-c-3.1.4\projects\XercesLib\x86\Release\XercesLib.unsuccessfulbuild" because "AlwaysCreate" was specified.
       CustomBuild:
         Performing Custom Build Tools
         copy "K:\Components\LibraryV2\GDAL\GDAL_2.2.x_VC_NoIntFilesCleanUp\3rdpart\xerces-c-3.1.4\src\xercesc\util\Xerces_autoconf_config.msvc.hpp" "K:\Components\LibraryV2\GDAL\GDAL_2.2.x_VC_NoIntFilesCleanUp\3rdpart\xerces-c-3.1.4\src\xercesc\util\Xerces_autoconf_config.hpp"
                 1 fichier(s) copié(s).
       ClCompile:
         c:\Program Files (x86)\Microsoft Visual Studio 10.0\VC\bin\CL.exe /c /I..\..\src /Zi /nologo /W3 /WX- /O1 /Ob2 /Oy- /GL /D _CRT_SECURE_NO_DEPRECATE /D NDEBUG /D WIN32 /D _WINDOWS /D XERCES_BUILDING_LIBRARY /D XERCES_USE_TRANSCODER_WINDOWS /D XERCES_USE_WIN32_MSGLOADER /D XERCES_USE_NETACCESSOR_WINSOCK /D XERCES_USE_FILEMGR_WINDOWS /D XERCES_USE_MUTEXMGR_WINDOWS /D XERCES_PATH_DELIMITER_BACKSLASH /D HAVE_STRICMP /D HAVE_STRNICMP /D HAVE_LIMITS_H /D HAVE_SYS_TIMEB_H /D HAVE_FTIME /D HAVE_WCSUPR /D HAVE_WCSLWR /D HAVE_WCSICMP /D HAVE_WCSNICMP /D _WINDLL /D _MBCS /GF /Gm- /EHsc /MD /GS /Gy /fp:precise /Zc:wchar_t /Zc:forScope /Fo"K:\Components\LibraryV2\GDAL\GDAL_2.2.x_VC_NoIntFilesCleanUp\3rdpart\xerces-c-3.1.4\projects\XercesLib\x86\Release\\" /Fd"K:\Components\LibraryV2\GDAL\GDAL_2.2.x_VC_NoIntFilesCleanUp\3rdpart\xerces-c-3.1.4\projects\XercesLib\x86\Release\xerces-c-3-1-4.pdb" /Gd /TP /wd4996 /analyze- /errorReport:prompt ..\..\src\xercesc\util\Base64.cpp ..\..\src\xercesc\util\BinFileInputStream.cpp ..\..\src\xercesc\util\BinInputStream.cpp ..\..\src\xercesc\util\BinMemInputStream.cpp ..\..\src\xercesc\util\BitSet.cpp ..\..\src\xercesc\util\DefaultPanicHandler.cpp ..\..\src\xercesc\util\EncodingValidator.cpp ..\..\src\xercesc\util\HeaderDummy.cpp ..\..\src\xercesc\util\HexBin.cpp ..\..\src\xercesc\util\KVStringPair.cpp ..\..\src\xercesc\util\Mutexes.cpp ..\..\src\xercesc\util\PanicHandler.cpp ..\..\src\xercesc\util\PlatformUtils.cpp ..\..\src\xercesc\util\PSVIUni.cpp ..\..\src\xercesc\util\QName.cpp ..\..\src\xercesc\util\StringPool.cpp ..\..\src\xercesc\util\SynchronizedStringPool.cpp ..\..\src\xercesc\util\TransService.cpp ..\..\src\xercesc\util\XMemory.cpp ..\..\src\xercesc\util\XML256TableTranscoder.cpp ..\..\src\xercesc\util\XML88591Transcoder.cpp ..\..\src\xercesc\util\XMLAbstractDoubleFloat.cpp ..\..\src\xercesc\util\XMLASCIITranscoder.cpp ..\..\src\xercesc\util\XMLBigDecimal.cpp ..\..\src\xercesc\util\XMLBigInteger.cpp ..\..\src\xercesc\util\XMLChar.cpp ..\..\src\xercesc\util\XMLChTranscoder.cpp ..\..\src\xercesc\util\XMLDateTime.cpp ..\..\src\xercesc\util\XMLDouble.cpp ..\..\src\xercesc\util\XMLEBCDICTranscoder.cpp ..\..\src\xercesc\util\XMLException.cpp ..\..\src\xercesc\util\XMLFloat.cpp ..\..\src\xercesc\util\XMLIBM1047Transcoder.cpp ..\..\src\xercesc\util\XMLIBM1140Transcoder.cpp ..\..\src\xercesc\util\XMLInitializer.cpp ..\..\src\xercesc\util\XMLMsgLoader.cpp ..\..\src\xercesc\util\XMLNumber.cpp ..\..\src\xercesc\util\XMLString.cpp ..\..\src\xercesc\util\XMLStringTokenizer.cpp ..\..\src\xercesc\util\XMLUCS4Transcoder.cpp ..\..\src\xercesc\util\XMLUni.cpp ..\..\src\xercesc\util\XMLUri.cpp ..\..\src\xercesc\util\XMLURL.cpp ..\..\src\xercesc\util\XMLUTF16Transcoder.cpp ..\..\src\xercesc\util\XMLUTF8Transcoder.cpp ..\..\src\xercesc\util\XMLWin1252Transcoder.cpp ..\..\src\xercesc\util\MsgLoaders\Win32\Win32MsgLoader.cpp ..\..\src\xercesc\util\Transcoders\Win32\Win32TransService.cpp ..\..\src\xercesc\util\NetAccessors\BinHTTPInputStreamCommon.cpp ..\..\src\xercesc\util\NetAccessors\WinSock\BinHTTPURLInputStream.cpp ..\..\src\xercesc\util\NetAccessors\WinSock\WinSockNetAccessor.cpp ..\..\src\xercesc\util\regx\ASCIIRangeFactory.cpp ..\..\src\xercesc\util\regx\BlockRangeFactory.cpp ..\..\src\xercesc\util\regx\BMPattern.cpp ..\..\src\xercesc\util\regx\CharToken.cpp ..\..\src\xercesc\util\regx\ClosureToken.cpp ..\..\src\xercesc\util\regx\ConcatToken.cpp ..\..\src\xercesc\util\regx\Match.cpp ..\..\src\xercesc\util\regx\Op.cpp ..\..\src\xercesc\util\regx\OpFactory.cpp ..\..\src\xercesc\util\regx\ParenToken.cpp ..\..\src\xercesc\util\regx\ParserForXMLSchema.cpp ..\..\src\xercesc\util\regx\RangeFactory.cpp ..\..\src\xercesc\util\regx\RangeToken.cpp ..\..\src\xercesc\util\regx\RangeTokenMap.cpp ..\..\src\xercesc\util\regx\RegularExpression.cpp ..\..\src\xercesc\util\regx\RegxParser.cpp ..\..\src\xercesc\util\regx\RegxUtil.cpp ..\..\src\xercesc\util\regx\StringToken.cpp ..\..\src\xercesc\util\regx\Token.cpp ..\..\src\xercesc\util\regx\TokenFactory.cpp ..\..\src\xercesc\util\regx\UnicodeRangeFactory.cpp ..\..\src\xercesc\util\regx\UnionToken.cpp ..\..\src\xercesc\util\regx\XMLRangeFactory.cpp ..\..\src\xercesc\util\regx\XMLUniCharacter.cpp ..\..\src\xercesc\util\FileManagers\WindowsFileMgr.cpp ..\..\src\xercesc\util\MutexManagers\WindowsMutexMgr.cpp ..\..\src\xercesc\framework\LocalFileFormatTarget.cpp ..\..\src\xercesc\framework\LocalFileInputSource.cpp ..\..\src\xercesc\framework\MemBufFormatTarget.cpp ..\..\src\xercesc\framework\MemBufInputSource.cpp ..\..\src\xercesc\framework\StdInInputSource.cpp ..\..\src\xercesc\framework\StdOutFormatTarget.cpp ..\..\src\xercesc\framework\URLInputSource.cpp ..\..\src\xercesc\framework\Wrapper4DOMLSInput.cpp ..\..\src\xercesc\framework\Wrapper4InputSource.cpp ..\..\src\xercesc\framework\XMLAttDef.cpp ..\..\src\xercesc\framework\XMLAttDefList.cpp ..\..\src\xercesc\framework\XMLAttr.cpp ..\..\src\xercesc\framework\XMLBuffer.cpp ..\..\src\xercesc\framework\XMLBufferMgr.cpp ..\..\src\xercesc\framework\XMLContentModel.cpp ..\..\src\xercesc\framework\XMLDTDDescription.cpp ..\..\src\xercesc\framework\XMLElementDecl.cpp ..\..\src\xercesc\framework\XMLEntityDecl.cpp ..\..\src\xercesc\framework\XMLFormatter.cpp ..\..\src\xercesc\framework\XMLGrammarDescription.cpp ..\..\src\xercesc\framework\XMLGrammarPoolImpl.cpp ..\..\src\xercesc\framework\XMLNotationDecl.cpp ..\..\src\xercesc\framework\XMLRecognizer.cpp ..\..\src\xercesc\framework\XMLRefInfo.cpp ..\..\src\xercesc\framework\XMLSchemaDescription.cpp ..\..\src\xercesc\framework\XMLValidator.cpp ..\..\src\xercesc\framework\psvi\PSVIAttribute.cpp ..\..\src\xercesc\framework\psvi\PSVIAttributeList.cpp ..\..\src\xercesc\framework\psvi\PSVIElement.cpp ..\..\src\xercesc\framework\psvi\PSVIItem.cpp ..\..\src\xercesc\framework\psvi\XSAnnotation.cpp ..\..\src\xercesc\framework\psvi\XSAttributeDeclaration.cpp ..\..\src\xercesc\framework\psvi\XSAttributeGroupDefinition.cpp ..\..\src\xercesc\framework\psvi\XSAttributeUse.cpp ..\..\src\xercesc\framework\psvi\XSComplexTypeDefinition.cpp ..\..\src\xercesc\framework\psvi\XSElementDeclaration.cpp ..\..\src\xercesc\framework\psvi\XSFacet.cpp ..\..\src\xercesc\framework\psvi\XSIDCDefinition.cpp ..\..\src\xercesc\framework\psvi\XSModel.cpp ..\..\src\xercesc\framework\psvi\XSModelGroup.cpp ..\..\src\xercesc\framework\psvi\XSModelGroupDefinition.cpp ..\..\src\xercesc\framework\psvi\XSMultiValueFacet.cpp ..\..\src\xercesc\framework\psvi\XSNamespaceItem.cpp ..\..\src\xercesc\framework\psvi\XSNotationDeclaration.cpp ..\..\src\xercesc\framework\psvi\XSObject.cpp ..\..\src\xercesc\framework\psvi\XSParticle.cpp ..\..\src\xercesc\framework\psvi\XSSimpleTypeDefinition.cpp ..\..\src\xercesc\framework\psvi\XSTypeDefinition.cpp ..\..\src\xercesc\framework\psvi\XSValue.cpp ..\..\src\xercesc\framework\psvi\XSWildcard.cpp ..\..\src\xercesc\internal\BinFileOutputStream.cpp ..\..\src\xercesc\internal\BinMemOutputStream.cpp ..\..\src\xercesc\framework\BinOutputStream.cpp ..\..\src\xercesc\internal\DGXMLScanner.cpp ..\..\src\xercesc\internal\ElemStack.cpp ..\..\src\xercesc\internal\IGXMLScanner.cpp ..\..\src\xercesc\internal\IGXMLScanner2.cpp ..\..\src\xercesc\internal\MemoryManagerImpl.cpp ..\..\src\xercesc\internal\ReaderMgr.cpp ..\..\src\xercesc\internal\SGXMLScanner.cpp ..\..\src\xercesc\internal\ValidationContextImpl.cpp ..\..\src\xercesc\internal\VecAttributesImpl.cpp ..\..\src\xercesc\internal\VecAttrListImpl.cpp ..\..\src\xercesc\internal\WFXMLScanner.cpp ..\..\src\xercesc\internal\XMLReader.cpp ..\..\src\xercesc\internal\XMLScanner.cpp ..\..\src\xercesc\internal\XMLScannerResolver.cpp ..\..\src\xercesc\internal\XProtoType.cpp ..\..\src\xercesc\internal\XSAXMLScanner.cpp ..\..\src\xercesc\internal\XSerializeEngine.cpp ..\..\src\xercesc\internal\XSObjectFactory.cpp ..\..\src\xercesc\internal\XTemplateSerializer.cpp ..\..\src\xercesc\sax\Dummy.cpp ..\..\src\xercesc\sax\InputSource.cpp ..\..\src\xercesc\sax\SAXException.cpp ..\..\src\xercesc\sax\SAXParseException.cpp ..\..\src\xercesc\parsers\AbstractDOMParser.cpp ..\..\src\xercesc\parsers\DOMLSParserImpl.cpp ..\..\src\xercesc\parsers\SAX2XMLFilterImpl.cpp ..\..\src\xercesc\parsers\SAX2XMLReaderImpl.cpp ..\..\src\xercesc\parsers\SAXParser.cpp ..\..\src\xercesc\parsers\XercesDOMParser.cpp ..\..\src\xercesc\validators\common\AllContentModel.cpp ..\..\src\xercesc\validators\common\CMAny.cpp ..\..\src\xercesc\validators\common\CMBinaryOp.cpp ..\..\src\xercesc\validators\common\CMUnaryOp.cpp ..\..\src\xercesc\validators\common\ContentLeafNameTypeVector.cpp ..\..\src\xercesc\validators\common\ContentSpecNode.cpp ..\..\src\xercesc\validators\common\DFAContentModel.cpp ..\..\src\xercesc\validators\common\Grammar.cpp ..\..\src\xercesc\validators\common\GrammarResolver.cpp ..\..\src\xercesc\validators\common\MixedContentModel.cpp ..\..\src\xercesc\validators\common\SimpleContentModel.cpp ..\..\src\xercesc\validators\datatype\AbstractNumericFacetValidator.cpp ..\..\src\xercesc\validators\datatype\AbstractNumericValidator.cpp ..\..\src\xercesc\validators\datatype\AbstractStringValidator.cpp ..\..\src\xercesc\validators\datatype\AnySimpleTypeDatatypeValidator.cpp ..\..\src\xercesc\validators\datatype\AnyURIDatatypeValidator.cpp ..\..\src\xercesc\validators\datatype\Base64BinaryDatatypeValidator.cpp ..\..\src\xercesc\validators\datatype\BooleanDatatypeValidator.cpp ..\..\src\xercesc\validators\datatype\DatatypeValidator.cpp ..\..\src\xercesc\validators\datatype\DatatypeValidatorFactory.cpp ..\..\src\xercesc\validators\datatype\DateDatatypeValidator.cpp ..\..\src\xercesc\validators\datatype\DateTimeDatatypeValidator.cpp ..\..\src\xercesc\validators\datatype\DateTimeValidator.cpp ..\..\src\xercesc\validators\datatype\DayDatatypeValidator.cpp ..\..\src\xercesc\validators\datatype\DecimalDatatypeValidator.cpp ..\..\src\xercesc\validators\datatype\DoubleDatatypeValidator.cpp ..\..\src\xercesc\validators\datatype\DurationDatatypeValidator.cpp ..\..\src\xercesc\validators\datatype\ENTITYDatatypeValidator.cpp ..\..\src\xercesc\validators\datatype\FloatDatatypeValidator.cpp ..\..\src\xercesc\validators\datatype\HexBinaryDatatypeValidator.cpp ..\..\src\xercesc\validators\datatype\IDDatatypeValidator.cpp ..\..\src\xercesc\validators\datatype\IDREFDatatypeValidator.cpp ..\..\src\xercesc\validators\datatype\ListDatatypeValidator.cpp ..\..\src\xercesc\validators\datatype\MonthDatatypeValidator.cpp ..\..\src\xercesc\validators\datatype\MonthDayDatatypeValidator.cpp ..\..\src\xercesc\validators\datatype\NameDatatypeValidator.cpp ..\..\src\xercesc\validators\datatype\NCNameDatatypeValidator.cpp ..\..\src\xercesc\validators\datatype\NOTATIONDatatypeValidator.cpp ..\..\src\xercesc\validators\datatype\QNameDatatypeValidator.cpp ..\..\src\xercesc\validators\datatype\StringDatatypeValidator.cpp ..\..\src\xercesc\validators\datatype\TimeDatatypeValidator.cpp ..\..\src\xercesc\validators\datatype\UnionDatatypeValidator.cpp ..\..\src\xercesc\validators\datatype\XMLCanRepGroup.cpp ..\..\src\xercesc\validators\datatype\YearDatatypeValidator.cpp ..\..\src\xercesc\validators\datatype\YearMonthDatatypeValidator.cpp ..\..\src\xercesc\validators\DTD\DTDAttDef.cpp ..\..\src\xercesc\validators\DTD\DTDAttDefList.cpp ..\..\src\xercesc\validators\DTD\DTDElementDecl.cpp ..\..\src\xercesc\validators\DTD\DTDEntityDecl.cpp ..\..\src\xercesc\validators\DTD\DTDGrammar.cpp ..\..\src\xercesc\validators\DTD\DTDScanner.cpp ..\..\src\xercesc\validators\DTD\DTDValidator.cpp ..\..\src\xercesc\validators\DTD\XMLDTDDescriptionImpl.cpp ..\..\src\xercesc\validators\schema\ComplexTypeInfo.cpp ..\..\src\xercesc\validators\schema\GeneralAttributeCheck.cpp ..\..\src\xercesc\validators\schema\NamespaceScope.cpp ..\..\src\xercesc\validators\schema\SchemaAttDef.cpp ..\..\src\xercesc\validators\schema\SchemaAttDefList.cpp ..\..\src\xercesc\validators\schema\SchemaElementDecl.cpp ..\..\src\xercesc\validators\schema\SchemaGrammar.cpp ..\..\src\xercesc\validators\schema\SchemaInfo.cpp ..\..\src\xercesc\validators\schema\SchemaSymbols.cpp ..\..\src\xercesc\validators\schema\SchemaValidator.cpp ..\..\src\xercesc\validators\schema\SubstitutionGroupComparator.cpp ..\..\src\xercesc\validators\schema\TraverseSchema.cpp ..\..\src\xercesc\validators\schema\XercesAttGroupInfo.cpp ..\..\src\xercesc\validators\schema\XercesElementWildcard.cpp ..\..\src\xercesc\validators\schema\XercesGroupInfo.cpp ..\..\src\xercesc\validators\schema\XMLSchemaDescriptionImpl.cpp ..\..\src\xercesc\validators\schema\XSDDOMParser.cpp ..\..\src\xercesc\validators\schema\XSDErrorReporter.cpp ..\..\src\xercesc\validators\schema\XSDLocator.cpp ..\..\src\xercesc\validators\schema\XUtil.cpp ..\..\src\xercesc\validators\schema\identity\FieldActivator.cpp ..\..\src\xercesc\validators\schema\identity\FieldValueMap.cpp ..\..\src\xercesc\validators\schema\identity\IC_Field.cpp ..\..\src\xercesc\validators\schema\identity\IC_Key.cpp ..\..\src\xercesc\validators\schema\identity\IC_KeyRef.cpp ..\..\src\xercesc\validators\schema\identity\IC_Selector.cpp ..\..\src\xercesc\validators\schema\identity\IC_Unique.cpp ..\..\src\xercesc\validators\schema\identity\IdentityConstraint.cpp ..\..\src\xercesc\validators\schema\identity\IdentityConstraintHandler.cpp ..\..\src\xercesc\validators\schema\identity\ValueStore.cpp ..\..\src\xercesc\validators\schema\identity\ValueStoreCache.cpp ..\..\src\xercesc\validators\schema\identity\XercesXPath.cpp ..\..\src\xercesc\validators\schema\identity\XPathMatcher.cpp ..\..\src\xercesc\validators\schema\identity\XPathMatcherStack.cpp ..\..\src\xercesc\validators\schema\identity\XPathSymbols.cpp ..\..\src\xercesc\sax2\sax2Dummy.cpp ..\..\src\xercesc\dom\DOMException.cpp ..\..\src\xercesc\dom\DOMLSException.cpp ..\..\src\xercesc\dom\DOMRangeException.cpp ..\..\src\xercesc\dom\DOMXPathException.cpp ..\..\src\xercesc\dom\impl\DOMAttrImpl.cpp ..\..\src\xercesc\dom\impl\DOMAttrMapImpl.cpp ..\..\src\xercesc\dom\impl\DOMAttrNSImpl.cpp ..\..\src\xercesc\dom\impl\DOMCDATASectionImpl.cpp ..\..\src\xercesc\dom\impl\DOMCharacterDataImpl.cpp ..\..\src\xercesc\dom\impl\DOMChildNode.cpp ..\..\src\xercesc\dom\impl\DOMCommentImpl.cpp ..\..\src\xercesc\dom\impl\DOMConfigurationImpl.cpp ..\..\src\xercesc\dom\impl\DOMDeepNodeListImpl.cpp ..\..\src\xercesc\dom\impl\DOMDocumentFragmentImpl.cpp ..\..\src\xercesc\dom\impl\DOMDocumentImpl.cpp ..\..\src\xercesc\dom\impl\DOMDocumentTypeImpl.cpp ..\..\src\xercesc\dom\impl\DOMElementImpl.cpp ..\..\src\xercesc\dom\impl\DOMElementNSImpl.cpp ..\..\src\xercesc\dom\impl\DOMEntityImpl.cpp ..\..\src\xercesc\dom\impl\DOMEntityReferenceImpl.cpp ..\..\src\xercesc\dom\impl\DOMErrorImpl.cpp ..\..\src\xercesc\dom\impl\DOMImplementationImpl.cpp ..\..\src\xercesc\dom\impl\DOMImplementationListImpl.cpp ..\..\src\xercesc\dom\impl\DOMImplementationRegistry.cpp ..\..\src\xercesc\dom\impl\DOMLocatorImpl.cpp ..\..\src\xercesc\dom\impl\DOMLSInputImpl.cpp ..\..\src\xercesc\dom\impl\DOMLSOutputImpl.cpp ..\..\src\xercesc\dom\impl\DOMLSSerializerImpl.cpp ..\..\src\xercesc\dom\impl\DOMNamedNodeMapImpl.cpp ..\..\src\xercesc\dom\impl\DOMNodeIDMap.cpp ..\..\src\xercesc\dom\impl\DOMNodeImpl.cpp ..\..\src\xercesc\dom\impl\DOMNodeIteratorImpl.cpp ..\..\src\xercesc\dom\impl\DOMNodeListImpl.cpp ..\..\src\xercesc\dom\impl\DOMNodeVector.cpp ..\..\src\xercesc\dom\impl\DOMNormalizer.cpp ..\..\src\xercesc\dom\impl\DOMNotationImpl.cpp ..\..\src\xercesc\dom\impl\DOMParentNode.cpp ..\..\src\xercesc\dom\impl\DOMProcessingInstructionImpl.cpp ..\..\src\xercesc\dom\impl\DOMRangeImpl.cpp ..\..\src\xercesc\dom\impl\DOMStringListImpl.cpp ..\..\src\xercesc\dom\impl\DOMStringPool.cpp ..\..\src\xercesc\dom\impl\DOMTextImpl.cpp ..\..\src\xercesc\dom\impl\DOMTreeWalkerImpl.cpp ..\..\src\xercesc\dom\impl\DOMTypeInfoImpl.cpp ..\..\src\xercesc\dom\impl\DOMXPathExpressionImpl.cpp ..\..\src\xercesc\dom\impl\DOMXPathNSResolverImpl.cpp ..\..\src\xercesc\dom\impl\DOMXPathResultImpl.cpp ..\..\src\xercesc\dom\impl\XSDElementNSImpl.cpp ..\..\src\xercesc\xinclude\XIncludeDOMDocumentProcessor.cpp ..\..\src\xercesc\xinclude\XIncludeLocation.cpp ..\..\src\xercesc\xinclude\XIncludeUtils.cpp
         Base64.cpp
         BinFileInputStream.cpp
         BinInputStream.cpp
         BinMemInputStream.cpp
         BitSet.cpp
         DefaultPanicHandler.cpp
         EncodingValidator.cpp
         HeaderDummy.cpp
         HexBin.cpp
         KVStringPair.cpp
         Mutexes.cpp
         PanicHandler.cpp
         PlatformUtils.cpp
         PSVIUni.cpp
         QName.cpp
         StringPool.cpp
         SynchronizedStringPool.cpp
         TransService.cpp
         XMemory.cpp
         XML256TableTranscoder.cpp
         Compiling...
         XML88591Transcoder.cpp
         XMLAbstractDoubleFloat.cpp
         XMLASCIITranscoder.cpp
         XMLBigDecimal.cpp
         XMLBigInteger.cpp
         XMLChar.cpp
         XMLChTranscoder.cpp
         XMLDateTime.cpp
         XMLDouble.cpp
         XMLEBCDICTranscoder.cpp
         XMLException.cpp
         XMLFloat.cpp
         XMLIBM1047Transcoder.cpp
         XMLIBM1140Transcoder.cpp
         XMLInitializer.cpp
         XMLMsgLoader.cpp
         XMLNumber.cpp
         XMLString.cpp
         XMLStringTokenizer.cpp
         XMLUCS4Transcoder.cpp
         Compiling...
         XMLUni.cpp
         XMLUri.cpp
         XMLURL.cpp
         XMLUTF16Transcoder.cpp
         XMLUTF8Transcoder.cpp
         XMLWin1252Transcoder.cpp
         Win32MsgLoader.cpp
         Win32TransService.cpp
         BinHTTPInputStreamCommon.cpp
         BinHTTPURLInputStream.cpp
         WinSockNetAccessor.cpp
         ASCIIRangeFactory.cpp
         BlockRangeFactory.cpp
         BMPattern.cpp
         CharToken.cpp
         ClosureToken.cpp
         ConcatToken.cpp
         Match.cpp
         Op.cpp
         OpFactory.cpp
         Compiling...
         ParenToken.cpp
         ParserForXMLSchema.cpp
         RangeFactory.cpp
         RangeToken.cpp
         RangeTokenMap.cpp
         RegularExpression.cpp
         RegxParser.cpp
         RegxUtil.cpp
         StringToken.cpp
         Token.cpp
         TokenFactory.cpp
         UnicodeRangeFactory.cpp
         UnionToken.cpp
         XMLRangeFactory.cpp
         XMLUniCharacter.cpp
         WindowsFileMgr.cpp
         WindowsMutexMgr.cpp
         LocalFileFormatTarget.cpp
         LocalFileInputSource.cpp
         MemBufFormatTarget.cpp
         Compiling...
         MemBufInputSource.cpp
         StdInInputSource.cpp
         StdOutFormatTarget.cpp
         URLInputSource.cpp
         Wrapper4DOMLSInput.cpp
         Wrapper4InputSource.cpp
         XMLAttDef.cpp
         XMLAttDefList.cpp
         XMLAttr.cpp
         XMLBuffer.cpp
         XMLBufferMgr.cpp
         XMLContentModel.cpp
         XMLDTDDescription.cpp
         XMLElementDecl.cpp
         XMLEntityDecl.cpp
         XMLFormatter.cpp
         XMLGrammarDescription.cpp
         XMLGrammarPoolImpl.cpp
         XMLNotationDecl.cpp
         XMLRecognizer.cpp
         Compiling...
         XMLRefInfo.cpp
         XMLSchemaDescription.cpp
         XMLValidator.cpp
         PSVIAttribute.cpp
         PSVIAttributeList.cpp
         PSVIElement.cpp
         PSVIItem.cpp
         XSAnnotation.cpp
         XSAttributeDeclaration.cpp
         XSAttributeGroupDefinition.cpp
         XSAttributeUse.cpp
         XSComplexTypeDefinition.cpp
         XSElementDeclaration.cpp
         XSFacet.cpp
         XSIDCDefinition.cpp
         XSModel.cpp
         XSModelGroup.cpp
         XSModelGroupDefinition.cpp
         XSMultiValueFacet.cpp
         XSNamespaceItem.cpp
         Compiling...
         XSNotationDeclaration.cpp
         XSObject.cpp
         XSParticle.cpp
         XSSimpleTypeDefinition.cpp
         XSTypeDefinition.cpp
         XSValue.cpp
         XSWildcard.cpp
         BinFileOutputStream.cpp
         BinMemOutputStream.cpp
         BinOutputStream.cpp
         DGXMLScanner.cpp
         ElemStack.cpp
         IGXMLScanner.cpp
         IGXMLScanner2.cpp
         MemoryManagerImpl.cpp
         ReaderMgr.cpp
         SGXMLScanner.cpp
         ValidationContextImpl.cpp
         VecAttributesImpl.cpp
         VecAttrListImpl.cpp
         Compiling...
         WFXMLScanner.cpp
         XMLReader.cpp
         XMLScanner.cpp
         XMLScannerResolver.cpp
         XProtoType.cpp
         XSAXMLScanner.cpp
         XSerializeEngine.cpp
         XSObjectFactory.cpp
         XTemplateSerializer.cpp
         Dummy.cpp
         InputSource.cpp
         SAXException.cpp
         SAXParseException.cpp
         AbstractDOMParser.cpp
         DOMLSParserImpl.cpp
         SAX2XMLFilterImpl.cpp
         SAX2XMLReaderImpl.cpp
         SAXParser.cpp
         XercesDOMParser.cpp
         AllContentModel.cpp
         Compiling...
         CMAny.cpp
         CMBinaryOp.cpp
         CMUnaryOp.cpp
         ContentLeafNameTypeVector.cpp
         ContentSpecNode.cpp
         DFAContentModel.cpp
         Grammar.cpp
         GrammarResolver.cpp
         MixedContentModel.cpp
         SimpleContentModel.cpp
         AbstractNumericFacetValidator.cpp
         AbstractNumericValidator.cpp
         AbstractStringValidator.cpp
         AnySimpleTypeDatatypeValidator.cpp
         AnyURIDatatypeValidator.cpp
         Base64BinaryDatatypeValidator.cpp
         BooleanDatatypeValidator.cpp
         DatatypeValidator.cpp
         DatatypeValidatorFactory.cpp
         DateDatatypeValidator.cpp
         Compiling...
         DateTimeDatatypeValidator.cpp
         DateTimeValidator.cpp
         DayDatatypeValidator.cpp
         DecimalDatatypeValidator.cpp
         DoubleDatatypeValidator.cpp
         DurationDatatypeValidator.cpp
         ENTITYDatatypeValidator.cpp
         FloatDatatypeValidator.cpp
         HexBinaryDatatypeValidator.cpp
         IDDatatypeValidator.cpp
         IDREFDatatypeValidator.cpp
         ListDatatypeValidator.cpp
         MonthDatatypeValidator.cpp
         MonthDayDatatypeValidator.cpp
         NameDatatypeValidator.cpp
         NCNameDatatypeValidator.cpp
         NOTATIONDatatypeValidator.cpp
         QNameDatatypeValidator.cpp
         StringDatatypeValidator.cpp
         TimeDatatypeValidator.cpp
         Compiling...
         UnionDatatypeValidator.cpp
         XMLCanRepGroup.cpp
         YearDatatypeValidator.cpp
         YearMonthDatatypeValidator.cpp
         DTDAttDef.cpp
         DTDAttDefList.cpp
         DTDElementDecl.cpp
         DTDEntityDecl.cpp
         DTDGrammar.cpp
         DTDScanner.cpp
         DTDValidator.cpp
         XMLDTDDescriptionImpl.cpp
         ComplexTypeInfo.cpp
         GeneralAttributeCheck.cpp
         NamespaceScope.cpp
         SchemaAttDef.cpp
         SchemaAttDefList.cpp
         SchemaElementDecl.cpp
         SchemaGrammar.cpp
         SchemaInfo.cpp
         Compiling...
         SchemaSymbols.cpp
         SchemaValidator.cpp
         SubstitutionGroupComparator.cpp
         TraverseSchema.cpp
         XercesAttGroupInfo.cpp
         XercesElementWildcard.cpp
         XercesGroupInfo.cpp
         XMLSchemaDescriptionImpl.cpp
         XSDDOMParser.cpp
         XSDErrorReporter.cpp
         XSDLocator.cpp
         XUtil.cpp
         FieldActivator.cpp
         FieldValueMap.cpp
         IC_Field.cpp
         IC_Key.cpp
         IC_KeyRef.cpp
         IC_Selector.cpp
         IC_Unique.cpp
         IdentityConstraint.cpp
         Compiling...
         IdentityConstraintHandler.cpp
         ValueStore.cpp
         ValueStoreCache.cpp
         XercesXPath.cpp
         XPathMatcher.cpp
         XPathMatcherStack.cpp
         XPathSymbols.cpp
         sax2Dummy.cpp
         DOMException.cpp
         DOMLSException.cpp
         DOMRangeException.cpp
         DOMXPathException.cpp
         DOMAttrImpl.cpp
         DOMAttrMapImpl.cpp
         DOMAttrNSImpl.cpp
         DOMCDATASectionImpl.cpp
         DOMCharacterDataImpl.cpp
         DOMChildNode.cpp
         DOMCommentImpl.cpp
         DOMConfigurationImpl.cpp
         Compiling...
         DOMDeepNodeListImpl.cpp
         DOMDocumentFragmentImpl.cpp
         DOMDocumentImpl.cpp
     1>..\..\src\xercesc\dom\impl\DOMDocumentImpl.cpp(82): warning C4355: 'this' : used in base member initializer list
     1>..\..\src\xercesc\dom\impl\DOMDocumentImpl.cpp(83): warning C4355: 'this' : used in base member initializer list
     1>..\..\src\xercesc\dom\impl\DOMDocumentImpl.cpp(124): warning C4355: 'this' : used in base member initializer list
     1>..\..\src\xercesc\dom\impl\DOMDocumentImpl.cpp(125): warning C4355: 'this' : used in base member initializer list
         DOMDocumentTypeImpl.cpp
         DOMElementImpl.cpp
         DOMElementNSImpl.cpp
         DOMEntityImpl.cpp
         DOMEntityReferenceImpl.cpp
         DOMErrorImpl.cpp
         DOMImplementationImpl.cpp
         DOMImplementationListImpl.cpp
         DOMImplementationRegistry.cpp
         DOMLocatorImpl.cpp
         DOMLSInputImpl.cpp
         DOMLSOutputImpl.cpp
         DOMLSSerializerImpl.cpp
         DOMNamedNodeMapImpl.cpp
         DOMNodeIDMap.cpp
         DOMNodeImpl.cpp
         DOMNodeIteratorImpl.cpp
         Compiling...
         DOMNodeListImpl.cpp
         DOMNodeVector.cpp
         DOMNormalizer.cpp
         DOMNotationImpl.cpp
         DOMParentNode.cpp
     1>..\..\src\xercesc\dom\impl\DOMParentNode.cpp(35): warning C4355: 'this' : used in base member initializer list
     1>..\..\src\xercesc\dom\impl\DOMParentNode.cpp(42): warning C4355: 'this' : used in base member initializer list
         DOMProcessingInstructionImpl.cpp
         DOMRangeImpl.cpp
         DOMStringListImpl.cpp
         DOMStringPool.cpp
         DOMTextImpl.cpp
         DOMTreeWalkerImpl.cpp
         DOMTypeInfoImpl.cpp
         DOMXPathExpressionImpl.cpp
         DOMXPathNSResolverImpl.cpp
         DOMXPathResultImpl.cpp
         XSDElementNSImpl.cpp
         XIncludeDOMDocumentProcessor.cpp
         XIncludeLocation.cpp
         XIncludeUtils.cpp
       ResourceCompile:
         C:\Program Files (x86)\Microsoft SDKs\Windows\v7.0A\bin\rc.exe /D NDEBUG /l"0x0409" /I..\..\src\xercesc\util\MsgLoaders\Win32 /nologo /fo"K:\Components\LibraryV2\GDAL\GDAL_2.2.x_VC_NoIntFilesCleanUp\3rdpart\xerces-c-3.1.4\projects\XercesLib\x86\Release\Version.res" ..\..\src\xercesc\util\MsgLoaders\Win32\Version.rc 
     1>c:\Program Files (x86)\Microsoft Visual Studio 10.0\VC\include\string.h(54): warning RC4011: identifier truncated to '_CRT_SECURE_CPP_OVERLOAD_STANDA'
         
     1>c:\Program Files (x86)\Microsoft Visual Studio 10.0\VC\include\string.h(76): warning RC4011: identifier truncated to '_CRT_SECURE_CPP_OVERLOAD_SECURE'
         
       Link:
         c:\Program Files (x86)\Microsoft Visual Studio 10.0\VC\bin\link.exe /ERRORREPORT:PROMPT /OUT:"K:\Components\LibraryV2\GDAL\GDAL_2.2.x_VC_NoIntFilesCleanUp\3rdpart\xerces-c-3.1.4\projects\XercesLib\x86\Release\xerces-c-3-1-4.dll" /INCREMENTAL:NO /NOLOGO ws2_32.lib advapi32.lib kernel32.lib user32.lib gdi32.lib winspool.lib comdlg32.lib advapi32.lib shell32.lib ole32.lib oleaut32.lib uuid.lib odbc32.lib odbccp32.lib /MANIFEST /ManifestFile:"K:\Components\LibraryV2\GDAL\GDAL_2.2.x_VC_NoIntFilesCleanUp\3rdpart\xerces-c-3.1.4\projects\XercesLib\x86\Release\xerces-c-3-1-4.dll.intermediate.manifest" /MANIFESTUAC:"level='asInvoker' uiAccess='false'" /DEBUG /PDB:"K:\Components\LibraryV2\GDAL\GDAL_2.2.x_VC_NoIntFilesCleanUp\3rdpart\xerces-c-3.1.4\projects\XercesLib\x86\Release\xerces-c-3-1-4.pdb" /PDBSTRIPPED:"K:\Components\LibraryV2\GDAL\GDAL_2.2.x_VC_NoIntFilesCleanUp\3rdpart\xerces-c-3.1.4\projects\XercesLib\x86\Release\xerces-c-3-1-4.strip.pdb" /MAP:"K:\Components\LibraryV2\GDAL\GDAL_2.2.x_VC_NoIntFilesCleanUp\3rdpart\xerces-c-3.1.4\projects\XercesLib\x86\Release\xerces-c-3-1-4.map" /SUBSYSTEM:WINDOWS /OPT:REF /LTCG /TLBID:1 /RELEASE /BASE:"0x12000000" /DYNAMICBASE:NO /IMPLIB:"K:\Components\LibraryV2\GDAL\GDAL_2.2.x_VC_NoIntFilesCleanUp\3rdpart\xerces-c-3.1.4\projects\XercesLib\x86\Release\xerces-c-3-1-4.lib" /MACHINE:X86 /DLL "K:\Components\LibraryV2\GDAL\GDAL_2.2.x_VC_NoIntFilesCleanUp\3rdpart\xerces-c-3.1.4\projects\XercesLib\x86\Release\Version.res"
         "K:\Components\LibraryV2\GDAL\GDAL_2.2.x_VC_NoIntFilesCleanUp\3rdpart\xerces-c-3.1.4\projects\XercesLib\x86\Release\Base64.obj"
         "K:\Components\LibraryV2\GDAL\GDAL_2.2.x_VC_NoIntFilesCleanUp\3rdpart\xerces-c-3.1.4\projects\XercesLib\x86\Release\BinFileInputStream.obj"
         "K:\Components\LibraryV2\GDAL\GDAL_2.2.x_VC_NoIntFilesCleanUp\3rdpart\xerces-c-3.1.4\projects\XercesLib\x86\Release\BinInputStream.obj"
         "K:\Components\LibraryV2\GDAL\GDAL_2.2.x_VC_NoIntFilesCleanUp\3rdpart\xerces-c-3.1.4\projects\XercesLib\x86\Release\BinMemInputStream.obj"
         "K:\Components\LibraryV2\GDAL\GDAL_2.2.x_VC_NoIntFilesCleanUp\3rdpart\xerces-c-3.1.4\projects\XercesLib\x86\Release\BitSet.obj"
         "K:\Components\LibraryV2\GDAL\GDAL_2.2.x_VC_NoIntFilesCleanUp\3rdpart\xerces-c-3.1.4\projects\XercesLib\x86\Release\DefaultPanicHandler.obj"
         "K:\Components\LibraryV2\GDAL\GDAL_2.2.x_VC_NoIntFilesCleanUp\3rdpart\xerces-c-3.1.4\projects\XercesLib\x86\Release\EncodingValidator.obj"
         "K:\Components\LibraryV2\GDAL\GDAL_2.2.x_VC_NoIntFilesCleanUp\3rdpart\xerces-c-3.1.4\projects\XercesLib\x86\Release\HeaderDummy.obj"
         "K:\Components\LibraryV2\GDAL\GDAL_2.2.x_VC_NoIntFilesCleanUp\3rdpart\xerces-c-3.1.4\projects\XercesLib\x86\Release\HexBin.obj"
         "K:\Components\LibraryV2\GDAL\GDAL_2.2.x_VC_NoIntFilesCleanUp\3rdpart\xerces-c-3.1.4\projects\XercesLib\x86\Release\KVStringPair.obj"
         "K:\Components\LibraryV2\GDAL\GDAL_2.2.x_VC_NoIntFilesCleanUp\3rdpart\xerces-c-3.1.4\projects\XercesLib\x86\Release\Mutexes.obj"
         "K:\Components\LibraryV2\GDAL\GDAL_2.2.x_VC_NoIntFilesCleanUp\3rdpart\xerces-c-3.1.4\projects\XercesLib\x86\Release\PanicHandler.obj"
         "K:\Components\LibraryV2\GDAL\GDAL_2.2.x_VC_NoIntFilesCleanUp\3rdpart\xerces-c-3.1.4\projects\XercesLib\x86\Release\PlatformUtils.obj"
         "K:\Components\LibraryV2\GDAL\GDAL_2.2.x_VC_NoIntFilesCleanUp\3rdpart\xerces-c-3.1.4\projects\XercesLib\x86\Release\PSVIUni.obj"
         "K:\Components\LibraryV2\GDAL\GDAL_2.2.x_VC_NoIntFilesCleanUp\3rdpart\xerces-c-3.1.4\projects\XercesLib\x86\Release\QName.obj"
         "K:\Components\LibraryV2\GDAL\GDAL_2.2.x_VC_NoIntFilesCleanUp\3rdpart\xerces-c-3.1.4\projects\XercesLib\x86\Release\StringPool.obj"
         "K:\Components\LibraryV2\GDAL\GDAL_2.2.x_VC_NoIntFilesCleanUp\3rdpart\xerces-c-3.1.4\projects\XercesLib\x86\Release\SynchronizedStringPool.obj"
         "K:\Components\LibraryV2\GDAL\GDAL_2.2.x_VC_NoIntFilesCleanUp\3rdpart\xerces-c-3.1.4\projects\XercesLib\x86\Release\TransService.obj"
         "K:\Components\LibraryV2\GDAL\GDAL_2.2.x_VC_NoIntFilesCleanUp\3rdpart\xerces-c-3.1.4\projects\XercesLib\x86\Release\XMemory.obj"
         "K:\Components\LibraryV2\GDAL\GDAL_2.2.x_VC_NoIntFilesCleanUp\3rdpart\xerces-c-3.1.4\projects\XercesLib\x86\Release\XML256TableTranscoder.obj"
         "K:\Components\LibraryV2\GDAL\GDAL_2.2.x_VC_NoIntFilesCleanUp\3rdpart\xerces-c-3.1.4\projects\XercesLib\x86\Release\XML88591Transcoder.obj"
         "K:\Components\LibraryV2\GDAL\GDAL_2.2.x_VC_NoIntFilesCleanUp\3rdpart\xerces-c-3.1.4\projects\XercesLib\x86\Release\XMLAbstractDoubleFloat.obj"
         "K:\Components\LibraryV2\GDAL\GDAL_2.2.x_VC_NoIntFilesCleanUp\3rdpart\xerces-c-3.1.4\projects\XercesLib\x86\Release\XMLASCIITranscoder.obj"
         "K:\Components\LibraryV2\GDAL\GDAL_2.2.x_VC_NoIntFilesCleanUp\3rdpart\xerces-c-3.1.4\projects\XercesLib\x86\Release\XMLBigDecimal.obj"
         "K:\Components\LibraryV2\GDAL\GDAL_2.2.x_VC_NoIntFilesCleanUp\3rdpart\xerces-c-3.1.4\projects\XercesLib\x86\Release\XMLBigInteger.obj"
         "K:\Components\LibraryV2\GDAL\GDAL_2.2.x_VC_NoIntFilesCleanUp\3rdpart\xerces-c-3.1.4\projects\XercesLib\x86\Release\XMLChar.obj"
         "K:\Components\LibraryV2\GDAL\GDAL_2.2.x_VC_NoIntFilesCleanUp\3rdpart\xerces-c-3.1.4\projects\XercesLib\x86\Release\XMLChTranscoder.obj"
         "K:\Components\LibraryV2\GDAL\GDAL_2.2.x_VC_NoIntFilesCleanUp\3rdpart\xerces-c-3.1.4\projects\XercesLib\x86\Release\XMLDateTime.obj"
         "K:\Components\LibraryV2\GDAL\GDAL_2.2.x_VC_NoIntFilesCleanUp\3rdpart\xerces-c-3.1.4\projects\XercesLib\x86\Release\XMLDouble.obj"
         "K:\Components\LibraryV2\GDAL\GDAL_2.2.x_VC_NoIntFilesCleanUp\3rdpart\xerces-c-3.1.4\projects\XercesLib\x86\Release\XMLEBCDICTranscoder.obj"
         "K:\Components\LibraryV2\GDAL\GDAL_2.2.x_VC_NoIntFilesCleanUp\3rdpart\xerces-c-3.1.4\projects\XercesLib\x86\Release\XMLException.obj"
         "K:\Components\LibraryV2\GDAL\GDAL_2.2.x_VC_NoIntFilesCleanUp\3rdpart\xerces-c-3.1.4\projects\XercesLib\x86\Release\XMLFloat.obj"
         "K:\Components\LibraryV2\GDAL\GDAL_2.2.x_VC_NoIntFilesCleanUp\3rdpart\xerces-c-3.1.4\projects\XercesLib\x86\Release\XMLIBM1047Transcoder.obj"
         "K:\Components\LibraryV2\GDAL\GDAL_2.2.x_VC_NoIntFilesCleanUp\3rdpart\xerces-c-3.1.4\projects\XercesLib\x86\Release\XMLIBM1140Transcoder.obj"
         "K:\Components\LibraryV2\GDAL\GDAL_2.2.x_VC_NoIntFilesCleanUp\3rdpart\xerces-c-3.1.4\projects\XercesLib\x86\Release\XMLInitializer.obj"
         "K:\Components\LibraryV2\GDAL\GDAL_2.2.x_VC_NoIntFilesCleanUp\3rdpart\xerces-c-3.1.4\projects\XercesLib\x86\Release\XMLMsgLoader.obj"
         "K:\Components\LibraryV2\GDAL\GDAL_2.2.x_VC_NoIntFilesCleanUp\3rdpart\xerces-c-3.1.4\projects\XercesLib\x86\Release\XMLNumber.obj"
         "K:\Components\LibraryV2\GDAL\GDAL_2.2.x_VC_NoIntFilesCleanUp\3rdpart\xerces-c-3.1.4\projects\XercesLib\x86\Release\XMLString.obj"
         "K:\Components\LibraryV2\GDAL\GDAL_2.2.x_VC_NoIntFilesCleanUp\3rdpart\xerces-c-3.1.4\projects\XercesLib\x86\Release\XMLStringTokenizer.obj"
         "K:\Components\LibraryV2\GDAL\GDAL_2.2.x_VC_NoIntFilesCleanUp\3rdpart\xerces-c-3.1.4\projects\XercesLib\x86\Release\XMLUCS4Transcoder.obj"
         "K:\Components\LibraryV2\GDAL\GDAL_2.2.x_VC_NoIntFilesCleanUp\3rdpart\xerces-c-3.1.4\projects\XercesLib\x86\Release\XMLUni.obj"
         "K:\Components\LibraryV2\GDAL\GDAL_2.2.x_VC_NoIntFilesCleanUp\3rdpart\xerces-c-3.1.4\projects\XercesLib\x86\Release\XMLUri.obj"
         "K:\Components\LibraryV2\GDAL\GDAL_2.2.x_VC_NoIntFilesCleanUp\3rdpart\xerces-c-3.1.4\projects\XercesLib\x86\Release\XMLURL.obj"
         "K:\Components\LibraryV2\GDAL\GDAL_2.2.x_VC_NoIntFilesCleanUp\3rdpart\xerces-c-3.1.4\projects\XercesLib\x86\Release\XMLUTF16Transcoder.obj"
         "K:\Components\LibraryV2\GDAL\GDAL_2.2.x_VC_NoIntFilesCleanUp\3rdpart\xerces-c-3.1.4\projects\XercesLib\x86\Release\XMLUTF8Transcoder.obj"
         "K:\Components\LibraryV2\GDAL\GDAL_2.2.x_VC_NoIntFilesCleanUp\3rdpart\xerces-c-3.1.4\projects\XercesLib\x86\Release\XMLWin1252Transcoder.obj"
         "K:\Components\LibraryV2\GDAL\GDAL_2.2.x_VC_NoIntFilesCleanUp\3rdpart\xerces-c-3.1.4\projects\XercesLib\x86\Release\Win32MsgLoader.obj"
         "K:\Components\LibraryV2\GDAL\GDAL_2.2.x_VC_NoIntFilesCleanUp\3rdpart\xerces-c-3.1.4\projects\XercesLib\x86\Release\Win32TransService.obj"
         "K:\Components\LibraryV2\GDAL\GDAL_2.2.x_VC_NoIntFilesCleanUp\3rdpart\xerces-c-3.1.4\projects\XercesLib\x86\Release\BinHTTPInputStreamCommon.obj"
         "K:\Components\LibraryV2\GDAL\GDAL_2.2.x_VC_NoIntFilesCleanUp\3rdpart\xerces-c-3.1.4\projects\XercesLib\x86\Release\BinHTTPURLInputStream.obj"
         "K:\Components\LibraryV2\GDAL\GDAL_2.2.x_VC_NoIntFilesCleanUp\3rdpart\xerces-c-3.1.4\projects\XercesLib\x86\Release\WinSockNetAccessor.obj"
         "K:\Components\LibraryV2\GDAL\GDAL_2.2.x_VC_NoIntFilesCleanUp\3rdpart\xerces-c-3.1.4\projects\XercesLib\x86\Release\ASCIIRangeFactory.obj"
         "K:\Components\LibraryV2\GDAL\GDAL_2.2.x_VC_NoIntFilesCleanUp\3rdpart\xerces-c-3.1.4\projects\XercesLib\x86\Release\BlockRangeFactory.obj"
         "K:\Components\LibraryV2\GDAL\GDAL_2.2.x_VC_NoIntFilesCleanUp\3rdpart\xerces-c-3.1.4\projects\XercesLib\x86\Release\BMPattern.obj"
         "K:\Components\LibraryV2\GDAL\GDAL_2.2.x_VC_NoIntFilesCleanUp\3rdpart\xerces-c-3.1.4\projects\XercesLib\x86\Release\CharToken.obj"
         "K:\Components\LibraryV2\GDAL\GDAL_2.2.x_VC_NoIntFilesCleanUp\3rdpart\xerces-c-3.1.4\projects\XercesLib\x86\Release\ClosureToken.obj"
         "K:\Components\LibraryV2\GDAL\GDAL_2.2.x_VC_NoIntFilesCleanUp\3rdpart\xerces-c-3.1.4\projects\XercesLib\x86\Release\ConcatToken.obj"
         "K:\Components\LibraryV2\GDAL\GDAL_2.2.x_VC_NoIntFilesCleanUp\3rdpart\xerces-c-3.1.4\projects\XercesLib\x86\Release\Match.obj"
         "K:\Components\LibraryV2\GDAL\GDAL_2.2.x_VC_NoIntFilesCleanUp\3rdpart\xerces-c-3.1.4\projects\XercesLib\x86\Release\Op.obj"
         "K:\Components\LibraryV2\GDAL\GDAL_2.2.x_VC_NoIntFilesCleanUp\3rdpart\xerces-c-3.1.4\projects\XercesLib\x86\Release\OpFactory.obj"
         "K:\Components\LibraryV2\GDAL\GDAL_2.2.x_VC_NoIntFilesCleanUp\3rdpart\xerces-c-3.1.4\projects\XercesLib\x86\Release\ParenToken.obj"
         "K:\Components\LibraryV2\GDAL\GDAL_2.2.x_VC_NoIntFilesCleanUp\3rdpart\xerces-c-3.1.4\projects\XercesLib\x86\Release\ParserForXMLSchema.obj"
         "K:\Components\LibraryV2\GDAL\GDAL_2.2.x_VC_NoIntFilesCleanUp\3rdpart\xerces-c-3.1.4\projects\XercesLib\x86\Release\RangeFactory.obj"
         "K:\Components\LibraryV2\GDAL\GDAL_2.2.x_VC_NoIntFilesCleanUp\3rdpart\xerces-c-3.1.4\projects\XercesLib\x86\Release\RangeToken.obj"
         "K:\Components\LibraryV2\GDAL\GDAL_2.2.x_VC_NoIntFilesCleanUp\3rdpart\xerces-c-3.1.4\projects\XercesLib\x86\Release\RangeTokenMap.obj"
         "K:\Components\LibraryV2\GDAL\GDAL_2.2.x_VC_NoIntFilesCleanUp\3rdpart\xerces-c-3.1.4\projects\XercesLib\x86\Release\RegularExpression.obj"
         "K:\Components\LibraryV2\GDAL\GDAL_2.2.x_VC_NoIntFilesCleanUp\3rdpart\xerces-c-3.1.4\projects\XercesLib\x86\Release\RegxParser.obj"
         "K:\Components\LibraryV2\GDAL\GDAL_2.2.x_VC_NoIntFilesCleanUp\3rdpart\xerces-c-3.1.4\projects\XercesLib\x86\Release\RegxUtil.obj"
         "K:\Components\LibraryV2\GDAL\GDAL_2.2.x_VC_NoIntFilesCleanUp\3rdpart\xerces-c-3.1.4\projects\XercesLib\x86\Release\StringToken.obj"
         "K:\Components\LibraryV2\GDAL\GDAL_2.2.x_VC_NoIntFilesCleanUp\3rdpart\xerces-c-3.1.4\projects\XercesLib\x86\Release\Token.obj"
         "K:\Components\LibraryV2\GDAL\GDAL_2.2.x_VC_NoIntFilesCleanUp\3rdpart\xerces-c-3.1.4\projects\XercesLib\x86\Release\TokenFactory.obj"
         "K:\Components\LibraryV2\GDAL\GDAL_2.2.x_VC_NoIntFilesCleanUp\3rdpart\xerces-c-3.1.4\projects\XercesLib\x86\Release\UnicodeRangeFactory.obj"
         "K:\Components\LibraryV2\GDAL\GDAL_2.2.x_VC_NoIntFilesCleanUp\3rdpart\xerces-c-3.1.4\projects\XercesLib\x86\Release\UnionToken.obj"
         "K:\Components\LibraryV2\GDAL\GDAL_2.2.x_VC_NoIntFilesCleanUp\3rdpart\xerces-c-3.1.4\projects\XercesLib\x86\Release\XMLRangeFactory.obj"
         "K:\Components\LibraryV2\GDAL\GDAL_2.2.x_VC_NoIntFilesCleanUp\3rdpart\xerces-c-3.1.4\projects\XercesLib\x86\Release\XMLUniCharacter.obj"
         "K:\Components\LibraryV2\GDAL\GDAL_2.2.x_VC_NoIntFilesCleanUp\3rdpart\xerces-c-3.1.4\projects\XercesLib\x86\Release\WindowsFileMgr.obj"
         "K:\Components\LibraryV2\GDAL\GDAL_2.2.x_VC_NoIntFilesCleanUp\3rdpart\xerces-c-3.1.4\projects\XercesLib\x86\Release\WindowsMutexMgr.obj"
         "K:\Components\LibraryV2\GDAL\GDAL_2.2.x_VC_NoIntFilesCleanUp\3rdpart\xerces-c-3.1.4\projects\XercesLib\x86\Release\LocalFileFormatTarget.obj"
         "K:\Components\LibraryV2\GDAL\GDAL_2.2.x_VC_NoIntFilesCleanUp\3rdpart\xerces-c-3.1.4\projects\XercesLib\x86\Release\LocalFileInputSource.obj"
         "K:\Components\LibraryV2\GDAL\GDAL_2.2.x_VC_NoIntFilesCleanUp\3rdpart\xerces-c-3.1.4\projects\XercesLib\x86\Release\MemBufFormatTarget.obj"
         "K:\Components\LibraryV2\GDAL\GDAL_2.2.x_VC_NoIntFilesCleanUp\3rdpart\xerces-c-3.1.4\projects\XercesLib\x86\Release\MemBufInputSource.obj"
         "K:\Components\LibraryV2\GDAL\GDAL_2.2.x_VC_NoIntFilesCleanUp\3rdpart\xerces-c-3.1.4\projects\XercesLib\x86\Release\StdInInputSource.obj"
         "K:\Components\LibraryV2\GDAL\GDAL_2.2.x_VC_NoIntFilesCleanUp\3rdpart\xerces-c-3.1.4\projects\XercesLib\x86\Release\StdOutFormatTarget.obj"
         "K:\Components\LibraryV2\GDAL\GDAL_2.2.x_VC_NoIntFilesCleanUp\3rdpart\xerces-c-3.1.4\projects\XercesLib\x86\Release\URLInputSource.obj"
         "K:\Components\LibraryV2\GDAL\GDAL_2.2.x_VC_NoIntFilesCleanUp\3rdpart\xerces-c-3.1.4\projects\XercesLib\x86\Release\Wrapper4DOMLSInput.obj"
         "K:\Components\LibraryV2\GDAL\GDAL_2.2.x_VC_NoIntFilesCleanUp\3rdpart\xerces-c-3.1.4\projects\XercesLib\x86\Release\Wrapper4InputSource.obj"
         "K:\Components\LibraryV2\GDAL\GDAL_2.2.x_VC_NoIntFilesCleanUp\3rdpart\xerces-c-3.1.4\projects\XercesLib\x86\Release\XMLAttDef.obj"
         "K:\Components\LibraryV2\GDAL\GDAL_2.2.x_VC_NoIntFilesCleanUp\3rdpart\xerces-c-3.1.4\projects\XercesLib\x86\Release\XMLAttDefList.obj"
         "K:\Components\LibraryV2\GDAL\GDAL_2.2.x_VC_NoIntFilesCleanUp\3rdpart\xerces-c-3.1.4\projects\XercesLib\x86\Release\XMLAttr.obj"
         "K:\Components\LibraryV2\GDAL\GDAL_2.2.x_VC_NoIntFilesCleanUp\3rdpart\xerces-c-3.1.4\projects\XercesLib\x86\Release\XMLBuffer.obj"
         "K:\Components\LibraryV2\GDAL\GDAL_2.2.x_VC_NoIntFilesCleanUp\3rdpart\xerces-c-3.1.4\projects\XercesLib\x86\Release\XMLBufferMgr.obj"
         "K:\Components\LibraryV2\GDAL\GDAL_2.2.x_VC_NoIntFilesCleanUp\3rdpart\xerces-c-3.1.4\projects\XercesLib\x86\Release\XMLContentModel.obj"
         "K:\Components\LibraryV2\GDAL\GDAL_2.2.x_VC_NoIntFilesCleanUp\3rdpart\xerces-c-3.1.4\projects\XercesLib\x86\Release\XMLDTDDescription.obj"
         "K:\Components\LibraryV2\GDAL\GDAL_2.2.x_VC_NoIntFilesCleanUp\3rdpart\xerces-c-3.1.4\projects\XercesLib\x86\Release\XMLElementDecl.obj"
         "K:\Components\LibraryV2\GDAL\GDAL_2.2.x_VC_NoIntFilesCleanUp\3rdpart\xerces-c-3.1.4\projects\XercesLib\x86\Release\XMLEntityDecl.obj"
         "K:\Components\LibraryV2\GDAL\GDAL_2.2.x_VC_NoIntFilesCleanUp\3rdpart\xerces-c-3.1.4\projects\XercesLib\x86\Release\XMLFormatter.obj"
         "K:\Components\LibraryV2\GDAL\GDAL_2.2.x_VC_NoIntFilesCleanUp\3rdpart\xerces-c-3.1.4\projects\XercesLib\x86\Release\XMLGrammarDescription.obj"
         "K:\Components\LibraryV2\GDAL\GDAL_2.2.x_VC_NoIntFilesCleanUp\3rdpart\xerces-c-3.1.4\projects\XercesLib\x86\Release\XMLGrammarPoolImpl.obj"
         "K:\Components\LibraryV2\GDAL\GDAL_2.2.x_VC_NoIntFilesCleanUp\3rdpart\xerces-c-3.1.4\projects\XercesLib\x86\Release\XMLNotationDecl.obj"
         "K:\Components\LibraryV2\GDAL\GDAL_2.2.x_VC_NoIntFilesCleanUp\3rdpart\xerces-c-3.1.4\projects\XercesLib\x86\Release\XMLRecognizer.obj"
         "K:\Components\LibraryV2\GDAL\GDAL_2.2.x_VC_NoIntFilesCleanUp\3rdpart\xerces-c-3.1.4\projects\XercesLib\x86\Release\XMLRefInfo.obj"
         "K:\Components\LibraryV2\GDAL\GDAL_2.2.x_VC_NoIntFilesCleanUp\3rdpart\xerces-c-3.1.4\projects\XercesLib\x86\Release\XMLSchemaDescription.obj"
         "K:\Components\LibraryV2\GDAL\GDAL_2.2.x_VC_NoIntFilesCleanUp\3rdpart\xerces-c-3.1.4\projects\XercesLib\x86\Release\XMLValidator.obj"
         "K:\Components\LibraryV2\GDAL\GDAL_2.2.x_VC_NoIntFilesCleanUp\3rdpart\xerces-c-3.1.4\projects\XercesLib\x86\Release\PSVIAttribute.obj"
         "K:\Components\LibraryV2\GDAL\GDAL_2.2.x_VC_NoIntFilesCleanUp\3rdpart\xerces-c-3.1.4\projects\XercesLib\x86\Release\PSVIAttributeList.obj"
         "K:\Components\LibraryV2\GDAL\GDAL_2.2.x_VC_NoIntFilesCleanUp\3rdpart\xerces-c-3.1.4\projects\XercesLib\x86\Release\PSVIElement.obj"
         "K:\Components\LibraryV2\GDAL\GDAL_2.2.x_VC_NoIntFilesCleanUp\3rdpart\xerces-c-3.1.4\projects\XercesLib\x86\Release\PSVIItem.obj"
         "K:\Components\LibraryV2\GDAL\GDAL_2.2.x_VC_NoIntFilesCleanUp\3rdpart\xerces-c-3.1.4\projects\XercesLib\x86\Release\XSAnnotation.obj"
         "K:\Components\LibraryV2\GDAL\GDAL_2.2.x_VC_NoIntFilesCleanUp\3rdpart\xerces-c-3.1.4\projects\XercesLib\x86\Release\XSAttributeDeclaration.obj"
         "K:\Components\LibraryV2\GDAL\GDAL_2.2.x_VC_NoIntFilesCleanUp\3rdpart\xerces-c-3.1.4\projects\XercesLib\x86\Release\XSAttributeGroupDefinition.obj"
         "K:\Components\LibraryV2\GDAL\GDAL_2.2.x_VC_NoIntFilesCleanUp\3rdpart\xerces-c-3.1.4\projects\XercesLib\x86\Release\XSAttributeUse.obj"
         "K:\Components\LibraryV2\GDAL\GDAL_2.2.x_VC_NoIntFilesCleanUp\3rdpart\xerces-c-3.1.4\projects\XercesLib\x86\Release\XSComplexTypeDefinition.obj"
         "K:\Components\LibraryV2\GDAL\GDAL_2.2.x_VC_NoIntFilesCleanUp\3rdpart\xerces-c-3.1.4\projects\XercesLib\x86\Release\XSElementDeclaration.obj"
         "K:\Components\LibraryV2\GDAL\GDAL_2.2.x_VC_NoIntFilesCleanUp\3rdpart\xerces-c-3.1.4\projects\XercesLib\x86\Release\XSFacet.obj"
         "K:\Components\LibraryV2\GDAL\GDAL_2.2.x_VC_NoIntFilesCleanUp\3rdpart\xerces-c-3.1.4\projects\XercesLib\x86\Release\XSIDCDefinition.obj"
         "K:\Components\LibraryV2\GDAL\GDAL_2.2.x_VC_NoIntFilesCleanUp\3rdpart\xerces-c-3.1.4\projects\XercesLib\x86\Release\XSModel.obj"
         "K:\Components\LibraryV2\GDAL\GDAL_2.2.x_VC_NoIntFilesCleanUp\3rdpart\xerces-c-3.1.4\projects\XercesLib\x86\Release\XSModelGroup.obj"
         "K:\Components\LibraryV2\GDAL\GDAL_2.2.x_VC_NoIntFilesCleanUp\3rdpart\xerces-c-3.1.4\projects\XercesLib\x86\Release\XSModelGroupDefinition.obj"
         "K:\Components\LibraryV2\GDAL\GDAL_2.2.x_VC_NoIntFilesCleanUp\3rdpart\xerces-c-3.1.4\projects\XercesLib\x86\Release\XSMultiValueFacet.obj"
         "K:\Components\LibraryV2\GDAL\GDAL_2.2.x_VC_NoIntFilesCleanUp\3rdpart\xerces-c-3.1.4\projects\XercesLib\x86\Release\XSNamespaceItem.obj"
         "K:\Components\LibraryV2\GDAL\GDAL_2.2.x_VC_NoIntFilesCleanUp\3rdpart\xerces-c-3.1.4\projects\XercesLib\x86\Release\XSNotationDeclaration.obj"
         "K:\Components\LibraryV2\GDAL\GDAL_2.2.x_VC_NoIntFilesCleanUp\3rdpart\xerces-c-3.1.4\projects\XercesLib\x86\Release\XSObject.obj"
         "K:\Components\LibraryV2\GDAL\GDAL_2.2.x_VC_NoIntFilesCleanUp\3rdpart\xerces-c-3.1.4\projects\XercesLib\x86\Release\XSParticle.obj"
         "K:\Components\LibraryV2\GDAL\GDAL_2.2.x_VC_NoIntFilesCleanUp\3rdpart\xerces-c-3.1.4\projects\XercesLib\x86\Release\XSSimpleTypeDefinition.obj"
         "K:\Components\LibraryV2\GDAL\GDAL_2.2.x_VC_NoIntFilesCleanUp\3rdpart\xerces-c-3.1.4\projects\XercesLib\x86\Release\XSTypeDefinition.obj"
         "K:\Components\LibraryV2\GDAL\GDAL_2.2.x_VC_NoIntFilesCleanUp\3rdpart\xerces-c-3.1.4\projects\XercesLib\x86\Release\XSValue.obj"
         "K:\Components\LibraryV2\GDAL\GDAL_2.2.x_VC_NoIntFilesCleanUp\3rdpart\xerces-c-3.1.4\projects\XercesLib\x86\Release\XSWildcard.obj"
         "K:\Components\LibraryV2\GDAL\GDAL_2.2.x_VC_NoIntFilesCleanUp\3rdpart\xerces-c-3.1.4\projects\XercesLib\x86\Release\BinFileOutputStream.obj"
         "K:\Components\LibraryV2\GDAL\GDAL_2.2.x_VC_NoIntFilesCleanUp\3rdpart\xerces-c-3.1.4\projects\XercesLib\x86\Release\BinMemOutputStream.obj"
         "K:\Components\LibraryV2\GDAL\GDAL_2.2.x_VC_NoIntFilesCleanUp\3rdpart\xerces-c-3.1.4\projects\XercesLib\x86\Release\BinOutputStream.obj"
         "K:\Components\LibraryV2\GDAL\GDAL_2.2.x_VC_NoIntFilesCleanUp\3rdpart\xerces-c-3.1.4\projects\XercesLib\x86\Release\DGXMLScanner.obj"
         "K:\Components\LibraryV2\GDAL\GDAL_2.2.x_VC_NoIntFilesCleanUp\3rdpart\xerces-c-3.1.4\projects\XercesLib\x86\Release\ElemStack.obj"
         "K:\Components\LibraryV2\GDAL\GDAL_2.2.x_VC_NoIntFilesCleanUp\3rdpart\xerces-c-3.1.4\projects\XercesLib\x86\Release\IGXMLScanner.obj"
         "K:\Components\LibraryV2\GDAL\GDAL_2.2.x_VC_NoIntFilesCleanUp\3rdpart\xerces-c-3.1.4\projects\XercesLib\x86\Release\IGXMLScanner2.obj"
         "K:\Components\LibraryV2\GDAL\GDAL_2.2.x_VC_NoIntFilesCleanUp\3rdpart\xerces-c-3.1.4\projects\XercesLib\x86\Release\MemoryManagerImpl.obj"
         "K:\Components\LibraryV2\GDAL\GDAL_2.2.x_VC_NoIntFilesCleanUp\3rdpart\xerces-c-3.1.4\projects\XercesLib\x86\Release\ReaderMgr.obj"
         "K:\Components\LibraryV2\GDAL\GDAL_2.2.x_VC_NoIntFilesCleanUp\3rdpart\xerces-c-3.1.4\projects\XercesLib\x86\Release\SGXMLScanner.obj"
         "K:\Components\LibraryV2\GDAL\GDAL_2.2.x_VC_NoIntFilesCleanUp\3rdpart\xerces-c-3.1.4\projects\XercesLib\x86\Release\ValidationContextImpl.obj"
         "K:\Components\LibraryV2\GDAL\GDAL_2.2.x_VC_NoIntFilesCleanUp\3rdpart\xerces-c-3.1.4\projects\XercesLib\x86\Release\VecAttributesImpl.obj"
         "K:\Components\LibraryV2\GDAL\GDAL_2.2.x_VC_NoIntFilesCleanUp\3rdpart\xerces-c-3.1.4\projects\XercesLib\x86\Release\VecAttrListImpl.obj"
         "K:\Components\LibraryV2\GDAL\GDAL_2.2.x_VC_NoIntFilesCleanUp\3rdpart\xerces-c-3.1.4\projects\XercesLib\x86\Release\WFXMLScanner.obj"
         "K:\Components\LibraryV2\GDAL\GDAL_2.2.x_VC_NoIntFilesCleanUp\3rdpart\xerces-c-3.1.4\projects\XercesLib\x86\Release\XMLReader.obj"
         "K:\Components\LibraryV2\GDAL\GDAL_2.2.x_VC_NoIntFilesCleanUp\3rdpart\xerces-c-3.1.4\projects\XercesLib\x86\Release\XMLScanner.obj"
         "K:\Components\LibraryV2\GDAL\GDAL_2.2.x_VC_NoIntFilesCleanUp\3rdpart\xerces-c-3.1.4\projects\XercesLib\x86\Release\XMLScannerResolver.obj"
         "K:\Components\LibraryV2\GDAL\GDAL_2.2.x_VC_NoIntFilesCleanUp\3rdpart\xerces-c-3.1.4\projects\XercesLib\x86\Release\XProtoType.obj"
         "K:\Components\LibraryV2\GDAL\GDAL_2.2.x_VC_NoIntFilesCleanUp\3rdpart\xerces-c-3.1.4\projects\XercesLib\x86\Release\XSAXMLScanner.obj"
         "K:\Components\LibraryV2\GDAL\GDAL_2.2.x_VC_NoIntFilesCleanUp\3rdpart\xerces-c-3.1.4\projects\XercesLib\x86\Release\XSerializeEngine.obj"
         "K:\Components\LibraryV2\GDAL\GDAL_2.2.x_VC_NoIntFilesCleanUp\3rdpart\xerces-c-3.1.4\projects\XercesLib\x86\Release\XSObjectFactory.obj"
         "K:\Components\LibraryV2\GDAL\GDAL_2.2.x_VC_NoIntFilesCleanUp\3rdpart\xerces-c-3.1.4\projects\XercesLib\x86\Release\XTemplateSerializer.obj"
         "K:\Components\LibraryV2\GDAL\GDAL_2.2.x_VC_NoIntFilesCleanUp\3rdpart\xerces-c-3.1.4\projects\XercesLib\x86\Release\Dummy.obj"
         "K:\Components\LibraryV2\GDAL\GDAL_2.2.x_VC_NoIntFilesCleanUp\3rdpart\xerces-c-3.1.4\projects\XercesLib\x86\Release\InputSource.obj"
         "K:\Components\LibraryV2\GDAL\GDAL_2.2.x_VC_NoIntFilesCleanUp\3rdpart\xerces-c-3.1.4\projects\XercesLib\x86\Release\SAXException.obj"
         "K:\Components\LibraryV2\GDAL\GDAL_2.2.x_VC_NoIntFilesCleanUp\3rdpart\xerces-c-3.1.4\projects\XercesLib\x86\Release\SAXParseException.obj"
         "K:\Components\LibraryV2\GDAL\GDAL_2.2.x_VC_NoIntFilesCleanUp\3rdpart\xerces-c-3.1.4\projects\XercesLib\x86\Release\AbstractDOMParser.obj"
         "K:\Components\LibraryV2\GDAL\GDAL_2.2.x_VC_NoIntFilesCleanUp\3rdpart\xerces-c-3.1.4\projects\XercesLib\x86\Release\DOMLSParserImpl.obj"
         "K:\Components\LibraryV2\GDAL\GDAL_2.2.x_VC_NoIntFilesCleanUp\3rdpart\xerces-c-3.1.4\projects\XercesLib\x86\Release\SAX2XMLFilterImpl.obj"
         "K:\Components\LibraryV2\GDAL\GDAL_2.2.x_VC_NoIntFilesCleanUp\3rdpart\xerces-c-3.1.4\projects\XercesLib\x86\Release\SAX2XMLReaderImpl.obj"
         "K:\Components\LibraryV2\GDAL\GDAL_2.2.x_VC_NoIntFilesCleanUp\3rdpart\xerces-c-3.1.4\projects\XercesLib\x86\Release\SAXParser.obj"
         "K:\Components\LibraryV2\GDAL\GDAL_2.2.x_VC_NoIntFilesCleanUp\3rdpart\xerces-c-3.1.4\projects\XercesLib\x86\Release\XercesDOMParser.obj"
         "K:\Components\LibraryV2\GDAL\GDAL_2.2.x_VC_NoIntFilesCleanUp\3rdpart\xerces-c-3.1.4\projects\XercesLib\x86\Release\AllContentModel.obj"
         "K:\Components\LibraryV2\GDAL\GDAL_2.2.x_VC_NoIntFilesCleanUp\3rdpart\xerces-c-3.1.4\projects\XercesLib\x86\Release\CMAny.obj"
         "K:\Components\LibraryV2\GDAL\GDAL_2.2.x_VC_NoIntFilesCleanUp\3rdpart\xerces-c-3.1.4\projects\XercesLib\x86\Release\CMBinaryOp.obj"
         "K:\Components\LibraryV2\GDAL\GDAL_2.2.x_VC_NoIntFilesCleanUp\3rdpart\xerces-c-3.1.4\projects\XercesLib\x86\Release\CMUnaryOp.obj"
         "K:\Components\LibraryV2\GDAL\GDAL_2.2.x_VC_NoIntFilesCleanUp\3rdpart\xerces-c-3.1.4\projects\XercesLib\x86\Release\ContentLeafNameTypeVector.obj"
         "K:\Components\LibraryV2\GDAL\GDAL_2.2.x_VC_NoIntFilesCleanUp\3rdpart\xerces-c-3.1.4\projects\XercesLib\x86\Release\ContentSpecNode.obj"
         "K:\Components\LibraryV2\GDAL\GDAL_2.2.x_VC_NoIntFilesCleanUp\3rdpart\xerces-c-3.1.4\projects\XercesLib\x86\Release\DFAContentModel.obj"
         "K:\Components\LibraryV2\GDAL\GDAL_2.2.x_VC_NoIntFilesCleanUp\3rdpart\xerces-c-3.1.4\projects\XercesLib\x86\Release\Grammar.obj"
         "K:\Components\LibraryV2\GDAL\GDAL_2.2.x_VC_NoIntFilesCleanUp\3rdpart\xerces-c-3.1.4\projects\XercesLib\x86\Release\GrammarResolver.obj"
         "K:\Components\LibraryV2\GDAL\GDAL_2.2.x_VC_NoIntFilesCleanUp\3rdpart\xerces-c-3.1.4\projects\XercesLib\x86\Release\MixedContentModel.obj"
         "K:\Components\LibraryV2\GDAL\GDAL_2.2.x_VC_NoIntFilesCleanUp\3rdpart\xerces-c-3.1.4\projects\XercesLib\x86\Release\SimpleContentModel.obj"
         "K:\Components\LibraryV2\GDAL\GDAL_2.2.x_VC_NoIntFilesCleanUp\3rdpart\xerces-c-3.1.4\projects\XercesLib\x86\Release\AbstractNumericFacetValidator.obj"
         "K:\Components\LibraryV2\GDAL\GDAL_2.2.x_VC_NoIntFilesCleanUp\3rdpart\xerces-c-3.1.4\projects\XercesLib\x86\Release\AbstractNumericValidator.obj"
         "K:\Components\LibraryV2\GDAL\GDAL_2.2.x_VC_NoIntFilesCleanUp\3rdpart\xerces-c-3.1.4\projects\XercesLib\x86\Release\AbstractStringValidator.obj"
         "K:\Components\LibraryV2\GDAL\GDAL_2.2.x_VC_NoIntFilesCleanUp\3rdpart\xerces-c-3.1.4\projects\XercesLib\x86\Release\AnySimpleTypeDatatypeValidator.obj"
         "K:\Components\LibraryV2\GDAL\GDAL_2.2.x_VC_NoIntFilesCleanUp\3rdpart\xerces-c-3.1.4\projects\XercesLib\x86\Release\AnyURIDatatypeValidator.obj"
         "K:\Components\LibraryV2\GDAL\GDAL_2.2.x_VC_NoIntFilesCleanUp\3rdpart\xerces-c-3.1.4\projects\XercesLib\x86\Release\Base64BinaryDatatypeValidator.obj"
         "K:\Components\LibraryV2\GDAL\GDAL_2.2.x_VC_NoIntFilesCleanUp\3rdpart\xerces-c-3.1.4\projects\XercesLib\x86\Release\BooleanDatatypeValidator.obj"
         "K:\Components\LibraryV2\GDAL\GDAL_2.2.x_VC_NoIntFilesCleanUp\3rdpart\xerces-c-3.1.4\projects\XercesLib\x86\Release\DatatypeValidator.obj"
         "K:\Components\LibraryV2\GDAL\GDAL_2.2.x_VC_NoIntFilesCleanUp\3rdpart\xerces-c-3.1.4\projects\XercesLib\x86\Release\DatatypeValidatorFactory.obj"
         "K:\Components\LibraryV2\GDAL\GDAL_2.2.x_VC_NoIntFilesCleanUp\3rdpart\xerces-c-3.1.4\projects\XercesLib\x86\Release\DateDatatypeValidator.obj"
         "K:\Components\LibraryV2\GDAL\GDAL_2.2.x_VC_NoIntFilesCleanUp\3rdpart\xerces-c-3.1.4\projects\XercesLib\x86\Release\DateTimeDatatypeValidator.obj"
         "K:\Components\LibraryV2\GDAL\GDAL_2.2.x_VC_NoIntFilesCleanUp\3rdpart\xerces-c-3.1.4\projects\XercesLib\x86\Release\DateTimeValidator.obj"
         "K:\Components\LibraryV2\GDAL\GDAL_2.2.x_VC_NoIntFilesCleanUp\3rdpart\xerces-c-3.1.4\projects\XercesLib\x86\Release\DayDatatypeValidator.obj"
         "K:\Components\LibraryV2\GDAL\GDAL_2.2.x_VC_NoIntFilesCleanUp\3rdpart\xerces-c-3.1.4\projects\XercesLib\x86\Release\DecimalDatatypeValidator.obj"
         "K:\Components\LibraryV2\GDAL\GDAL_2.2.x_VC_NoIntFilesCleanUp\3rdpart\xerces-c-3.1.4\projects\XercesLib\x86\Release\DoubleDatatypeValidator.obj"
         "K:\Components\LibraryV2\GDAL\GDAL_2.2.x_VC_NoIntFilesCleanUp\3rdpart\xerces-c-3.1.4\projects\XercesLib\x86\Release\DurationDatatypeValidator.obj"
         "K:\Components\LibraryV2\GDAL\GDAL_2.2.x_VC_NoIntFilesCleanUp\3rdpart\xerces-c-3.1.4\projects\XercesLib\x86\Release\ENTITYDatatypeValidator.obj"
         "K:\Components\LibraryV2\GDAL\GDAL_2.2.x_VC_NoIntFilesCleanUp\3rdpart\xerces-c-3.1.4\projects\XercesLib\x86\Release\FloatDatatypeValidator.obj"
         "K:\Components\LibraryV2\GDAL\GDAL_2.2.x_VC_NoIntFilesCleanUp\3rdpart\xerces-c-3.1.4\projects\XercesLib\x86\Release\HexBinaryDatatypeValidator.obj"
         "K:\Components\LibraryV2\GDAL\GDAL_2.2.x_VC_NoIntFilesCleanUp\3rdpart\xerces-c-3.1.4\projects\XercesLib\x86\Release\IDDatatypeValidator.obj"
         "K:\Components\LibraryV2\GDAL\GDAL_2.2.x_VC_NoIntFilesCleanUp\3rdpart\xerces-c-3.1.4\projects\XercesLib\x86\Release\IDREFDatatypeValidator.obj"
         "K:\Components\LibraryV2\GDAL\GDAL_2.2.x_VC_NoIntFilesCleanUp\3rdpart\xerces-c-3.1.4\projects\XercesLib\x86\Release\ListDatatypeValidator.obj"
         "K:\Components\LibraryV2\GDAL\GDAL_2.2.x_VC_NoIntFilesCleanUp\3rdpart\xerces-c-3.1.4\projects\XercesLib\x86\Release\MonthDatatypeValidator.obj"
         "K:\Components\LibraryV2\GDAL\GDAL_2.2.x_VC_NoIntFilesCleanUp\3rdpart\xerces-c-3.1.4\projects\XercesLib\x86\Release\MonthDayDatatypeValidator.obj"
         "K:\Components\LibraryV2\GDAL\GDAL_2.2.x_VC_NoIntFilesCleanUp\3rdpart\xerces-c-3.1.4\projects\XercesLib\x86\Release\NameDatatypeValidator.obj"
         "K:\Components\LibraryV2\GDAL\GDAL_2.2.x_VC_NoIntFilesCleanUp\3rdpart\xerces-c-3.1.4\projects\XercesLib\x86\Release\NCNameDatatypeValidator.obj"
         "K:\Components\LibraryV2\GDAL\GDAL_2.2.x_VC_NoIntFilesCleanUp\3rdpart\xerces-c-3.1.4\projects\XercesLib\x86\Release\NOTATIONDatatypeValidator.obj"
         "K:\Components\LibraryV2\GDAL\GDAL_2.2.x_VC_NoIntFilesCleanUp\3rdpart\xerces-c-3.1.4\projects\XercesLib\x86\Release\QNameDatatypeValidator.obj"
         "K:\Components\LibraryV2\GDAL\GDAL_2.2.x_VC_NoIntFilesCleanUp\3rdpart\xerces-c-3.1.4\projects\XercesLib\x86\Release\StringDatatypeValidator.obj"
         "K:\Components\LibraryV2\GDAL\GDAL_2.2.x_VC_NoIntFilesCleanUp\3rdpart\xerces-c-3.1.4\projects\XercesLib\x86\Release\TimeDatatypeValidator.obj"
         "K:\Components\LibraryV2\GDAL\GDAL_2.2.x_VC_NoIntFilesCleanUp\3rdpart\xerces-c-3.1.4\projects\XercesLib\x86\Release\UnionDatatypeValidator.obj"
         "K:\Components\LibraryV2\GDAL\GDAL_2.2.x_VC_NoIntFilesCleanUp\3rdpart\xerces-c-3.1.4\projects\XercesLib\x86\Release\XMLCanRepGroup.obj"
         "K:\Components\LibraryV2\GDAL\GDAL_2.2.x_VC_NoIntFilesCleanUp\3rdpart\xerces-c-3.1.4\projects\XercesLib\x86\Release\YearDatatypeValidator.obj"
         "K:\Components\LibraryV2\GDAL\GDAL_2.2.x_VC_NoIntFilesCleanUp\3rdpart\xerces-c-3.1.4\projects\XercesLib\x86\Release\YearMonthDatatypeValidator.obj"
         "K:\Components\LibraryV2\GDAL\GDAL_2.2.x_VC_NoIntFilesCleanUp\3rdpart\xerces-c-3.1.4\projects\XercesLib\x86\Release\DTDAttDef.obj"
         "K:\Components\LibraryV2\GDAL\GDAL_2.2.x_VC_NoIntFilesCleanUp\3rdpart\xerces-c-3.1.4\projects\XercesLib\x86\Release\DTDAttDefList.obj"
         "K:\Components\LibraryV2\GDAL\GDAL_2.2.x_VC_NoIntFilesCleanUp\3rdpart\xerces-c-3.1.4\projects\XercesLib\x86\Release\DTDElementDecl.obj"
         "K:\Components\LibraryV2\GDAL\GDAL_2.2.x_VC_NoIntFilesCleanUp\3rdpart\xerces-c-3.1.4\projects\XercesLib\x86\Release\DTDEntityDecl.obj"
         "K:\Components\LibraryV2\GDAL\GDAL_2.2.x_VC_NoIntFilesCleanUp\3rdpart\xerces-c-3.1.4\projects\XercesLib\x86\Release\DTDGrammar.obj"
         "K:\Components\LibraryV2\GDAL\GDAL_2.2.x_VC_NoIntFilesCleanUp\3rdpart\xerces-c-3.1.4\projects\XercesLib\x86\Release\DTDScanner.obj"
         "K:\Components\LibraryV2\GDAL\GDAL_2.2.x_VC_NoIntFilesCleanUp\3rdpart\xerces-c-3.1.4\projects\XercesLib\x86\Release\DTDValidator.obj"
         "K:\Components\LibraryV2\GDAL\GDAL_2.2.x_VC_NoIntFilesCleanUp\3rdpart\xerces-c-3.1.4\projects\XercesLib\x86\Release\XMLDTDDescriptionImpl.obj"
         "K:\Components\LibraryV2\GDAL\GDAL_2.2.x_VC_NoIntFilesCleanUp\3rdpart\xerces-c-3.1.4\projects\XercesLib\x86\Release\ComplexTypeInfo.obj"
         "K:\Components\LibraryV2\GDAL\GDAL_2.2.x_VC_NoIntFilesCleanUp\3rdpart\xerces-c-3.1.4\projects\XercesLib\x86\Release\GeneralAttributeCheck.obj"
         "K:\Components\LibraryV2\GDAL\GDAL_2.2.x_VC_NoIntFilesCleanUp\3rdpart\xerces-c-3.1.4\projects\XercesLib\x86\Release\NamespaceScope.obj"
         "K:\Components\LibraryV2\GDAL\GDAL_2.2.x_VC_NoIntFilesCleanUp\3rdpart\xerces-c-3.1.4\projects\XercesLib\x86\Release\SchemaAttDef.obj"
         "K:\Components\LibraryV2\GDAL\GDAL_2.2.x_VC_NoIntFilesCleanUp\3rdpart\xerces-c-3.1.4\projects\XercesLib\x86\Release\SchemaAttDefList.obj"
         "K:\Components\LibraryV2\GDAL\GDAL_2.2.x_VC_NoIntFilesCleanUp\3rdpart\xerces-c-3.1.4\projects\XercesLib\x86\Release\SchemaElementDecl.obj"
         "K:\Components\LibraryV2\GDAL\GDAL_2.2.x_VC_NoIntFilesCleanUp\3rdpart\xerces-c-3.1.4\projects\XercesLib\x86\Release\SchemaGrammar.obj"
         "K:\Components\LibraryV2\GDAL\GDAL_2.2.x_VC_NoIntFilesCleanUp\3rdpart\xerces-c-3.1.4\projects\XercesLib\x86\Release\SchemaInfo.obj"
         "K:\Components\LibraryV2\GDAL\GDAL_2.2.x_VC_NoIntFilesCleanUp\3rdpart\xerces-c-3.1.4\projects\XercesLib\x86\Release\SchemaSymbols.obj"
         "K:\Components\LibraryV2\GDAL\GDAL_2.2.x_VC_NoIntFilesCleanUp\3rdpart\xerces-c-3.1.4\projects\XercesLib\x86\Release\SchemaValidator.obj"
         "K:\Components\LibraryV2\GDAL\GDAL_2.2.x_VC_NoIntFilesCleanUp\3rdpart\xerces-c-3.1.4\projects\XercesLib\x86\Release\SubstitutionGroupComparator.obj"
         "K:\Components\LibraryV2\GDAL\GDAL_2.2.x_VC_NoIntFilesCleanUp\3rdpart\xerces-c-3.1.4\projects\XercesLib\x86\Release\TraverseSchema.obj"
         "K:\Components\LibraryV2\GDAL\GDAL_2.2.x_VC_NoIntFilesCleanUp\3rdpart\xerces-c-3.1.4\projects\XercesLib\x86\Release\XercesAttGroupInfo.obj"
         "K:\Components\LibraryV2\GDAL\GDAL_2.2.x_VC_NoIntFilesCleanUp\3rdpart\xerces-c-3.1.4\projects\XercesLib\x86\Release\XercesElementWildcard.obj"
         "K:\Components\LibraryV2\GDAL\GDAL_2.2.x_VC_NoIntFilesCleanUp\3rdpart\xerces-c-3.1.4\projects\XercesLib\x86\Release\XercesGroupInfo.obj"
         "K:\Components\LibraryV2\GDAL\GDAL_2.2.x_VC_NoIntFilesCleanUp\3rdpart\xerces-c-3.1.4\projects\XercesLib\x86\Release\XMLSchemaDescriptionImpl.obj"
         "K:\Components\LibraryV2\GDAL\GDAL_2.2.x_VC_NoIntFilesCleanUp\3rdpart\xerces-c-3.1.4\projects\XercesLib\x86\Release\XSDDOMParser.obj"
         "K:\Components\LibraryV2\GDAL\GDAL_2.2.x_VC_NoIntFilesCleanUp\3rdpart\xerces-c-3.1.4\projects\XercesLib\x86\Release\XSDErrorReporter.obj"
         "K:\Components\LibraryV2\GDAL\GDAL_2.2.x_VC_NoIntFilesCleanUp\3rdpart\xerces-c-3.1.4\projects\XercesLib\x86\Release\XSDLocator.obj"
         "K:\Components\LibraryV2\GDAL\GDAL_2.2.x_VC_NoIntFilesCleanUp\3rdpart\xerces-c-3.1.4\projects\XercesLib\x86\Release\XUtil.obj"
         "K:\Components\LibraryV2\GDAL\GDAL_2.2.x_VC_NoIntFilesCleanUp\3rdpart\xerces-c-3.1.4\projects\XercesLib\x86\Release\FieldActivator.obj"
         "K:\Components\LibraryV2\GDAL\GDAL_2.2.x_VC_NoIntFilesCleanUp\3rdpart\xerces-c-3.1.4\projects\XercesLib\x86\Release\FieldValueMap.obj"
         "K:\Components\LibraryV2\GDAL\GDAL_2.2.x_VC_NoIntFilesCleanUp\3rdpart\xerces-c-3.1.4\projects\XercesLib\x86\Release\IC_Field.obj"
         "K:\Components\LibraryV2\GDAL\GDAL_2.2.x_VC_NoIntFilesCleanUp\3rdpart\xerces-c-3.1.4\projects\XercesLib\x86\Release\IC_Key.obj"
         "K:\Components\LibraryV2\GDAL\GDAL_2.2.x_VC_NoIntFilesCleanUp\3rdpart\xerces-c-3.1.4\projects\XercesLib\x86\Release\IC_KeyRef.obj"
         "K:\Components\LibraryV2\GDAL\GDAL_2.2.x_VC_NoIntFilesCleanUp\3rdpart\xerces-c-3.1.4\projects\XercesLib\x86\Release\IC_Selector.obj"
         "K:\Components\LibraryV2\GDAL\GDAL_2.2.x_VC_NoIntFilesCleanUp\3rdpart\xerces-c-3.1.4\projects\XercesLib\x86\Release\IC_Unique.obj"
         "K:\Components\LibraryV2\GDAL\GDAL_2.2.x_VC_NoIntFilesCleanUp\3rdpart\xerces-c-3.1.4\projects\XercesLib\x86\Release\IdentityConstraint.obj"
         "K:\Components\LibraryV2\GDAL\GDAL_2.2.x_VC_NoIntFilesCleanUp\3rdpart\xerces-c-3.1.4\projects\XercesLib\x86\Release\IdentityConstraintHandler.obj"
         "K:\Components\LibraryV2\GDAL\GDAL_2.2.x_VC_NoIntFilesCleanUp\3rdpart\xerces-c-3.1.4\projects\XercesLib\x86\Release\ValueStore.obj"
         "K:\Components\LibraryV2\GDAL\GDAL_2.2.x_VC_NoIntFilesCleanUp\3rdpart\xerces-c-3.1.4\projects\XercesLib\x86\Release\ValueStoreCache.obj"
         "K:\Components\LibraryV2\GDAL\GDAL_2.2.x_VC_NoIntFilesCleanUp\3rdpart\xerces-c-3.1.4\projects\XercesLib\x86\Release\XercesXPath.obj"
         "K:\Components\LibraryV2\GDAL\GDAL_2.2.x_VC_NoIntFilesCleanUp\3rdpart\xerces-c-3.1.4\projects\XercesLib\x86\Release\XPathMatcher.obj"
         "K:\Components\LibraryV2\GDAL\GDAL_2.2.x_VC_NoIntFilesCleanUp\3rdpart\xerces-c-3.1.4\projects\XercesLib\x86\Release\XPathMatcherStack.obj"
         "K:\Components\LibraryV2\GDAL\GDAL_2.2.x_VC_NoIntFilesCleanUp\3rdpart\xerces-c-3.1.4\projects\XercesLib\x86\Release\XPathSymbols.obj"
         "K:\Components\LibraryV2\GDAL\GDAL_2.2.x_VC_NoIntFilesCleanUp\3rdpart\xerces-c-3.1.4\projects\XercesLib\x86\Release\sax2Dummy.obj"
         "K:\Components\LibraryV2\GDAL\GDAL_2.2.x_VC_NoIntFilesCleanUp\3rdpart\xerces-c-3.1.4\projects\XercesLib\x86\Release\DOMException.obj"
         "K:\Components\LibraryV2\GDAL\GDAL_2.2.x_VC_NoIntFilesCleanUp\3rdpart\xerces-c-3.1.4\projects\XercesLib\x86\Release\DOMLSException.obj"
         "K:\Components\LibraryV2\GDAL\GDAL_2.2.x_VC_NoIntFilesCleanUp\3rdpart\xerces-c-3.1.4\projects\XercesLib\x86\Release\DOMRangeException.obj"
         "K:\Components\LibraryV2\GDAL\GDAL_2.2.x_VC_NoIntFilesCleanUp\3rdpart\xerces-c-3.1.4\projects\XercesLib\x86\Release\DOMXPathException.obj"
         "K:\Components\LibraryV2\GDAL\GDAL_2.2.x_VC_NoIntFilesCleanUp\3rdpart\xerces-c-3.1.4\projects\XercesLib\x86\Release\DOMAttrImpl.obj"
         "K:\Components\LibraryV2\GDAL\GDAL_2.2.x_VC_NoIntFilesCleanUp\3rdpart\xerces-c-3.1.4\projects\XercesLib\x86\Release\DOMAttrMapImpl.obj"
         "K:\Components\LibraryV2\GDAL\GDAL_2.2.x_VC_NoIntFilesCleanUp\3rdpart\xerces-c-3.1.4\projects\XercesLib\x86\Release\DOMAttrNSImpl.obj"
         "K:\Components\LibraryV2\GDAL\GDAL_2.2.x_VC_NoIntFilesCleanUp\3rdpart\xerces-c-3.1.4\projects\XercesLib\x86\Release\DOMCDATASectionImpl.obj"
         "K:\Components\LibraryV2\GDAL\GDAL_2.2.x_VC_NoIntFilesCleanUp\3rdpart\xerces-c-3.1.4\projects\XercesLib\x86\Release\DOMCharacterDataImpl.obj"
         "K:\Components\LibraryV2\GDAL\GDAL_2.2.x_VC_NoIntFilesCleanUp\3rdpart\xerces-c-3.1.4\projects\XercesLib\x86\Release\DOMChildNode.obj"
         "K:\Components\LibraryV2\GDAL\GDAL_2.2.x_VC_NoIntFilesCleanUp\3rdpart\xerces-c-3.1.4\projects\XercesLib\x86\Release\DOMCommentImpl.obj"
         "K:\Components\LibraryV2\GDAL\GDAL_2.2.x_VC_NoIntFilesCleanUp\3rdpart\xerces-c-3.1.4\projects\XercesLib\x86\Release\DOMConfigurationImpl.obj"
         "K:\Components\LibraryV2\GDAL\GDAL_2.2.x_VC_NoIntFilesCleanUp\3rdpart\xerces-c-3.1.4\projects\XercesLib\x86\Release\DOMDeepNodeListImpl.obj"
         "K:\Components\LibraryV2\GDAL\GDAL_2.2.x_VC_NoIntFilesCleanUp\3rdpart\xerces-c-3.1.4\projects\XercesLib\x86\Release\DOMDocumentFragmentImpl.obj"
         "K:\Components\LibraryV2\GDAL\GDAL_2.2.x_VC_NoIntFilesCleanUp\3rdpart\xerces-c-3.1.4\projects\XercesLib\x86\Release\DOMDocumentImpl.obj"
         "K:\Components\LibraryV2\GDAL\GDAL_2.2.x_VC_NoIntFilesCleanUp\3rdpart\xerces-c-3.1.4\projects\XercesLib\x86\Release\DOMDocumentTypeImpl.obj"
         "K:\Components\LibraryV2\GDAL\GDAL_2.2.x_VC_NoIntFilesCleanUp\3rdpart\xerces-c-3.1.4\projects\XercesLib\x86\Release\DOMElementImpl.obj"
         "K:\Components\LibraryV2\GDAL\GDAL_2.2.x_VC_NoIntFilesCleanUp\3rdpart\xerces-c-3.1.4\projects\XercesLib\x86\Release\DOMElementNSImpl.obj"
         "K:\Components\LibraryV2\GDAL\GDAL_2.2.x_VC_NoIntFilesCleanUp\3rdpart\xerces-c-3.1.4\projects\XercesLib\x86\Release\DOMEntityImpl.obj"
         "K:\Components\LibraryV2\GDAL\GDAL_2.2.x_VC_NoIntFilesCleanUp\3rdpart\xerces-c-3.1.4\projects\XercesLib\x86\Release\DOMEntityReferenceImpl.obj"
         "K:\Components\LibraryV2\GDAL\GDAL_2.2.x_VC_NoIntFilesCleanUp\3rdpart\xerces-c-3.1.4\projects\XercesLib\x86\Release\DOMErrorImpl.obj"
         "K:\Components\LibraryV2\GDAL\GDAL_2.2.x_VC_NoIntFilesCleanUp\3rdpart\xerces-c-3.1.4\projects\XercesLib\x86\Release\DOMImplementationImpl.obj"
         "K:\Components\LibraryV2\GDAL\GDAL_2.2.x_VC_NoIntFilesCleanUp\3rdpart\xerces-c-3.1.4\projects\XercesLib\x86\Release\DOMImplementationListImpl.obj"
         "K:\Components\LibraryV2\GDAL\GDAL_2.2.x_VC_NoIntFilesCleanUp\3rdpart\xerces-c-3.1.4\projects\XercesLib\x86\Release\DOMImplementationRegistry.obj"
         "K:\Components\LibraryV2\GDAL\GDAL_2.2.x_VC_NoIntFilesCleanUp\3rdpart\xerces-c-3.1.4\projects\XercesLib\x86\Release\DOMLocatorImpl.obj"
         "K:\Components\LibraryV2\GDAL\GDAL_2.2.x_VC_NoIntFilesCleanUp\3rdpart\xerces-c-3.1.4\projects\XercesLib\x86\Release\DOMLSInputImpl.obj"
         "K:\Components\LibraryV2\GDAL\GDAL_2.2.x_VC_NoIntFilesCleanUp\3rdpart\xerces-c-3.1.4\projects\XercesLib\x86\Release\DOMLSOutputImpl.obj"
         "K:\Components\LibraryV2\GDAL\GDAL_2.2.x_VC_NoIntFilesCleanUp\3rdpart\xerces-c-3.1.4\projects\XercesLib\x86\Release\DOMLSSerializerImpl.obj"
         "K:\Components\LibraryV2\GDAL\GDAL_2.2.x_VC_NoIntFilesCleanUp\3rdpart\xerces-c-3.1.4\projects\XercesLib\x86\Release\DOMNamedNodeMapImpl.obj"
         "K:\Components\LibraryV2\GDAL\GDAL_2.2.x_VC_NoIntFilesCleanUp\3rdpart\xerces-c-3.1.4\projects\XercesLib\x86\Release\DOMNodeIDMap.obj"
         "K:\Components\LibraryV2\GDAL\GDAL_2.2.x_VC_NoIntFilesCleanUp\3rdpart\xerces-c-3.1.4\projects\XercesLib\x86\Release\DOMNodeImpl.obj"
         "K:\Components\LibraryV2\GDAL\GDAL_2.2.x_VC_NoIntFilesCleanUp\3rdpart\xerces-c-3.1.4\projects\XercesLib\x86\Release\DOMNodeIteratorImpl.obj"
         "K:\Components\LibraryV2\GDAL\GDAL_2.2.x_VC_NoIntFilesCleanUp\3rdpart\xerces-c-3.1.4\projects\XercesLib\x86\Release\DOMNodeListImpl.obj"
         "K:\Components\LibraryV2\GDAL\GDAL_2.2.x_VC_NoIntFilesCleanUp\3rdpart\xerces-c-3.1.4\projects\XercesLib\x86\Release\DOMNodeVector.obj"
         "K:\Components\LibraryV2\GDAL\GDAL_2.2.x_VC_NoIntFilesCleanUp\3rdpart\xerces-c-3.1.4\projects\XercesLib\x86\Release\DOMNormalizer.obj"
         "K:\Components\LibraryV2\GDAL\GDAL_2.2.x_VC_NoIntFilesCleanUp\3rdpart\xerces-c-3.1.4\projects\XercesLib\x86\Release\DOMNotationImpl.obj"
         "K:\Components\LibraryV2\GDAL\GDAL_2.2.x_VC_NoIntFilesCleanUp\3rdpart\xerces-c-3.1.4\projects\XercesLib\x86\Release\DOMParentNode.obj"
         "K:\Components\LibraryV2\GDAL\GDAL_2.2.x_VC_NoIntFilesCleanUp\3rdpart\xerces-c-3.1.4\projects\XercesLib\x86\Release\DOMProcessingInstructionImpl.obj"
         "K:\Components\LibraryV2\GDAL\GDAL_2.2.x_VC_NoIntFilesCleanUp\3rdpart\xerces-c-3.1.4\projects\XercesLib\x86\Release\DOMRangeImpl.obj"
         "K:\Components\LibraryV2\GDAL\GDAL_2.2.x_VC_NoIntFilesCleanUp\3rdpart\xerces-c-3.1.4\projects\XercesLib\x86\Release\DOMStringListImpl.obj"
         "K:\Components\LibraryV2\GDAL\GDAL_2.2.x_VC_NoIntFilesCleanUp\3rdpart\xerces-c-3.1.4\projects\XercesLib\x86\Release\DOMStringPool.obj"
         "K:\Components\LibraryV2\GDAL\GDAL_2.2.x_VC_NoIntFilesCleanUp\3rdpart\xerces-c-3.1.4\projects\XercesLib\x86\Release\DOMTextImpl.obj"
         "K:\Components\LibraryV2\GDAL\GDAL_2.2.x_VC_NoIntFilesCleanUp\3rdpart\xerces-c-3.1.4\projects\XercesLib\x86\Release\DOMTreeWalkerImpl.obj"
         "K:\Components\LibraryV2\GDAL\GDAL_2.2.x_VC_NoIntFilesCleanUp\3rdpart\xerces-c-3.1.4\projects\XercesLib\x86\Release\DOMTypeInfoImpl.obj"
         "K:\Components\LibraryV2\GDAL\GDAL_2.2.x_VC_NoIntFilesCleanUp\3rdpart\xerces-c-3.1.4\projects\XercesLib\x86\Release\DOMXPathExpressionImpl.obj"
         "K:\Components\LibraryV2\GDAL\GDAL_2.2.x_VC_NoIntFilesCleanUp\3rdpart\xerces-c-3.1.4\projects\XercesLib\x86\Release\DOMXPathNSResolverImpl.obj"
         "K:\Components\LibraryV2\GDAL\GDAL_2.2.x_VC_NoIntFilesCleanUp\3rdpart\xerces-c-3.1.4\projects\XercesLib\x86\Release\DOMXPathResultImpl.obj"
         "K:\Components\LibraryV2\GDAL\GDAL_2.2.x_VC_NoIntFilesCleanUp\3rdpart\xerces-c-3.1.4\projects\XercesLib\x86\Release\XSDElementNSImpl.obj"
         "K:\Components\LibraryV2\GDAL\GDAL_2.2.x_VC_NoIntFilesCleanUp\3rdpart\xerces-c-3.1.4\projects\XercesLib\x86\Release\XIncludeDOMDocumentProcessor.obj"
         "K:\Components\LibraryV2\GDAL\GDAL_2.2.x_VC_NoIntFilesCleanUp\3rdpart\xerces-c-3.1.4\projects\XercesLib\x86\Release\XIncludeLocation.obj"
         "K:\Components\LibraryV2\GDAL\GDAL_2.2.x_VC_NoIntFilesCleanUp\3rdpart\xerces-c-3.1.4\projects\XercesLib\x86\Release\XIncludeUtils.obj"
            Creating library K:\Components\LibraryV2\GDAL\GDAL_2.2.x_VC_NoIntFilesCleanUp\3rdpart\xerces-c-3.1.4\projects\XercesLib\x86\Release\xerces-c-3-1-4.lib and object K:\Components\LibraryV2\GDAL\GDAL_2.2.x_VC_NoIntFilesCleanUp\3rdpart\xerces-c-3.1.4\projects\XercesLib\x86\Release\xerces-c-3-1-4.exp
         Generating code
         Finished generating code
         XercesLib.vcxproj -> K:\Components\LibraryV2\GDAL\GDAL_2.2.x_VC_NoIntFilesCleanUp\3rdpart\xerces-c-3.1.4\projects\XercesLib\x86\Release\xerces-c-3-1-4.dll
       Manifest:
         C:\Program Files (x86)\Microsoft SDKs\Windows\v7.0A\bin\mt.exe /nologo /verbose /outputresource:"K:\Components\LibraryV2\GDAL\GDAL_2.2.x_VC_NoIntFilesCleanUp\3rdpart\xerces-c-3.1.4\projects\XercesLib\x86\Release\xerces-c-3-1-4.dll;#2" /manifest "K:\Components\LibraryV2\GDAL\GDAL_2.2.x_VC_NoIntFilesCleanUp\3rdpart\xerces-c-3.1.4\projects\XercesLib\x86\Release\xerces-c-3-1-4.dll.intermediate.manifest"
     1>C:\Program Files (x86)\MSBuild\Microsoft.Cpp\v4.0\Microsoft.CppCommon.targets(574,5): error MSB6006: "mt.exe" exited with code 31.
     1>Done Building Project "K:\Components\LibraryV2\GDAL\GDAL_2.2.x_VC_NoIntFilesCleanUp\3rdpart\xerces-c-3.1.4\projects\XercesLib\XercesLib.vcxproj" (rebuild target(s)) -- FAILED.

Build FAILED.

Time Elapsed 00:01:04.85
