Build started 24/05/2017 10:06:35.
     1>Project "K:\Components\LibraryV2\GDAL\GDAL_2.2.x_VC_NoIntFilesCleanUp\3rdpart\xerces-c-3.1.4\projects\Win32\VC10\xerces-all\XercesLib\XercesLib.vcxproj" on node 2 (build target(s)).
     1>InitializeBuildStatus:
         Creating ".\..\..\..\..\..\Build\Win64\VC10\Debug\obj\XercesLib\XercesLib.unsuccessfulbuild" because "AlwaysCreate" was specified.
       CustomBuild:
         All outputs are up-to-date.
       ClCompile:
         All outputs are up-to-date.
       ResourceCompile:
         All outputs are up-to-date.
       ManifestResourceCompile:
         All outputs are up-to-date.
       Link:
         c:\Program Files (x86)\Microsoft Visual Studio 10.0\VC\bin\x86_amd64\link.exe /ERRORREPORT:PROMPT /OUT:"K:\Components\LibraryV2\GDAL\GDAL_2.2.x_VC_NoIntFilesCleanUp\3rdpart\xerces-c-3.1.4\projects\Win32\VC10\xerces-all\XercesLib\.\..\..\..\..\..\Build\Win64\VC10\Debug\xerces-c_3_1D.dll" /INCREMENTAL /NOLOGO ws2_32.lib advapi32.lib kernel32.lib user32.lib gdi32.lib winspool.lib comdlg32.lib advapi32.lib shell32.lib ole32.lib oleaut32.lib uuid.lib odbc32.lib odbccp32.lib /MANIFEST /ManifestFile:".\..\..\..\..\..\Build\Win64\VC10\Debug\obj\XercesLib\xerces-c_3_1D.dll.intermediate.manifest" /MANIFESTUAC:"level='asInvoker' uiAccess='false'" /DEBUG /PDB:".\..\..\..\..\..\Build\Win64\VC10\Debug\xerces-c_3_1D.pdb" /SUBSYSTEM:WINDOWS /TLBID:1 /BASE:"0x12000000" /DYNAMICBASE:NO /IMPLIB:".\..\..\..\..\..\Build\Win64\VC10\Debug\xerces-c_3_1D.lib" /MACHINE:X64 /DLL .\..\..\..\..\..\Build\Win64\VC10\Debug\obj\XercesLib\Version.res
         ".\..\..\..\..\..\Build\Win64\VC10\Debug\obj\XercesLib\xerces-c_3_1D.dll.embed.manifest.res"
         .\..\..\..\..\..\Build\Win64\VC10\Debug\obj\XercesLib\Base64.obj
         .\..\..\..\..\..\Build\Win64\VC10\Debug\obj\XercesLib\BinFileInputStream.obj
         .\..\..\..\..\..\Build\Win64\VC10\Debug\obj\XercesLib\BinInputStream.obj
         .\..\..\..\..\..\Build\Win64\VC10\Debug\obj\XercesLib\BinMemInputStream.obj
         .\..\..\..\..\..\Build\Win64\VC10\Debug\obj\XercesLib\BitSet.obj
         .\..\..\..\..\..\Build\Win64\VC10\Debug\obj\XercesLib\DefaultPanicHandler.obj
         .\..\..\..\..\..\Build\Win64\VC10\Debug\obj\XercesLib\EncodingValidator.obj
         .\..\..\..\..\..\Build\Win64\VC10\Debug\obj\XercesLib\HeaderDummy.obj
         .\..\..\..\..\..\Build\Win64\VC10\Debug\obj\XercesLib\HexBin.obj
         .\..\..\..\..\..\Build\Win64\VC10\Debug\obj\XercesLib\KVStringPair.obj
         .\..\..\..\..\..\Build\Win64\VC10\Debug\obj\XercesLib\Mutexes.obj
         .\..\..\..\..\..\Build\Win64\VC10\Debug\obj\XercesLib\PanicHandler.obj
         .\..\..\..\..\..\Build\Win64\VC10\Debug\obj\XercesLib\PlatformUtils.obj
         .\..\..\..\..\..\Build\Win64\VC10\Debug\obj\XercesLib\PSVIUni.obj
         .\..\..\..\..\..\Build\Win64\VC10\Debug\obj\XercesLib\QName.obj
         .\..\..\..\..\..\Build\Win64\VC10\Debug\obj\XercesLib\StringPool.obj
         .\..\..\..\..\..\Build\Win64\VC10\Debug\obj\XercesLib\SynchronizedStringPool.obj
         .\..\..\..\..\..\Build\Win64\VC10\Debug\obj\XercesLib\TransService.obj
         .\..\..\..\..\..\Build\Win64\VC10\Debug\obj\XercesLib\XMemory.obj
         .\..\..\..\..\..\Build\Win64\VC10\Debug\obj\XercesLib\XML256TableTranscoder.obj
         .\..\..\..\..\..\Build\Win64\VC10\Debug\obj\XercesLib\XML88591Transcoder.obj
         .\..\..\..\..\..\Build\Win64\VC10\Debug\obj\XercesLib\XMLAbstractDoubleFloat.obj
         .\..\..\..\..\..\Build\Win64\VC10\Debug\obj\XercesLib\XMLASCIITranscoder.obj
         .\..\..\..\..\..\Build\Win64\VC10\Debug\obj\XercesLib\XMLBigDecimal.obj
         .\..\..\..\..\..\Build\Win64\VC10\Debug\obj\XercesLib\XMLBigInteger.obj
         .\..\..\..\..\..\Build\Win64\VC10\Debug\obj\XercesLib\XMLChar.obj
         .\..\..\..\..\..\Build\Win64\VC10\Debug\obj\XercesLib\XMLChTranscoder.obj
         .\..\..\..\..\..\Build\Win64\VC10\Debug\obj\XercesLib\XMLDateTime.obj
         .\..\..\..\..\..\Build\Win64\VC10\Debug\obj\XercesLib\XMLDouble.obj
         .\..\..\..\..\..\Build\Win64\VC10\Debug\obj\XercesLib\XMLEBCDICTranscoder.obj
         .\..\..\..\..\..\Build\Win64\VC10\Debug\obj\XercesLib\XMLException.obj
         .\..\..\..\..\..\Build\Win64\VC10\Debug\obj\XercesLib\XMLFloat.obj
         .\..\..\..\..\..\Build\Win64\VC10\Debug\obj\XercesLib\XMLIBM1047Transcoder.obj
         .\..\..\..\..\..\Build\Win64\VC10\Debug\obj\XercesLib\XMLIBM1140Transcoder.obj
         .\..\..\..\..\..\Build\Win64\VC10\Debug\obj\XercesLib\XMLInitializer.obj
         .\..\..\..\..\..\Build\Win64\VC10\Debug\obj\XercesLib\XMLMsgLoader.obj
         .\..\..\..\..\..\Build\Win64\VC10\Debug\obj\XercesLib\XMLNumber.obj
         .\..\..\..\..\..\Build\Win64\VC10\Debug\obj\XercesLib\XMLString.obj
         .\..\..\..\..\..\Build\Win64\VC10\Debug\obj\XercesLib\XMLStringTokenizer.obj
         .\..\..\..\..\..\Build\Win64\VC10\Debug\obj\XercesLib\XMLUCS4Transcoder.obj
         .\..\..\..\..\..\Build\Win64\VC10\Debug\obj\XercesLib\XMLUni.obj
         .\..\..\..\..\..\Build\Win64\VC10\Debug\obj\XercesLib\XMLUri.obj
         .\..\..\..\..\..\Build\Win64\VC10\Debug\obj\XercesLib\XMLURL.obj
         .\..\..\..\..\..\Build\Win64\VC10\Debug\obj\XercesLib\XMLUTF16Transcoder.obj
         .\..\..\..\..\..\Build\Win64\VC10\Debug\obj\XercesLib\XMLUTF8Transcoder.obj
         .\..\..\..\..\..\Build\Win64\VC10\Debug\obj\XercesLib\XMLWin1252Transcoder.obj
         .\..\..\..\..\..\Build\Win64\VC10\Debug\obj\XercesLib\Win32MsgLoader.obj
         .\..\..\..\..\..\Build\Win64\VC10\Debug\obj\XercesLib\Win32TransService.obj
         .\..\..\..\..\..\Build\Win64\VC10\Debug\obj\XercesLib\BinHTTPInputStreamCommon.obj
         .\..\..\..\..\..\Build\Win64\VC10\Debug\obj\XercesLib\BinHTTPURLInputStream.obj
         .\..\..\..\..\..\Build\Win64\VC10\Debug\obj\XercesLib\WinSockNetAccessor.obj
         .\..\..\..\..\..\Build\Win64\VC10\Debug\obj\XercesLib\ASCIIRangeFactory.obj
         .\..\..\..\..\..\Build\Win64\VC10\Debug\obj\XercesLib\BlockRangeFactory.obj
         .\..\..\..\..\..\Build\Win64\VC10\Debug\obj\XercesLib\BMPattern.obj
         .\..\..\..\..\..\Build\Win64\VC10\Debug\obj\XercesLib\CharToken.obj
         .\..\..\..\..\..\Build\Win64\VC10\Debug\obj\XercesLib\ClosureToken.obj
         .\..\..\..\..\..\Build\Win64\VC10\Debug\obj\XercesLib\ConcatToken.obj
         .\..\..\..\..\..\Build\Win64\VC10\Debug\obj\XercesLib\Match.obj
         .\..\..\..\..\..\Build\Win64\VC10\Debug\obj\XercesLib\Op.obj
         .\..\..\..\..\..\Build\Win64\VC10\Debug\obj\XercesLib\OpFactory.obj
         .\..\..\..\..\..\Build\Win64\VC10\Debug\obj\XercesLib\ParenToken.obj
         .\..\..\..\..\..\Build\Win64\VC10\Debug\obj\XercesLib\ParserForXMLSchema.obj
         .\..\..\..\..\..\Build\Win64\VC10\Debug\obj\XercesLib\RangeFactory.obj
         .\..\..\..\..\..\Build\Win64\VC10\Debug\obj\XercesLib\RangeToken.obj
         .\..\..\..\..\..\Build\Win64\VC10\Debug\obj\XercesLib\RangeTokenMap.obj
         .\..\..\..\..\..\Build\Win64\VC10\Debug\obj\XercesLib\RegularExpression.obj
         .\..\..\..\..\..\Build\Win64\VC10\Debug\obj\XercesLib\RegxParser.obj
         .\..\..\..\..\..\Build\Win64\VC10\Debug\obj\XercesLib\RegxUtil.obj
         .\..\..\..\..\..\Build\Win64\VC10\Debug\obj\XercesLib\StringToken.obj
         .\..\..\..\..\..\Build\Win64\VC10\Debug\obj\XercesLib\Token.obj
         .\..\..\..\..\..\Build\Win64\VC10\Debug\obj\XercesLib\TokenFactory.obj
         .\..\..\..\..\..\Build\Win64\VC10\Debug\obj\XercesLib\UnicodeRangeFactory.obj
         .\..\..\..\..\..\Build\Win64\VC10\Debug\obj\XercesLib\UnionToken.obj
         .\..\..\..\..\..\Build\Win64\VC10\Debug\obj\XercesLib\XMLRangeFactory.obj
         .\..\..\..\..\..\Build\Win64\VC10\Debug\obj\XercesLib\XMLUniCharacter.obj
         .\..\..\..\..\..\Build\Win64\VC10\Debug\obj\XercesLib\WindowsFileMgr.obj
         .\..\..\..\..\..\Build\Win64\VC10\Debug\obj\XercesLib\WindowsMutexMgr.obj
         .\..\..\..\..\..\Build\Win64\VC10\Debug\obj\XercesLib\LocalFileFormatTarget.obj
         .\..\..\..\..\..\Build\Win64\VC10\Debug\obj\XercesLib\LocalFileInputSource.obj
         .\..\..\..\..\..\Build\Win64\VC10\Debug\obj\XercesLib\MemBufFormatTarget.obj
         .\..\..\..\..\..\Build\Win64\VC10\Debug\obj\XercesLib\MemBufInputSource.obj
         .\..\..\..\..\..\Build\Win64\VC10\Debug\obj\XercesLib\StdInInputSource.obj
         .\..\..\..\..\..\Build\Win64\VC10\Debug\obj\XercesLib\StdOutFormatTarget.obj
         .\..\..\..\..\..\Build\Win64\VC10\Debug\obj\XercesLib\URLInputSource.obj
         .\..\..\..\..\..\Build\Win64\VC10\Debug\obj\XercesLib\Wrapper4DOMLSInput.obj
         .\..\..\..\..\..\Build\Win64\VC10\Debug\obj\XercesLib\Wrapper4InputSource.obj
         .\..\..\..\..\..\Build\Win64\VC10\Debug\obj\XercesLib\XMLAttDef.obj
         .\..\..\..\..\..\Build\Win64\VC10\Debug\obj\XercesLib\XMLAttDefList.obj
         .\..\..\..\..\..\Build\Win64\VC10\Debug\obj\XercesLib\XMLAttr.obj
         .\..\..\..\..\..\Build\Win64\VC10\Debug\obj\XercesLib\XMLBuffer.obj
         .\..\..\..\..\..\Build\Win64\VC10\Debug\obj\XercesLib\XMLBufferMgr.obj
         .\..\..\..\..\..\Build\Win64\VC10\Debug\obj\XercesLib\XMLContentModel.obj
         .\..\..\..\..\..\Build\Win64\VC10\Debug\obj\XercesLib\XMLDTDDescription.obj
         .\..\..\..\..\..\Build\Win64\VC10\Debug\obj\XercesLib\XMLElementDecl.obj
         .\..\..\..\..\..\Build\Win64\VC10\Debug\obj\XercesLib\XMLEntityDecl.obj
         .\..\..\..\..\..\Build\Win64\VC10\Debug\obj\XercesLib\XMLFormatter.obj
         .\..\..\..\..\..\Build\Win64\VC10\Debug\obj\XercesLib\XMLGrammarDescription.obj
         .\..\..\..\..\..\Build\Win64\VC10\Debug\obj\XercesLib\XMLGrammarPoolImpl.obj
         .\..\..\..\..\..\Build\Win64\VC10\Debug\obj\XercesLib\XMLNotationDecl.obj
         .\..\..\..\..\..\Build\Win64\VC10\Debug\obj\XercesLib\XMLRecognizer.obj
         .\..\..\..\..\..\Build\Win64\VC10\Debug\obj\XercesLib\XMLRefInfo.obj
         .\..\..\..\..\..\Build\Win64\VC10\Debug\obj\XercesLib\XMLSchemaDescription.obj
         .\..\..\..\..\..\Build\Win64\VC10\Debug\obj\XercesLib\XMLValidator.obj
         .\..\..\..\..\..\Build\Win64\VC10\Debug\obj\XercesLib\PSVIAttribute.obj
         .\..\..\..\..\..\Build\Win64\VC10\Debug\obj\XercesLib\PSVIAttributeList.obj
         .\..\..\..\..\..\Build\Win64\VC10\Debug\obj\XercesLib\PSVIElement.obj
         .\..\..\..\..\..\Build\Win64\VC10\Debug\obj\XercesLib\PSVIItem.obj
         .\..\..\..\..\..\Build\Win64\VC10\Debug\obj\XercesLib\XSAnnotation.obj
         .\..\..\..\..\..\Build\Win64\VC10\Debug\obj\XercesLib\XSAttributeDeclaration.obj
         .\..\..\..\..\..\Build\Win64\VC10\Debug\obj\XercesLib\XSAttributeGroupDefinition.obj
         .\..\..\..\..\..\Build\Win64\VC10\Debug\obj\XercesLib\XSAttributeUse.obj
         .\..\..\..\..\..\Build\Win64\VC10\Debug\obj\XercesLib\XSComplexTypeDefinition.obj
         .\..\..\..\..\..\Build\Win64\VC10\Debug\obj\XercesLib\XSElementDeclaration.obj
         .\..\..\..\..\..\Build\Win64\VC10\Debug\obj\XercesLib\XSFacet.obj
         .\..\..\..\..\..\Build\Win64\VC10\Debug\obj\XercesLib\XSIDCDefinition.obj
         .\..\..\..\..\..\Build\Win64\VC10\Debug\obj\XercesLib\XSModel.obj
         .\..\..\..\..\..\Build\Win64\VC10\Debug\obj\XercesLib\XSModelGroup.obj
         .\..\..\..\..\..\Build\Win64\VC10\Debug\obj\XercesLib\XSModelGroupDefinition.obj
         .\..\..\..\..\..\Build\Win64\VC10\Debug\obj\XercesLib\XSMultiValueFacet.obj
         .\..\..\..\..\..\Build\Win64\VC10\Debug\obj\XercesLib\XSNamespaceItem.obj
         .\..\..\..\..\..\Build\Win64\VC10\Debug\obj\XercesLib\XSNotationDeclaration.obj
         .\..\..\..\..\..\Build\Win64\VC10\Debug\obj\XercesLib\XSObject.obj
         .\..\..\..\..\..\Build\Win64\VC10\Debug\obj\XercesLib\XSParticle.obj
         .\..\..\..\..\..\Build\Win64\VC10\Debug\obj\XercesLib\XSSimpleTypeDefinition.obj
         .\..\..\..\..\..\Build\Win64\VC10\Debug\obj\XercesLib\XSTypeDefinition.obj
         .\..\..\..\..\..\Build\Win64\VC10\Debug\obj\XercesLib\XSValue.obj
         .\..\..\..\..\..\Build\Win64\VC10\Debug\obj\XercesLib\XSWildcard.obj
         .\..\..\..\..\..\Build\Win64\VC10\Debug\obj\XercesLib\BinFileOutputStream.obj
         .\..\..\..\..\..\Build\Win64\VC10\Debug\obj\XercesLib\BinMemOutputStream.obj
         .\..\..\..\..\..\Build\Win64\VC10\Debug\obj\XercesLib\BinOutputStream.obj
         .\..\..\..\..\..\Build\Win64\VC10\Debug\obj\XercesLib\DGXMLScanner.obj
         .\..\..\..\..\..\Build\Win64\VC10\Debug\obj\XercesLib\ElemStack.obj
         .\..\..\..\..\..\Build\Win64\VC10\Debug\obj\XercesLib\IGXMLScanner.obj
         .\..\..\..\..\..\Build\Win64\VC10\Debug\obj\XercesLib\IGXMLScanner2.obj
         .\..\..\..\..\..\Build\Win64\VC10\Debug\obj\XercesLib\MemoryManagerImpl.obj
         .\..\..\..\..\..\Build\Win64\VC10\Debug\obj\XercesLib\ReaderMgr.obj
         .\..\..\..\..\..\Build\Win64\VC10\Debug\obj\XercesLib\SGXMLScanner.obj
         .\..\..\..\..\..\Build\Win64\VC10\Debug\obj\XercesLib\ValidationContextImpl.obj
         .\..\..\..\..\..\Build\Win64\VC10\Debug\obj\XercesLib\VecAttributesImpl.obj
         .\..\..\..\..\..\Build\Win64\VC10\Debug\obj\XercesLib\VecAttrListImpl.obj
         .\..\..\..\..\..\Build\Win64\VC10\Debug\obj\XercesLib\WFXMLScanner.obj
         .\..\..\..\..\..\Build\Win64\VC10\Debug\obj\XercesLib\XMLReader.obj
         .\..\..\..\..\..\Build\Win64\VC10\Debug\obj\XercesLib\XMLScanner.obj
         .\..\..\..\..\..\Build\Win64\VC10\Debug\obj\XercesLib\XMLScannerResolver.obj
         .\..\..\..\..\..\Build\Win64\VC10\Debug\obj\XercesLib\XProtoType.obj
         .\..\..\..\..\..\Build\Win64\VC10\Debug\obj\XercesLib\XSAXMLScanner.obj
         .\..\..\..\..\..\Build\Win64\VC10\Debug\obj\XercesLib\XSerializeEngine.obj
         .\..\..\..\..\..\Build\Win64\VC10\Debug\obj\XercesLib\XSObjectFactory.obj
         .\..\..\..\..\..\Build\Win64\VC10\Debug\obj\XercesLib\XTemplateSerializer.obj
         .\..\..\..\..\..\Build\Win64\VC10\Debug\obj\XercesLib\Dummy.obj
         .\..\..\..\..\..\Build\Win64\VC10\Debug\obj\XercesLib\InputSource.obj
         .\..\..\..\..\..\Build\Win64\VC10\Debug\obj\XercesLib\SAXException.obj
         .\..\..\..\..\..\Build\Win64\VC10\Debug\obj\XercesLib\SAXParseException.obj
         .\..\..\..\..\..\Build\Win64\VC10\Debug\obj\XercesLib\AbstractDOMParser.obj
         .\..\..\..\..\..\Build\Win64\VC10\Debug\obj\XercesLib\DOMLSParserImpl.obj
         .\..\..\..\..\..\Build\Win64\VC10\Debug\obj\XercesLib\SAX2XMLFilterImpl.obj
         .\..\..\..\..\..\Build\Win64\VC10\Debug\obj\XercesLib\SAX2XMLReaderImpl.obj
         .\..\..\..\..\..\Build\Win64\VC10\Debug\obj\XercesLib\SAXParser.obj
         .\..\..\..\..\..\Build\Win64\VC10\Debug\obj\XercesLib\XercesDOMParser.obj
         .\..\..\..\..\..\Build\Win64\VC10\Debug\obj\XercesLib\AllContentModel.obj
         .\..\..\..\..\..\Build\Win64\VC10\Debug\obj\XercesLib\CMAny.obj
         .\..\..\..\..\..\Build\Win64\VC10\Debug\obj\XercesLib\CMBinaryOp.obj
         .\..\..\..\..\..\Build\Win64\VC10\Debug\obj\XercesLib\CMUnaryOp.obj
         .\..\..\..\..\..\Build\Win64\VC10\Debug\obj\XercesLib\ContentLeafNameTypeVector.obj
         .\..\..\..\..\..\Build\Win64\VC10\Debug\obj\XercesLib\ContentSpecNode.obj
         .\..\..\..\..\..\Build\Win64\VC10\Debug\obj\XercesLib\DFAContentModel.obj
         .\..\..\..\..\..\Build\Win64\VC10\Debug\obj\XercesLib\Grammar.obj
         .\..\..\..\..\..\Build\Win64\VC10\Debug\obj\XercesLib\GrammarResolver.obj
         .\..\..\..\..\..\Build\Win64\VC10\Debug\obj\XercesLib\MixedContentModel.obj
         .\..\..\..\..\..\Build\Win64\VC10\Debug\obj\XercesLib\SimpleContentModel.obj
         .\..\..\..\..\..\Build\Win64\VC10\Debug\obj\XercesLib\AbstractNumericFacetValidator.obj
         .\..\..\..\..\..\Build\Win64\VC10\Debug\obj\XercesLib\AbstractNumericValidator.obj
         .\..\..\..\..\..\Build\Win64\VC10\Debug\obj\XercesLib\AbstractStringValidator.obj
         .\..\..\..\..\..\Build\Win64\VC10\Debug\obj\XercesLib\AnySimpleTypeDatatypeValidator.obj
         .\..\..\..\..\..\Build\Win64\VC10\Debug\obj\XercesLib\AnyURIDatatypeValidator.obj
         .\..\..\..\..\..\Build\Win64\VC10\Debug\obj\XercesLib\Base64BinaryDatatypeValidator.obj
         .\..\..\..\..\..\Build\Win64\VC10\Debug\obj\XercesLib\BooleanDatatypeValidator.obj
         .\..\..\..\..\..\Build\Win64\VC10\Debug\obj\XercesLib\DatatypeValidator.obj
         .\..\..\..\..\..\Build\Win64\VC10\Debug\obj\XercesLib\DatatypeValidatorFactory.obj
         .\..\..\..\..\..\Build\Win64\VC10\Debug\obj\XercesLib\DateDatatypeValidator.obj
         .\..\..\..\..\..\Build\Win64\VC10\Debug\obj\XercesLib\DateTimeDatatypeValidator.obj
         .\..\..\..\..\..\Build\Win64\VC10\Debug\obj\XercesLib\DateTimeValidator.obj
         .\..\..\..\..\..\Build\Win64\VC10\Debug\obj\XercesLib\DayDatatypeValidator.obj
         .\..\..\..\..\..\Build\Win64\VC10\Debug\obj\XercesLib\DecimalDatatypeValidator.obj
         .\..\..\..\..\..\Build\Win64\VC10\Debug\obj\XercesLib\DoubleDatatypeValidator.obj
         .\..\..\..\..\..\Build\Win64\VC10\Debug\obj\XercesLib\DurationDatatypeValidator.obj
         .\..\..\..\..\..\Build\Win64\VC10\Debug\obj\XercesLib\ENTITYDatatypeValidator.obj
         .\..\..\..\..\..\Build\Win64\VC10\Debug\obj\XercesLib\FloatDatatypeValidator.obj
         .\..\..\..\..\..\Build\Win64\VC10\Debug\obj\XercesLib\HexBinaryDatatypeValidator.obj
         .\..\..\..\..\..\Build\Win64\VC10\Debug\obj\XercesLib\IDDatatypeValidator.obj
         .\..\..\..\..\..\Build\Win64\VC10\Debug\obj\XercesLib\IDREFDatatypeValidator.obj
         .\..\..\..\..\..\Build\Win64\VC10\Debug\obj\XercesLib\ListDatatypeValidator.obj
         .\..\..\..\..\..\Build\Win64\VC10\Debug\obj\XercesLib\MonthDatatypeValidator.obj
         .\..\..\..\..\..\Build\Win64\VC10\Debug\obj\XercesLib\MonthDayDatatypeValidator.obj
         .\..\..\..\..\..\Build\Win64\VC10\Debug\obj\XercesLib\NameDatatypeValidator.obj
         .\..\..\..\..\..\Build\Win64\VC10\Debug\obj\XercesLib\NCNameDatatypeValidator.obj
         .\..\..\..\..\..\Build\Win64\VC10\Debug\obj\XercesLib\NOTATIONDatatypeValidator.obj
         .\..\..\..\..\..\Build\Win64\VC10\Debug\obj\XercesLib\QNameDatatypeValidator.obj
         .\..\..\..\..\..\Build\Win64\VC10\Debug\obj\XercesLib\StringDatatypeValidator.obj
         .\..\..\..\..\..\Build\Win64\VC10\Debug\obj\XercesLib\TimeDatatypeValidator.obj
         .\..\..\..\..\..\Build\Win64\VC10\Debug\obj\XercesLib\UnionDatatypeValidator.obj
         .\..\..\..\..\..\Build\Win64\VC10\Debug\obj\XercesLib\XMLCanRepGroup.obj
         .\..\..\..\..\..\Build\Win64\VC10\Debug\obj\XercesLib\YearDatatypeValidator.obj
         .\..\..\..\..\..\Build\Win64\VC10\Debug\obj\XercesLib\YearMonthDatatypeValidator.obj
         .\..\..\..\..\..\Build\Win64\VC10\Debug\obj\XercesLib\DTDAttDef.obj
         .\..\..\..\..\..\Build\Win64\VC10\Debug\obj\XercesLib\DTDAttDefList.obj
         .\..\..\..\..\..\Build\Win64\VC10\Debug\obj\XercesLib\DTDElementDecl.obj
         .\..\..\..\..\..\Build\Win64\VC10\Debug\obj\XercesLib\DTDEntityDecl.obj
         .\..\..\..\..\..\Build\Win64\VC10\Debug\obj\XercesLib\DTDGrammar.obj
         .\..\..\..\..\..\Build\Win64\VC10\Debug\obj\XercesLib\DTDScanner.obj
         .\..\..\..\..\..\Build\Win64\VC10\Debug\obj\XercesLib\DTDValidator.obj
         .\..\..\..\..\..\Build\Win64\VC10\Debug\obj\XercesLib\XMLDTDDescriptionImpl.obj
         .\..\..\..\..\..\Build\Win64\VC10\Debug\obj\XercesLib\ComplexTypeInfo.obj
         .\..\..\..\..\..\Build\Win64\VC10\Debug\obj\XercesLib\GeneralAttributeCheck.obj
         .\..\..\..\..\..\Build\Win64\VC10\Debug\obj\XercesLib\NamespaceScope.obj
         .\..\..\..\..\..\Build\Win64\VC10\Debug\obj\XercesLib\SchemaAttDef.obj
         .\..\..\..\..\..\Build\Win64\VC10\Debug\obj\XercesLib\SchemaAttDefList.obj
         .\..\..\..\..\..\Build\Win64\VC10\Debug\obj\XercesLib\SchemaElementDecl.obj
         .\..\..\..\..\..\Build\Win64\VC10\Debug\obj\XercesLib\SchemaGrammar.obj
         .\..\..\..\..\..\Build\Win64\VC10\Debug\obj\XercesLib\SchemaInfo.obj
         .\..\..\..\..\..\Build\Win64\VC10\Debug\obj\XercesLib\SchemaSymbols.obj
         .\..\..\..\..\..\Build\Win64\VC10\Debug\obj\XercesLib\SchemaValidator.obj
         .\..\..\..\..\..\Build\Win64\VC10\Debug\obj\XercesLib\SubstitutionGroupComparator.obj
         .\..\..\..\..\..\Build\Win64\VC10\Debug\obj\XercesLib\TraverseSchema.obj
         .\..\..\..\..\..\Build\Win64\VC10\Debug\obj\XercesLib\XercesAttGroupInfo.obj
         .\..\..\..\..\..\Build\Win64\VC10\Debug\obj\XercesLib\XercesElementWildcard.obj
         .\..\..\..\..\..\Build\Win64\VC10\Debug\obj\XercesLib\XercesGroupInfo.obj
         .\..\..\..\..\..\Build\Win64\VC10\Debug\obj\XercesLib\XMLSchemaDescriptionImpl.obj
         .\..\..\..\..\..\Build\Win64\VC10\Debug\obj\XercesLib\XSDDOMParser.obj
         .\..\..\..\..\..\Build\Win64\VC10\Debug\obj\XercesLib\XSDErrorReporter.obj
         .\..\..\..\..\..\Build\Win64\VC10\Debug\obj\XercesLib\XSDLocator.obj
         .\..\..\..\..\..\Build\Win64\VC10\Debug\obj\XercesLib\XUtil.obj
         .\..\..\..\..\..\Build\Win64\VC10\Debug\obj\XercesLib\FieldActivator.obj
         .\..\..\..\..\..\Build\Win64\VC10\Debug\obj\XercesLib\FieldValueMap.obj
         .\..\..\..\..\..\Build\Win64\VC10\Debug\obj\XercesLib\IC_Field.obj
         .\..\..\..\..\..\Build\Win64\VC10\Debug\obj\XercesLib\IC_Key.obj
         .\..\..\..\..\..\Build\Win64\VC10\Debug\obj\XercesLib\IC_KeyRef.obj
         .\..\..\..\..\..\Build\Win64\VC10\Debug\obj\XercesLib\IC_Selector.obj
         .\..\..\..\..\..\Build\Win64\VC10\Debug\obj\XercesLib\IC_Unique.obj
         .\..\..\..\..\..\Build\Win64\VC10\Debug\obj\XercesLib\IdentityConstraint.obj
         .\..\..\..\..\..\Build\Win64\VC10\Debug\obj\XercesLib\IdentityConstraintHandler.obj
         .\..\..\..\..\..\Build\Win64\VC10\Debug\obj\XercesLib\ValueStore.obj
         .\..\..\..\..\..\Build\Win64\VC10\Debug\obj\XercesLib\ValueStoreCache.obj
         .\..\..\..\..\..\Build\Win64\VC10\Debug\obj\XercesLib\XercesXPath.obj
         .\..\..\..\..\..\Build\Win64\VC10\Debug\obj\XercesLib\XPathMatcher.obj
         .\..\..\..\..\..\Build\Win64\VC10\Debug\obj\XercesLib\XPathMatcherStack.obj
         .\..\..\..\..\..\Build\Win64\VC10\Debug\obj\XercesLib\XPathSymbols.obj
         .\..\..\..\..\..\Build\Win64\VC10\Debug\obj\XercesLib\sax2Dummy.obj
         .\..\..\..\..\..\Build\Win64\VC10\Debug\obj\XercesLib\DOMException.obj
         .\..\..\..\..\..\Build\Win64\VC10\Debug\obj\XercesLib\DOMLSException.obj
         .\..\..\..\..\..\Build\Win64\VC10\Debug\obj\XercesLib\DOMRangeException.obj
         .\..\..\..\..\..\Build\Win64\VC10\Debug\obj\XercesLib\DOMXPathException.obj
         .\..\..\..\..\..\Build\Win64\VC10\Debug\obj\XercesLib\DOMAttrImpl.obj
         .\..\..\..\..\..\Build\Win64\VC10\Debug\obj\XercesLib\DOMAttrMapImpl.obj
         .\..\..\..\..\..\Build\Win64\VC10\Debug\obj\XercesLib\DOMAttrNSImpl.obj
         .\..\..\..\..\..\Build\Win64\VC10\Debug\obj\XercesLib\DOMCDATASectionImpl.obj
         .\..\..\..\..\..\Build\Win64\VC10\Debug\obj\XercesLib\DOMCharacterDataImpl.obj
         .\..\..\..\..\..\Build\Win64\VC10\Debug\obj\XercesLib\DOMChildNode.obj
         .\..\..\..\..\..\Build\Win64\VC10\Debug\obj\XercesLib\DOMCommentImpl.obj
         .\..\..\..\..\..\Build\Win64\VC10\Debug\obj\XercesLib\DOMConfigurationImpl.obj
         .\..\..\..\..\..\Build\Win64\VC10\Debug\obj\XercesLib\DOMDeepNodeListImpl.obj
         .\..\..\..\..\..\Build\Win64\VC10\Debug\obj\XercesLib\DOMDocumentFragmentImpl.obj
         .\..\..\..\..\..\Build\Win64\VC10\Debug\obj\XercesLib\DOMDocumentImpl.obj
         .\..\..\..\..\..\Build\Win64\VC10\Debug\obj\XercesLib\DOMDocumentTypeImpl.obj
         .\..\..\..\..\..\Build\Win64\VC10\Debug\obj\XercesLib\DOMElementImpl.obj
         .\..\..\..\..\..\Build\Win64\VC10\Debug\obj\XercesLib\DOMElementNSImpl.obj
         .\..\..\..\..\..\Build\Win64\VC10\Debug\obj\XercesLib\DOMEntityImpl.obj
         .\..\..\..\..\..\Build\Win64\VC10\Debug\obj\XercesLib\DOMEntityReferenceImpl.obj
         .\..\..\..\..\..\Build\Win64\VC10\Debug\obj\XercesLib\DOMErrorImpl.obj
         .\..\..\..\..\..\Build\Win64\VC10\Debug\obj\XercesLib\DOMImplementationImpl.obj
         .\..\..\..\..\..\Build\Win64\VC10\Debug\obj\XercesLib\DOMImplementationListImpl.obj
         .\..\..\..\..\..\Build\Win64\VC10\Debug\obj\XercesLib\DOMImplementationRegistry.obj
         .\..\..\..\..\..\Build\Win64\VC10\Debug\obj\XercesLib\DOMLocatorImpl.obj
         .\..\..\..\..\..\Build\Win64\VC10\Debug\obj\XercesLib\DOMLSInputImpl.obj
         .\..\..\..\..\..\Build\Win64\VC10\Debug\obj\XercesLib\DOMLSOutputImpl.obj
         .\..\..\..\..\..\Build\Win64\VC10\Debug\obj\XercesLib\DOMLSSerializerImpl.obj
         .\..\..\..\..\..\Build\Win64\VC10\Debug\obj\XercesLib\DOMNamedNodeMapImpl.obj
         .\..\..\..\..\..\Build\Win64\VC10\Debug\obj\XercesLib\DOMNodeIDMap.obj
         .\..\..\..\..\..\Build\Win64\VC10\Debug\obj\XercesLib\DOMNodeImpl.obj
         .\..\..\..\..\..\Build\Win64\VC10\Debug\obj\XercesLib\DOMNodeIteratorImpl.obj
         .\..\..\..\..\..\Build\Win64\VC10\Debug\obj\XercesLib\DOMNodeListImpl.obj
         .\..\..\..\..\..\Build\Win64\VC10\Debug\obj\XercesLib\DOMNodeVector.obj
         .\..\..\..\..\..\Build\Win64\VC10\Debug\obj\XercesLib\DOMNormalizer.obj
         .\..\..\..\..\..\Build\Win64\VC10\Debug\obj\XercesLib\DOMNotationImpl.obj
         .\..\..\..\..\..\Build\Win64\VC10\Debug\obj\XercesLib\DOMParentNode.obj
         .\..\..\..\..\..\Build\Win64\VC10\Debug\obj\XercesLib\DOMProcessingInstructionImpl.obj
         .\..\..\..\..\..\Build\Win64\VC10\Debug\obj\XercesLib\DOMRangeImpl.obj
         .\..\..\..\..\..\Build\Win64\VC10\Debug\obj\XercesLib\DOMStringListImpl.obj
         .\..\..\..\..\..\Build\Win64\VC10\Debug\obj\XercesLib\DOMStringPool.obj
         .\..\..\..\..\..\Build\Win64\VC10\Debug\obj\XercesLib\DOMTextImpl.obj
         .\..\..\..\..\..\Build\Win64\VC10\Debug\obj\XercesLib\DOMTreeWalkerImpl.obj
         .\..\..\..\..\..\Build\Win64\VC10\Debug\obj\XercesLib\DOMTypeInfoImpl.obj
         .\..\..\..\..\..\Build\Win64\VC10\Debug\obj\XercesLib\DOMXPathExpressionImpl.obj
         .\..\..\..\..\..\Build\Win64\VC10\Debug\obj\XercesLib\DOMXPathNSResolverImpl.obj
         .\..\..\..\..\..\Build\Win64\VC10\Debug\obj\XercesLib\DOMXPathResultImpl.obj
         .\..\..\..\..\..\Build\Win64\VC10\Debug\obj\XercesLib\XSDElementNSImpl.obj
         .\..\..\..\..\..\Build\Win64\VC10\Debug\obj\XercesLib\XIncludeDOMDocumentProcessor.obj
         .\..\..\..\..\..\Build\Win64\VC10\Debug\obj\XercesLib\XIncludeLocation.obj
         .\..\..\..\..\..\Build\Win64\VC10\Debug\obj\XercesLib\XIncludeUtils.obj
            Creating library .\..\..\..\..\..\Build\Win64\VC10\Debug\xerces-c_3_1D.lib and object .\..\..\..\..\..\Build\Win64\VC10\Debug\xerces-c_3_1D.exp
         XercesLib.vcxproj -> K:\Components\LibraryV2\GDAL\GDAL_2.2.x_VC_NoIntFilesCleanUp\3rdpart\xerces-c-3.1.4\projects\Win32\VC10\xerces-all\XercesLib\.\..\..\..\..\..\Build\Win64\VC10\Debug\xerces-c_3_1D.dll
       Manifest:
         C:\Program Files (x86)\Microsoft SDKs\Windows\v7.0A\bin\mt.exe /nologo /verbose /out:".\..\..\..\..\..\Build\Win64\VC10\Debug\obj\XercesLib\xerces-c_3_1D.dll.embed.manifest" /manifest ".\..\..\..\..\..\Build\Win64\VC10\Debug\obj\XercesLib\xerces-c_3_1D.dll.intermediate.manifest"
         All outputs are up-to-date.
       LinkEmbedManifest:
         All outputs are up-to-date.
         XercesLib.vcxproj -> K:\Components\LibraryV2\GDAL\GDAL_2.2.x_VC_NoIntFilesCleanUp\3rdpart\xerces-c-3.1.4\projects\Win32\VC10\xerces-all\XercesLib\.\..\..\..\..\..\Build\Win64\VC10\Debug\xerces-c_3_1D.dll
       FinalizeBuildStatus:
         Deleting file ".\..\..\..\..\..\Build\Win64\VC10\Debug\obj\XercesLib\XercesLib.unsuccessfulbuild".
         Touching ".\..\..\..\..\..\Build\Win64\VC10\Debug\obj\XercesLib\XercesLib.lastbuildstate".
     1>Done Building Project "K:\Components\LibraryV2\GDAL\GDAL_2.2.x_VC_NoIntFilesCleanUp\3rdpart\xerces-c-3.1.4\projects\Win32\VC10\xerces-all\XercesLib\XercesLib.vcxproj" (build target(s)).

Build succeeded.

Time Elapsed 00:00:05.47
