Build started 08/09/2017 07:31:41.
     1>Project "K:\Components\LibraryV2\GDAL\GDAL_2.2.x_VC_NoIntFilesCleanUp\libgdal-2.2.1\gdal_rename\gdal_rename.vcxproj" on node 2 (build target(s)).
     1>InitializeBuildStatus:
         Touching "K:\Components\LibraryV2\GDAL\GDAL_2.2.x_VC_NoIntFilesCleanUp\libgdal-2.2.1\gdal_rename\x86\Debug\gdal_rename.unsuccessfulbuild".
       ClCompile:
         c:\Program Files (x86)\Microsoft Visual Studio 10.0\VC\bin\CL.exe /c /I"../../gdal-2.2.1/alg" /I"../../gdal-2.2.1/apps" /I"../../gdal-2.2.1/frmts" /I"../../gdal-2.2.1/gcore" /I"../../gdal-2.2.1/ogr" /I"../../gdal-2.2.1/port" /I"../../gdal-2.2.1/frmts/vrt" /I"../../gdal-2.2.1/ogr/ogrsf_frmts/geojson" /I"../../gdal-2.2.1/ogr/ogrsf_frmts/geojson/libjson" /IK:\Components\Library\boost\1_60_0 /ZI /nologo /W3 /WX- /Od /Oy- /D WIN32 /D _DEBUG /D _CONSOLE /D _CRT_SECURE_NO_WARNINGS /D _MBCS /Gm /EHsc /RTC1 /MDd /GS /fp:precise /Zc:wchar_t /Zc:forScope /Fo"K:\Components\LibraryV2\GDAL\GDAL_2.2.x_VC_NoIntFilesCleanUp\libgdal-2.2.1\gdal_rename\x86\Debug\\" /Fd"K:\Components\LibraryV2\GDAL\GDAL_2.2.x_VC_NoIntFilesCleanUp\libgdal-2.2.1\gdal_rename\x86\Debug\vc100.pdb" /Gd /TP /analyze- /errorReport:prompt gdal_rename.cpp
         gdal_rename.cpp
     1>k:\components\libraryv2\gdal\gdal_2.2.x_vc_nointfilescleanup\gdal-2.2.1\port\cpl_string.h(339): warning C4251: 'std::_String_val<_Elem,_Alloc>::_Alval' : class 'std::allocator<_Ty>' needs to have dll-interface to be used by clients of class 'std::_String_val<_Elem,_Alloc>'
                 with
                 [
                     _Elem=char,
                     _Alloc=std::allocator<char>
                 ]
                 and
                 [
                     _Ty=char
                 ]
                 and
                 [
                     _Elem=char,
                     _Alloc=std::allocator<char>
                 ]
     1>k:\components\libraryv2\gdal\gdal_2.2.x_vc_nointfilescleanup\gdal-2.2.1\gcore\gdal_priv.h(753): warning C4251: 'GDALColorTable::aoEntries' : class 'std::vector<_Ty>' needs to have dll-interface to be used by clients of class 'GDALColorTable'
                 with
                 [
                     _Ty=GDALColorEntry
                 ]
     1>k:\components\libraryv2\gdal\gdal_2.2.x_vc_nointfilescleanup\gdal-2.2.1\gcore\gdal_priv.h(1274): warning C4251: 'GDALDriverManager::oMapNameToDrivers' : class 'std::map<_Kty,_Ty>' needs to have dll-interface to be used by clients of class 'GDALDriverManager'
                 with
                 [
                     _Kty=CPLString,
                     _Ty=GDALDriver *
                 ]
     1>k:\components\libraryv2\gdal\gdal_2.2.x_vc_nointfilescleanup\libgdal-2.2.1\gdal_rename\gdal_rename.cpp(220): warning C4996: 'stricmp': The POSIX name for this item is deprecated. Instead, use the ISO C++ conformant name: _stricmp. See online help for details.
                 c:\program files (x86)\microsoft visual studio 10.0\vc\include\string.h(246) : see declaration of 'stricmp'
     1>k:\components\libraryv2\gdal\gdal_2.2.x_vc_nointfilescleanup\libgdal-2.2.1\gdal_rename\gdal_rename.cpp(223): warning C4996: 'stricmp': The POSIX name for this item is deprecated. Instead, use the ISO C++ conformant name: _stricmp. See online help for details.
                 c:\program files (x86)\microsoft visual studio 10.0\vc\include\string.h(246) : see declaration of 'stricmp'
     1>k:\components\libraryv2\gdal\gdal_2.2.x_vc_nointfilescleanup\libgdal-2.2.1\gdal_rename\gdal_rename.cpp(226): warning C4996: 'stricmp': The POSIX name for this item is deprecated. Instead, use the ISO C++ conformant name: _stricmp. See online help for details.
                 c:\program files (x86)\microsoft visual studio 10.0\vc\include\string.h(246) : see declaration of 'stricmp'
     1>k:\components\libraryv2\gdal\gdal_2.2.x_vc_nointfilescleanup\libgdal-2.2.1\gdal_rename\gdal_rename.cpp(234): warning C4996: 'stricmp': The POSIX name for this item is deprecated. Instead, use the ISO C++ conformant name: _stricmp. See online help for details.
                 c:\program files (x86)\microsoft visual studio 10.0\vc\include\string.h(246) : see declaration of 'stricmp'
     1>k:\components\libraryv2\gdal\gdal_2.2.x_vc_nointfilescleanup\libgdal-2.2.1\gdal_rename\gdal_rename.cpp(272): warning C4129: ' ' : unrecognized character escape sequence
     1>k:\components\libraryv2\gdal\gdal_2.2.x_vc_nointfilescleanup\libgdal-2.2.1\gdal_rename\gdal_rename.cpp(296): warning C4996: 'stricmp': The POSIX name for this item is deprecated. Instead, use the ISO C++ conformant name: _stricmp. See online help for details.
                 c:\program files (x86)\microsoft visual studio 10.0\vc\include\string.h(246) : see declaration of 'stricmp'
     1>k:\components\libraryv2\gdal\gdal_2.2.x_vc_nointfilescleanup\libgdal-2.2.1\gdal_rename\gdal_rename.cpp(312): warning C4996: 'stricmp': The POSIX name for this item is deprecated. Instead, use the ISO C++ conformant name: _stricmp. See online help for details.
                 c:\program files (x86)\microsoft visual studio 10.0\vc\include\string.h(246) : see declaration of 'stricmp'
     1>k:\components\libraryv2\gdal\gdal_2.2.x_vc_nointfilescleanup\libgdal-2.2.1\gdal_rename\gdal_rename.cpp(355): warning C4996: 'stricmp': The POSIX name for this item is deprecated. Instead, use the ISO C++ conformant name: _stricmp. See online help for details.
                 c:\program files (x86)\microsoft visual studio 10.0\vc\include\string.h(246) : see declaration of 'stricmp'
     1>k:\components\libraryv2\gdal\gdal_2.2.x_vc_nointfilescleanup\libgdal-2.2.1\gdal_rename\gdal_rename.cpp(358): warning C4996: 'stricmp': The POSIX name for this item is deprecated. Instead, use the ISO C++ conformant name: _stricmp. See online help for details.
                 c:\program files (x86)\microsoft visual studio 10.0\vc\include\string.h(246) : see declaration of 'stricmp'
     1>k:\components\libraryv2\gdal\gdal_2.2.x_vc_nointfilescleanup\libgdal-2.2.1\gdal_rename\gdal_rename.cpp(366): warning C4996: 'stricmp': The POSIX name for this item is deprecated. Instead, use the ISO C++ conformant name: _stricmp. See online help for details.
                 c:\program files (x86)\microsoft visual studio 10.0\vc\include\string.h(246) : see declaration of 'stricmp'
     1>k:\components\libraryv2\gdal\gdal_2.2.x_vc_nointfilescleanup\libgdal-2.2.1\gdal_rename\gdal_rename.cpp(369): warning C4996: 'stricmp': The POSIX name for this item is deprecated. Instead, use the ISO C++ conformant name: _stricmp. See online help for details.
                 c:\program files (x86)\microsoft visual studio 10.0\vc\include\string.h(246) : see declaration of 'stricmp'
     1>k:\components\libraryv2\gdal\gdal_2.2.x_vc_nointfilescleanup\libgdal-2.2.1\gdal_rename\gdal_rename.cpp(372): warning C4996: 'stricmp': The POSIX name for this item is deprecated. Instead, use the ISO C++ conformant name: _stricmp. See online help for details.
                 c:\program files (x86)\microsoft visual studio 10.0\vc\include\string.h(246) : see declaration of 'stricmp'
     1>k:\components\libraryv2\gdal\gdal_2.2.x_vc_nointfilescleanup\libgdal-2.2.1\gdal_rename\gdal_rename.cpp(375): warning C4996: 'stricmp': The POSIX name for this item is deprecated. Instead, use the ISO C++ conformant name: _stricmp. See online help for details.
                 c:\program files (x86)\microsoft visual studio 10.0\vc\include\string.h(246) : see declaration of 'stricmp'
     1>k:\components\libraryv2\gdal\gdal_2.2.x_vc_nointfilescleanup\libgdal-2.2.1\gdal_rename\gdal_rename.cpp(378): warning C4996: 'stricmp': The POSIX name for this item is deprecated. Instead, use the ISO C++ conformant name: _stricmp. See online help for details.
                 c:\program files (x86)\microsoft visual studio 10.0\vc\include\string.h(246) : see declaration of 'stricmp'
     1>k:\components\libraryv2\gdal\gdal_2.2.x_vc_nointfilescleanup\libgdal-2.2.1\gdal_rename\gdal_rename.cpp(381): warning C4996: 'stricmp': The POSIX name for this item is deprecated. Instead, use the ISO C++ conformant name: _stricmp. See online help for details.
                 c:\program files (x86)\microsoft visual studio 10.0\vc\include\string.h(246) : see declaration of 'stricmp'
     1>k:\components\libraryv2\gdal\gdal_2.2.x_vc_nointfilescleanup\libgdal-2.2.1\gdal_rename\gdal_rename.cpp(384): warning C4996: 'stricmp': The POSIX name for this item is deprecated. Instead, use the ISO C++ conformant name: _stricmp. See online help for details.
                 c:\program files (x86)\microsoft visual studio 10.0\vc\include\string.h(246) : see declaration of 'stricmp'
     1>k:\components\libraryv2\gdal\gdal_2.2.x_vc_nointfilescleanup\libgdal-2.2.1\gdal_rename\gdal_rename.cpp(387): warning C4996: 'stricmp': The POSIX name for this item is deprecated. Instead, use the ISO C++ conformant name: _stricmp. See online help for details.
                 c:\program files (x86)\microsoft visual studio 10.0\vc\include\string.h(246) : see declaration of 'stricmp'
     1>k:\components\libraryv2\gdal\gdal_2.2.x_vc_nointfilescleanup\libgdal-2.2.1\gdal_rename\gdal_rename.cpp(390): warning C4996: 'stricmp': The POSIX name for this item is deprecated. Instead, use the ISO C++ conformant name: _stricmp. See online help for details.
                 c:\program files (x86)\microsoft visual studio 10.0\vc\include\string.h(246) : see declaration of 'stricmp'
     1>k:\components\libraryv2\gdal\gdal_2.2.x_vc_nointfilescleanup\libgdal-2.2.1\gdal_rename\gdal_rename.cpp(393): warning C4996: 'stricmp': The POSIX name for this item is deprecated. Instead, use the ISO C++ conformant name: _stricmp. See online help for details.
                 c:\program files (x86)\microsoft visual studio 10.0\vc\include\string.h(246) : see declaration of 'stricmp'
     1>k:\components\libraryv2\gdal\gdal_2.2.x_vc_nointfilescleanup\libgdal-2.2.1\gdal_rename\gdal_rename.cpp(432): warning C4996: 'stricmp': The POSIX name for this item is deprecated. Instead, use the ISO C++ conformant name: _stricmp. See online help for details.
                 c:\program files (x86)\microsoft visual studio 10.0\vc\include\string.h(246) : see declaration of 'stricmp'
     1>k:\components\libraryv2\gdal\gdal_2.2.x_vc_nointfilescleanup\libgdal-2.2.1\gdal_rename\gdal_rename.cpp(436): warning C4996: 'stricmp': The POSIX name for this item is deprecated. Instead, use the ISO C++ conformant name: _stricmp. See online help for details.
                 c:\program files (x86)\microsoft visual studio 10.0\vc\include\string.h(246) : see declaration of 'stricmp'
     1>k:\components\libraryv2\gdal\gdal_2.2.x_vc_nointfilescleanup\libgdal-2.2.1\gdal_rename\gdal_rename.cpp(440): warning C4996: 'stricmp': The POSIX name for this item is deprecated. Instead, use the ISO C++ conformant name: _stricmp. See online help for details.
                 c:\program files (x86)\microsoft visual studio 10.0\vc\include\string.h(246) : see declaration of 'stricmp'
     1>k:\components\libraryv2\gdal\gdal_2.2.x_vc_nointfilescleanup\libgdal-2.2.1\gdal_rename\gdal_rename.cpp(445): warning C4996: 'stricmp': The POSIX name for this item is deprecated. Instead, use the ISO C++ conformant name: _stricmp. See online help for details.
                 c:\program files (x86)\microsoft visual studio 10.0\vc\include\string.h(246) : see declaration of 'stricmp'
     1>k:\components\libraryv2\gdal\gdal_2.2.x_vc_nointfilescleanup\libgdal-2.2.1\gdal_rename\gdal_rename.cpp(447): warning C4996: 'strnicmp': The POSIX name for this item is deprecated. Instead, use the ISO C++ conformant name: _strnicmp. See online help for details.
                 c:\program files (x86)\microsoft visual studio 10.0\vc\include\string.h(248) : see declaration of 'strnicmp'
     1>k:\components\libraryv2\gdal\gdal_2.2.x_vc_nointfilescleanup\libgdal-2.2.1\gdal_rename\gdal_rename.cpp(450): warning C4996: 'stricmp': The POSIX name for this item is deprecated. Instead, use the ISO C++ conformant name: _stricmp. See online help for details.
                 c:\program files (x86)\microsoft visual studio 10.0\vc\include\string.h(246) : see declaration of 'stricmp'
     1>k:\components\libraryv2\gdal\gdal_2.2.x_vc_nointfilescleanup\libgdal-2.2.1\gdal_rename\gdal_rename.cpp(472): warning C4244: '=' : conversion from 'double' to 'int', possible loss of data
     1>k:\components\libraryv2\gdal\gdal_2.2.x_vc_nointfilescleanup\libgdal-2.2.1\gdal_rename\gdal_rename.cpp(473): warning C4244: '=' : conversion from 'double' to 'int', possible loss of data
     1>k:\components\libraryv2\gdal\gdal_2.2.x_vc_nointfilescleanup\libgdal-2.2.1\gdal_rename\gdal_rename.cpp(487): warning C4996: 'stricmp': The POSIX name for this item is deprecated. Instead, use the ISO C++ conformant name: _stricmp. See online help for details.
                 c:\program files (x86)\microsoft visual studio 10.0\vc\include\string.h(246) : see declaration of 'stricmp'
     1>k:\components\libraryv2\gdal\gdal_2.2.x_vc_nointfilescleanup\libgdal-2.2.1\gdal_rename\gdal_rename.cpp(489): warning C4996: 'stricmp': The POSIX name for this item is deprecated. Instead, use the ISO C++ conformant name: _stricmp. See online help for details.
                 c:\program files (x86)\microsoft visual studio 10.0\vc\include\string.h(246) : see declaration of 'stricmp'
     1>k:\components\libraryv2\gdal\gdal_2.2.x_vc_nointfilescleanup\libgdal-2.2.1\gdal_rename\gdal_rename.cpp(496): warning C4996: 'stricmp': The POSIX name for this item is deprecated. Instead, use the ISO C++ conformant name: _stricmp. See online help for details.
                 c:\program files (x86)\microsoft visual studio 10.0\vc\include\string.h(246) : see declaration of 'stricmp'
     1>k:\components\libraryv2\gdal\gdal_2.2.x_vc_nointfilescleanup\libgdal-2.2.1\gdal_rename\gdal_rename.cpp(514): warning C4996: 'stricmp': The POSIX name for this item is deprecated. Instead, use the ISO C++ conformant name: _stricmp. See online help for details.
                 c:\program files (x86)\microsoft visual studio 10.0\vc\include\string.h(246) : see declaration of 'stricmp'
     1>k:\components\libraryv2\gdal\gdal_2.2.x_vc_nointfilescleanup\libgdal-2.2.1\gdal_rename\gdal_rename.cpp(533): warning C4996: 'stricmp': The POSIX name for this item is deprecated. Instead, use the ISO C++ conformant name: _stricmp. See online help for details.
                 c:\program files (x86)\microsoft visual studio 10.0\vc\include\string.h(246) : see declaration of 'stricmp'
     1>k:\components\libraryv2\gdal\gdal_2.2.x_vc_nointfilescleanup\libgdal-2.2.1\gdal_rename\gdal_rename.cpp(192): warning C4715: 'renameFileNoOverWrite' : not all control paths return a value
       ManifestResourceCompile:
         C:\Program Files (x86)\Microsoft SDKs\Windows\v7.0A\bin\rc.exe /nologo /fo"K:\Components\LibraryV2\GDAL\GDAL_2.2.x_VC_NoIntFilesCleanUp\libgdal-2.2.1\gdal_rename\x86\Debug\gdal_rename.exe.embed.manifest.res" K:\Components\LibraryV2\GDAL\GDAL_2.2.x_VC_NoIntFilesCleanUp\libgdal-2.2.1\gdal_rename\x86\Debug\gdal_rename_manifest.rc 
       Link:
         c:\Program Files (x86)\Microsoft Visual Studio 10.0\VC\bin\link.exe /ERRORREPORT:PROMPT /OUT:"K:\Components\LibraryV2\GDAL\GDAL_2.2.x_VC_NoIntFilesCleanUp\libgdal-2.2.1\gdal_rename\x86\Debug\gdal_rename.exe" /INCREMENTAL /NOLOGO /LIBPATH:../dll/x86/Debug "gdal-2.2.1.lib" /MANIFEST /ManifestFile:"K:\Components\LibraryV2\GDAL\GDAL_2.2.x_VC_NoIntFilesCleanUp\libgdal-2.2.1\gdal_rename\x86\Debug\gdal_rename.exe.intermediate.manifest" /MANIFESTUAC:"level='asInvoker' uiAccess='false'" /DEBUG /PDB:"K:\Components\LibraryV2\GDAL\GDAL_2.2.x_VC_NoIntFilesCleanUp\libgdal-2.2.1\gdal_rename\x86\Debug\gdal_rename.pdb" /SUBSYSTEM:CONSOLE /TLBID:1 /DYNAMICBASE /NXCOMPAT /IMPLIB:"K:\Components\LibraryV2\GDAL\GDAL_2.2.x_VC_NoIntFilesCleanUp\libgdal-2.2.1\gdal_rename\x86\Debug\gdal_rename.lib" /MACHINE:X86 "K:\Components\LibraryV2\GDAL\GDAL_2.2.x_VC_NoIntFilesCleanUp\libgdal-2.2.1\gdal_rename\x86\Debug\gdal_rename.exe.embed.manifest.res"
         "K:\Components\LibraryV2\GDAL\GDAL_2.2.x_VC_NoIntFilesCleanUp\libgdal-2.2.1\gdal_rename\x86\Debug\gdal_rename.obj"
            Creating library K:\Components\LibraryV2\GDAL\GDAL_2.2.x_VC_NoIntFilesCleanUp\libgdal-2.2.1\gdal_rename\x86\Debug\gdal_rename.lib and object K:\Components\LibraryV2\GDAL\GDAL_2.2.x_VC_NoIntFilesCleanUp\libgdal-2.2.1\gdal_rename\x86\Debug\gdal_rename.exp
       Manifest:
         C:\Program Files (x86)\Microsoft SDKs\Windows\v7.0A\bin\mt.exe /nologo /verbose /out:"K:\Components\LibraryV2\GDAL\GDAL_2.2.x_VC_NoIntFilesCleanUp\libgdal-2.2.1\gdal_rename\x86\Debug\gdal_rename.exe.embed.manifest" /manifest "K:\Components\LibraryV2\GDAL\GDAL_2.2.x_VC_NoIntFilesCleanUp\libgdal-2.2.1\gdal_rename\x86\Debug\gdal_rename.exe.intermediate.manifest"
         C:\Program Files (x86)\Microsoft SDKs\Windows\v7.0A\bin\rc.exe /nologo /fo"K:\Components\LibraryV2\GDAL\GDAL_2.2.x_VC_NoIntFilesCleanUp\libgdal-2.2.1\gdal_rename\x86\Debug\gdal_rename.exe.embed.manifest.res" K:\Components\LibraryV2\GDAL\GDAL_2.2.x_VC_NoIntFilesCleanUp\libgdal-2.2.1\gdal_rename\x86\Debug\gdal_rename_manifest.rc 
       LinkEmbedManifest:
         c:\Program Files (x86)\Microsoft Visual Studio 10.0\VC\bin\link.exe /ERRORREPORT:PROMPT /OUT:"K:\Components\LibraryV2\GDAL\GDAL_2.2.x_VC_NoIntFilesCleanUp\libgdal-2.2.1\gdal_rename\x86\Debug\gdal_rename.exe" /INCREMENTAL /NOLOGO /LIBPATH:../dll/x86/Debug "gdal-2.2.1.lib" /MANIFEST /ManifestFile:"K:\Components\LibraryV2\GDAL\GDAL_2.2.x_VC_NoIntFilesCleanUp\libgdal-2.2.1\gdal_rename\x86\Debug\gdal_rename.exe.intermediate.manifest" /MANIFESTUAC:"level='asInvoker' uiAccess='false'" /DEBUG /PDB:"K:\Components\LibraryV2\GDAL\GDAL_2.2.x_VC_NoIntFilesCleanUp\libgdal-2.2.1\gdal_rename\x86\Debug\gdal_rename.pdb" /SUBSYSTEM:CONSOLE /TLBID:1 /DYNAMICBASE /NXCOMPAT /IMPLIB:"K:\Components\LibraryV2\GDAL\GDAL_2.2.x_VC_NoIntFilesCleanUp\libgdal-2.2.1\gdal_rename\x86\Debug\gdal_rename.lib" /MACHINE:X86 "K:\Components\LibraryV2\GDAL\GDAL_2.2.x_VC_NoIntFilesCleanUp\libgdal-2.2.1\gdal_rename\x86\Debug\gdal_rename.exe.embed.manifest.res"
         "K:\Components\LibraryV2\GDAL\GDAL_2.2.x_VC_NoIntFilesCleanUp\libgdal-2.2.1\gdal_rename\x86\Debug\gdal_rename.obj"
            Creating library K:\Components\LibraryV2\GDAL\GDAL_2.2.x_VC_NoIntFilesCleanUp\libgdal-2.2.1\gdal_rename\x86\Debug\gdal_rename.lib and object K:\Components\LibraryV2\GDAL\GDAL_2.2.x_VC_NoIntFilesCleanUp\libgdal-2.2.1\gdal_rename\x86\Debug\gdal_rename.exp
         gdal_rename.vcxproj -> K:\Components\LibraryV2\GDAL\GDAL_2.2.x_VC_NoIntFilesCleanUp\libgdal-2.2.1\gdal_rename\x86\Debug\gdal_rename.exe
       PostBuildEvent:
         copy K:\Components\LibraryV2\GDAL\GDAL_2.2.x_VC_NoIntFilesCleanUp\libgdal-2.2.1\gdal_rename\x86\Debug\gdal_rename.exe K:\Components\LibraryV2\GDAL\GDAL_2.2.x_VC_NoIntFilesCleanUp\libgdal-2.2.1\binaries\dll\x86\Debug\gdal_rename.exe
         :VCEnd
                 1 fichier(s) copié(s).
       FinalizeBuildStatus:
         Deleting file "K:\Components\LibraryV2\GDAL\GDAL_2.2.x_VC_NoIntFilesCleanUp\libgdal-2.2.1\gdal_rename\x86\Debug\gdal_rename.unsuccessfulbuild".
         Touching "K:\Components\LibraryV2\GDAL\GDAL_2.2.x_VC_NoIntFilesCleanUp\libgdal-2.2.1\gdal_rename\x86\Debug\gdal_rename.lastbuildstate".
     1>Done Building Project "K:\Components\LibraryV2\GDAL\GDAL_2.2.x_VC_NoIntFilesCleanUp\libgdal-2.2.1\gdal_rename\gdal_rename.vcxproj" (build target(s)).

Build succeeded.

Time Elapsed 00:00:05.12
