K:\COMPONENTS\LIBRARYV2\GDAL\GDAL_2.2.X_VC_NOINTFILESCLEANUP\LIBGDAL-2.2.0\DLL\X86\RELEASE\_GETCELL.OBJ
K:\COMPONENTS\LIBRARYV2\GDAL\GDAL_2.2.X_VC_NOINTFILESCLEANUP\LIBGDAL-2.2.0\DLL\X86\RELEASE\_GETROW.OBJ
K:\COMPONENTS\LIBRARYV2\GDAL\GDAL_2.2.X_VC_NOINTFILESCLEANUP\LIBGDAL-2.2.0\DLL\X86\RELEASE\_GSOMECE.OBJ
K:\COMPONENTS\LIBRARYV2\GDAL\GDAL_2.2.X_VC_NOINTFILESCLEANUP\LIBGDAL-2.2.0\DLL\X86\RELEASE\_PUTCELL.OBJ
K:\COMPONENTS\LIBRARYV2\GDAL\GDAL_2.2.X_VC_NOINTFILESCLEANUP\LIBGDAL-2.2.0\DLL\X86\RELEASE\_RPUTROW.OBJ
K:\COMPONENTS\LIBRARYV2\GDAL\GDAL_2.2.X_VC_NOINTFILESCLEANUP\LIBGDAL-2.2.0\DLL\X86\RELEASE\ADLER32.OBJ
K:\COMPONENTS\LIBRARYV2\GDAL\GDAL_2.2.X_VC_NOINTFILESCLEANUP\LIBGDAL-2.2.0\DLL\X86\RELEASE\AIGCCITT.OBJ
K:\COMPONENTS\LIBRARYV2\GDAL\GDAL_2.2.X_VC_NOINTFILESCLEANUP\LIBGDAL-2.2.0\DLL\X86\RELEASE\AIGOPEN.OBJ
K:\COMPONENTS\LIBRARYV2\GDAL\GDAL_2.2.X_VC_NOINTFILESCLEANUP\LIBGDAL-2.2.0\DLL\X86\RELEASE\ANGLE.OBJ
K:\COMPONENTS\LIBRARYV2\GDAL\GDAL_2.2.X_VC_NOINTFILESCLEANUP\LIBGDAL-2.2.0\DLL\X86\RELEASE\ARRAYLIST.OBJ
K:\COMPONENTS\LIBRARYV2\GDAL\GDAL_2.2.X_VC_NOINTFILESCLEANUP\LIBGDAL-2.2.0\DLL\X86\RELEASE\ATTRAVAI.OBJ
K:\COMPONENTS\LIBRARYV2\GDAL\GDAL_2.2.X_VC_NOINTFILESCLEANUP\LIBGDAL-2.2.0\DLL\X86\RELEASE\ATTRSIZE.OBJ
K:\COMPONENTS\LIBRARYV2\GDAL\GDAL_2.2.X_VC_NOINTFILESCLEANUP\LIBGDAL-2.2.0\DLL\X86\RELEASE\AVC_BIN.OBJ
K:\COMPONENTS\LIBRARYV2\GDAL\GDAL_2.2.X_VC_NOINTFILESCLEANUP\LIBGDAL-2.2.0\DLL\X86\RELEASE\AVC_BINWR.OBJ
K:\COMPONENTS\LIBRARYV2\GDAL\GDAL_2.2.X_VC_NOINTFILESCLEANUP\LIBGDAL-2.2.0\DLL\X86\RELEASE\AVC_E00GEN.OBJ
K:\COMPONENTS\LIBRARYV2\GDAL\GDAL_2.2.X_VC_NOINTFILESCLEANUP\LIBGDAL-2.2.0\DLL\X86\RELEASE\AVC_E00PARSE.OBJ
K:\COMPONENTS\LIBRARYV2\GDAL\GDAL_2.2.X_VC_NOINTFILESCLEANUP\LIBGDAL-2.2.0\DLL\X86\RELEASE\AVC_E00READ.OBJ
K:\COMPONENTS\LIBRARYV2\GDAL\GDAL_2.2.X_VC_NOINTFILESCLEANUP\LIBGDAL-2.2.0\DLL\X86\RELEASE\AVC_E00WRITE.OBJ
K:\COMPONENTS\LIBRARYV2\GDAL\GDAL_2.2.X_VC_NOINTFILESCLEANUP\LIBGDAL-2.2.0\DLL\X86\RELEASE\AVC_MBYTE.OBJ
K:\COMPONENTS\LIBRARYV2\GDAL\GDAL_2.2.X_VC_NOINTFILESCLEANUP\LIBGDAL-2.2.0\DLL\X86\RELEASE\AVC_MISC.OBJ
K:\COMPONENTS\LIBRARYV2\GDAL\GDAL_2.2.X_VC_NOINTFILESCLEANUP\LIBGDAL-2.2.0\DLL\X86\RELEASE\AVC_RAWBIN.OBJ
K:\COMPONENTS\LIBRARYV2\GDAL\GDAL_2.2.X_VC_NOINTFILESCLEANUP\LIBGDAL-2.2.0\DLL\X86\RELEASE\BLX.OBJ
K:\COMPONENTS\LIBRARYV2\GDAL\GDAL_2.2.X_VC_NOINTFILESCLEANUP\LIBGDAL-2.2.0\DLL\X86\RELEASE\BSB_READ.OBJ
K:\COMPONENTS\LIBRARYV2\GDAL\GDAL_2.2.X_VC_NOINTFILESCLEANUP\LIBGDAL-2.2.0\DLL\X86\RELEASE\BSB2RAW.OBJ
K:\COMPONENTS\LIBRARYV2\GDAL\GDAL_2.2.X_VC_NOINTFILESCLEANUP\LIBGDAL-2.2.0\DLL\X86\RELEASE\CELLSIZE.OBJ
K:\COMPONENTS\LIBRARYV2\GDAL\GDAL_2.2.X_VC_NOINTFILESCLEANUP\LIBGDAL-2.2.0\DLL\X86\RELEASE\CEOS.OBJ
K:\COMPONENTS\LIBRARYV2\GDAL\GDAL_2.2.X_VC_NOINTFILESCLEANUP\LIBGDAL-2.2.0\DLL\X86\RELEASE\CEOSOPEN.OBJ
K:\COMPONENTS\LIBRARYV2\GDAL\GDAL_2.2.X_VC_NOINTFILESCLEANUP\LIBGDAL-2.2.0\DLL\X86\RELEASE\CEOSRECIPE.OBJ
K:\COMPONENTS\LIBRARYV2\GDAL\GDAL_2.2.X_VC_NOINTFILESCLEANUP\LIBGDAL-2.2.0\DLL\X86\RELEASE\CEOSSAR.OBJ
K:\Components\LibraryV2\GDAL\GDAL_2.2.x_VC_NoIntFilesCleanUp\libgdal-2.2.0\dll\x86\Release\cl.command.1.tlog
K:\Components\LibraryV2\GDAL\GDAL_2.2.x_VC_NoIntFilesCleanUp\libgdal-2.2.0\dll\x86\Release\CL.read.1.tlog
K:\Components\LibraryV2\GDAL\GDAL_2.2.x_VC_NoIntFilesCleanUp\libgdal-2.2.0\dll\x86\Release\CL.write.1.tlog
K:\COMPONENTS\LIBRARYV2\GDAL\GDAL_2.2.X_VC_NOINTFILESCLEANUP\LIBGDAL-2.2.0\DLL\X86\RELEASE\COMPRESS.OBJ
K:\COMPONENTS\LIBRARYV2\GDAL\GDAL_2.2.X_VC_NOINTFILESCLEANUP\LIBGDAL-2.2.0\DLL\X86\RELEASE\CRC32.OBJ
K:\COMPONENTS\LIBRARYV2\GDAL\GDAL_2.2.X_VC_NOINTFILESCLEANUP\LIBGDAL-2.2.0\DLL\X86\RELEASE\CREATE2.OBJ
K:\COMPONENTS\LIBRARYV2\GDAL\GDAL_2.2.X_VC_NOINTFILESCLEANUP\LIBGDAL-2.2.0\DLL\X86\RELEASE\CSFGLOB.OBJ
K:\COMPONENTS\LIBRARYV2\GDAL\GDAL_2.2.X_VC_NOINTFILESCLEANUP\LIBGDAL-2.2.0\DLL\X86\RELEASE\CSFSUP.OBJ
K:\COMPONENTS\LIBRARYV2\GDAL\GDAL_2.2.X_VC_NOINTFILESCLEANUP\LIBGDAL-2.2.0\DLL\X86\RELEASE\DBFOPEN.OBJ
K:\COMPONENTS\LIBRARYV2\GDAL\GDAL_2.2.X_VC_NOINTFILESCLEANUP\LIBGDAL-2.2.0\DLL\X86\RELEASE\DEBUG.OBJ
K:\COMPONENTS\LIBRARYV2\GDAL\GDAL_2.2.X_VC_NOINTFILESCLEANUP\LIBGDAL-2.2.0\DLL\X86\RELEASE\DEFLATE.OBJ
K:\COMPONENTS\LIBRARYV2\GDAL\GDAL_2.2.X_VC_NOINTFILESCLEANUP\LIBGDAL-2.2.0\DLL\X86\RELEASE\DELATTR.OBJ
K:\COMPONENTS\LIBRARYV2\GDAL\GDAL_2.2.X_VC_NOINTFILESCLEANUP\LIBGDAL-2.2.0\DLL\X86\RELEASE\DELAUNAY.OBJ
K:\COMPONENTS\LIBRARYV2\GDAL\GDAL_2.2.X_VC_NOINTFILESCLEANUP\LIBGDAL-2.2.0\DLL\X86\RELEASE\DGIF_LIB.OBJ
K:\COMPONENTS\LIBRARYV2\GDAL\GDAL_2.2.X_VC_NOINTFILESCLEANUP\LIBGDAL-2.2.0\DLL\X86\RELEASE\DTED_API.OBJ
K:\COMPONENTS\LIBRARYV2\GDAL\GDAL_2.2.X_VC_NOINTFILESCLEANUP\LIBGDAL-2.2.0\DLL\X86\RELEASE\DTED_CREATE.OBJ
K:\COMPONENTS\LIBRARYV2\GDAL\GDAL_2.2.X_VC_NOINTFILESCLEANUP\LIBGDAL-2.2.0\DLL\X86\RELEASE\DTED_PTSTREAM.OBJ
K:\COMPONENTS\LIBRARYV2\GDAL\GDAL_2.2.X_VC_NOINTFILESCLEANUP\LIBGDAL-2.2.0\DLL\X86\RELEASE\DUMCONV.OBJ
K:\COMPONENTS\LIBRARYV2\GDAL\GDAL_2.2.X_VC_NOINTFILESCLEANUP\LIBGDAL-2.2.0\DLL\X86\RELEASE\E00READ.OBJ
K:\COMPONENTS\LIBRARYV2\GDAL\GDAL_2.2.X_VC_NOINTFILESCLEANUP\LIBGDAL-2.2.0\DLL\X86\RELEASE\EGIF_LIB.OBJ
K:\COMPONENTS\LIBRARYV2\GDAL\GDAL_2.2.X_VC_NOINTFILESCLEANUP\LIBGDAL-2.2.0\DLL\X86\RELEASE\ENDIAN.OBJ
K:\COMPONENTS\LIBRARYV2\GDAL\GDAL_2.2.X_VC_NOINTFILESCLEANUP\LIBGDAL-2.2.0\DLL\X86\RELEASE\ENVISATFILE.OBJ
K:\COMPONENTS\LIBRARYV2\GDAL\GDAL_2.2.X_VC_NOINTFILESCLEANUP\LIBGDAL-2.2.0\DLL\X86\RELEASE\FILENAME.OBJ
K:\COMPONENTS\LIBRARYV2\GDAL\GDAL_2.2.X_VC_NOINTFILESCLEANUP\LIBGDAL-2.2.0\DLL\X86\RELEASE\GATTRBLK.OBJ
K:\COMPONENTS\LIBRARYV2\GDAL\GDAL_2.2.X_VC_NOINTFILESCLEANUP\LIBGDAL-2.2.0\DLL\X86\RELEASE\GATTRIDX.OBJ
K:\COMPONENTS\LIBRARYV2\GDAL\GDAL_2.2.X_VC_NOINTFILESCLEANUP\LIBGDAL-2.2.0\DLL\X86\RELEASE\GCELLREP.OBJ
K:\COMPONENTS\LIBRARYV2\GDAL\GDAL_2.2.X_VC_NOINTFILESCLEANUP\LIBGDAL-2.2.0\DLL\X86\RELEASE\GDAL_CRS.OBJ
K:\Components\LibraryV2\GDAL\GDAL_2.2.x_VC_NoIntFilesCleanUp\libgdal-2.2.0\dll\x86\Release\gdal-2.2.0_dll.write.1.tlog
K:\COMPONENTS\LIBRARYV2\GDAL\GDAL_2.2.X_VC_NOINTFILESCLEANUP\LIBGDAL-2.2.0\DLL\X86\RELEASE\GDATTYPE.OBJ
K:\COMPONENTS\LIBRARYV2\GDAL\GDAL_2.2.X_VC_NOINTFILESCLEANUP\LIBGDAL-2.2.0\DLL\X86\RELEASE\GEO_EXTRA.OBJ
K:\COMPONENTS\LIBRARYV2\GDAL\GDAL_2.2.X_VC_NOINTFILESCLEANUP\LIBGDAL-2.2.0\DLL\X86\RELEASE\GEO_FREE.OBJ
K:\COMPONENTS\LIBRARYV2\GDAL\GDAL_2.2.X_VC_NOINTFILESCLEANUP\LIBGDAL-2.2.0\DLL\X86\RELEASE\GEO_GET.OBJ
K:\COMPONENTS\LIBRARYV2\GDAL\GDAL_2.2.X_VC_NOINTFILESCLEANUP\LIBGDAL-2.2.0\DLL\X86\RELEASE\GEO_NAMES.OBJ
K:\COMPONENTS\LIBRARYV2\GDAL\GDAL_2.2.X_VC_NOINTFILESCLEANUP\LIBGDAL-2.2.0\DLL\X86\RELEASE\GEO_NEW.OBJ
K:\COMPONENTS\LIBRARYV2\GDAL\GDAL_2.2.X_VC_NOINTFILESCLEANUP\LIBGDAL-2.2.0\DLL\X86\RELEASE\GEO_NORMALIZE.OBJ
K:\COMPONENTS\LIBRARYV2\GDAL\GDAL_2.2.X_VC_NOINTFILESCLEANUP\LIBGDAL-2.2.0\DLL\X86\RELEASE\GEO_PRINT.OBJ
K:\COMPONENTS\LIBRARYV2\GDAL\GDAL_2.2.X_VC_NOINTFILESCLEANUP\LIBGDAL-2.2.0\DLL\X86\RELEASE\GEO_SET.OBJ
K:\COMPONENTS\LIBRARYV2\GDAL\GDAL_2.2.X_VC_NOINTFILESCLEANUP\LIBGDAL-2.2.0\DLL\X86\RELEASE\GEO_SIMPLETAGS.OBJ
K:\COMPONENTS\LIBRARYV2\GDAL\GDAL_2.2.X_VC_NOINTFILESCLEANUP\LIBGDAL-2.2.0\DLL\X86\RELEASE\GEO_TIFFP.OBJ
K:\COMPONENTS\LIBRARYV2\GDAL\GDAL_2.2.X_VC_NOINTFILESCLEANUP\LIBGDAL-2.2.0\DLL\X86\RELEASE\GEO_TRANS.OBJ
K:\COMPONENTS\LIBRARYV2\GDAL\GDAL_2.2.X_VC_NOINTFILESCLEANUP\LIBGDAL-2.2.0\DLL\X86\RELEASE\GEO_WRITE.OBJ
K:\COMPONENTS\LIBRARYV2\GDAL\GDAL_2.2.X_VC_NOINTFILESCLEANUP\LIBGDAL-2.2.0\DLL\X86\RELEASE\GEOCONCEPT.OBJ
K:\COMPONENTS\LIBRARYV2\GDAL\GDAL_2.2.X_VC_NOINTFILESCLEANUP\LIBGDAL-2.2.0\DLL\X86\RELEASE\GEOCONCEPT_SYSCOORD.OBJ
K:\COMPONENTS\LIBRARYV2\GDAL\GDAL_2.2.X_VC_NOINTFILESCLEANUP\LIBGDAL-2.2.0\DLL\X86\RELEASE\GEOTIFF_PROJ4.OBJ
K:\COMPONENTS\LIBRARYV2\GDAL\GDAL_2.2.X_VC_NOINTFILESCLEANUP\LIBGDAL-2.2.0\DLL\X86\RELEASE\GETATTR.OBJ
K:\COMPONENTS\LIBRARYV2\GDAL\GDAL_2.2.X_VC_NOINTFILESCLEANUP\LIBGDAL-2.2.0\DLL\X86\RELEASE\GETX0.OBJ
K:\COMPONENTS\LIBRARYV2\GDAL\GDAL_2.2.X_VC_NOINTFILESCLEANUP\LIBGDAL-2.2.0\DLL\X86\RELEASE\GETY0.OBJ
K:\COMPONENTS\LIBRARYV2\GDAL\GDAL_2.2.X_VC_NOINTFILESCLEANUP\LIBGDAL-2.2.0\DLL\X86\RELEASE\GGISFID.OBJ
K:\COMPONENTS\LIBRARYV2\GDAL\GDAL_2.2.X_VC_NOINTFILESCLEANUP\LIBGDAL-2.2.0\DLL\X86\RELEASE\GIF_ERR.OBJ
K:\COMPONENTS\LIBRARYV2\GDAL\GDAL_2.2.X_VC_NOINTFILESCLEANUP\LIBGDAL-2.2.0\DLL\X86\RELEASE\GIF_HASH.OBJ
K:\COMPONENTS\LIBRARYV2\GDAL\GDAL_2.2.X_VC_NOINTFILESCLEANUP\LIBGDAL-2.2.0\DLL\X86\RELEASE\GIFALLOC.OBJ
K:\COMPONENTS\LIBRARYV2\GDAL\GDAL_2.2.X_VC_NOINTFILESCLEANUP\LIBGDAL-2.2.0\DLL\X86\RELEASE\GMAXVAL.OBJ
K:\COMPONENTS\LIBRARYV2\GDAL\GDAL_2.2.X_VC_NOINTFILESCLEANUP\LIBGDAL-2.2.0\DLL\X86\RELEASE\GMINVAL.OBJ
K:\COMPONENTS\LIBRARYV2\GDAL\GDAL_2.2.X_VC_NOINTFILESCLEANUP\LIBGDAL-2.2.0\DLL\X86\RELEASE\GNRCOLS.OBJ
K:\COMPONENTS\LIBRARYV2\GDAL\GDAL_2.2.X_VC_NOINTFILESCLEANUP\LIBGDAL-2.2.0\DLL\X86\RELEASE\GNRROWS.OBJ
K:\COMPONENTS\LIBRARYV2\GDAL\GDAL_2.2.X_VC_NOINTFILESCLEANUP\LIBGDAL-2.2.0\DLL\X86\RELEASE\GPROJ.OBJ
K:\COMPONENTS\LIBRARYV2\GDAL\GDAL_2.2.X_VC_NOINTFILESCLEANUP\LIBGDAL-2.2.0\DLL\X86\RELEASE\GPUTPROJ.OBJ
K:\COMPONENTS\LIBRARYV2\GDAL\GDAL_2.2.X_VC_NOINTFILESCLEANUP\LIBGDAL-2.2.0\DLL\X86\RELEASE\GRIDLIB.OBJ
K:\COMPONENTS\LIBRARYV2\GDAL\GDAL_2.2.X_VC_NOINTFILESCLEANUP\LIBGDAL-2.2.0\DLL\X86\RELEASE\GVALSCAL.OBJ
K:\COMPONENTS\LIBRARYV2\GDAL\GDAL_2.2.X_VC_NOINTFILESCLEANUP\LIBGDAL-2.2.0\DLL\X86\RELEASE\GVARTYPE.OBJ
K:\COMPONENTS\LIBRARYV2\GDAL\GDAL_2.2.X_VC_NOINTFILESCLEANUP\LIBGDAL-2.2.0\DLL\X86\RELEASE\GVERSION.OBJ
K:\COMPONENTS\LIBRARYV2\GDAL\GDAL_2.2.X_VC_NOINTFILESCLEANUP\LIBGDAL-2.2.0\DLL\X86\RELEASE\GXF_OGCWKT.OBJ
K:\COMPONENTS\LIBRARYV2\GDAL\GDAL_2.2.X_VC_NOINTFILESCLEANUP\LIBGDAL-2.2.0\DLL\X86\RELEASE\GXF_PROJ4.OBJ
K:\COMPONENTS\LIBRARYV2\GDAL\GDAL_2.2.X_VC_NOINTFILESCLEANUP\LIBGDAL-2.2.0\DLL\X86\RELEASE\GXFOPEN.OBJ
K:\COMPONENTS\LIBRARYV2\GDAL\GDAL_2.2.X_VC_NOINTFILESCLEANUP\LIBGDAL-2.2.0\DLL\X86\RELEASE\GZIO.OBJ
K:\COMPONENTS\LIBRARYV2\GDAL\GDAL_2.2.X_VC_NOINTFILESCLEANUP\LIBGDAL-2.2.0\DLL\X86\RELEASE\INFBACK.OBJ
K:\COMPONENTS\LIBRARYV2\GDAL\GDAL_2.2.X_VC_NOINTFILESCLEANUP\LIBGDAL-2.2.0\DLL\X86\RELEASE\INFFAST.OBJ
K:\COMPONENTS\LIBRARYV2\GDAL\GDAL_2.2.X_VC_NOINTFILESCLEANUP\LIBGDAL-2.2.0\DLL\X86\RELEASE\INFLATE.OBJ
K:\COMPONENTS\LIBRARYV2\GDAL\GDAL_2.2.X_VC_NOINTFILESCLEANUP\LIBGDAL-2.2.0\DLL\X86\RELEASE\INFTREES.OBJ
K:\COMPONENTS\LIBRARYV2\GDAL\GDAL_2.2.X_VC_NOINTFILESCLEANUP\LIBGDAL-2.2.0\DLL\X86\RELEASE\ISMV.OBJ
K:\COMPONENTS\LIBRARYV2\GDAL\GDAL_2.2.X_VC_NOINTFILESCLEANUP\LIBGDAL-2.2.0\DLL\X86\RELEASE\JCAPIMIN.OBJ
K:\COMPONENTS\LIBRARYV2\GDAL\GDAL_2.2.X_VC_NOINTFILESCLEANUP\LIBGDAL-2.2.0\DLL\X86\RELEASE\JCAPISTD.OBJ
K:\COMPONENTS\LIBRARYV2\GDAL\GDAL_2.2.X_VC_NOINTFILESCLEANUP\LIBGDAL-2.2.0\DLL\X86\RELEASE\JCCOEFCT.OBJ
K:\COMPONENTS\LIBRARYV2\GDAL\GDAL_2.2.X_VC_NOINTFILESCLEANUP\LIBGDAL-2.2.0\DLL\X86\RELEASE\JCCOLOR.OBJ
K:\COMPONENTS\LIBRARYV2\GDAL\GDAL_2.2.X_VC_NOINTFILESCLEANUP\LIBGDAL-2.2.0\DLL\X86\RELEASE\JCDCTMGR.OBJ
K:\COMPONENTS\LIBRARYV2\GDAL\GDAL_2.2.X_VC_NOINTFILESCLEANUP\LIBGDAL-2.2.0\DLL\X86\RELEASE\JCHUFF.OBJ
K:\COMPONENTS\LIBRARYV2\GDAL\GDAL_2.2.X_VC_NOINTFILESCLEANUP\LIBGDAL-2.2.0\DLL\X86\RELEASE\JCINIT.OBJ
K:\COMPONENTS\LIBRARYV2\GDAL\GDAL_2.2.X_VC_NOINTFILESCLEANUP\LIBGDAL-2.2.0\DLL\X86\RELEASE\JCMAINCT.OBJ
K:\COMPONENTS\LIBRARYV2\GDAL\GDAL_2.2.X_VC_NOINTFILESCLEANUP\LIBGDAL-2.2.0\DLL\X86\RELEASE\JCMARKER.OBJ
K:\COMPONENTS\LIBRARYV2\GDAL\GDAL_2.2.X_VC_NOINTFILESCLEANUP\LIBGDAL-2.2.0\DLL\X86\RELEASE\JCMASTER.OBJ
K:\COMPONENTS\LIBRARYV2\GDAL\GDAL_2.2.X_VC_NOINTFILESCLEANUP\LIBGDAL-2.2.0\DLL\X86\RELEASE\JCOMAPI.OBJ
K:\COMPONENTS\LIBRARYV2\GDAL\GDAL_2.2.X_VC_NOINTFILESCLEANUP\LIBGDAL-2.2.0\DLL\X86\RELEASE\JCPARAM.OBJ
K:\COMPONENTS\LIBRARYV2\GDAL\GDAL_2.2.X_VC_NOINTFILESCLEANUP\LIBGDAL-2.2.0\DLL\X86\RELEASE\JCPHUFF.OBJ
K:\COMPONENTS\LIBRARYV2\GDAL\GDAL_2.2.X_VC_NOINTFILESCLEANUP\LIBGDAL-2.2.0\DLL\X86\RELEASE\JCPREPCT.OBJ
K:\COMPONENTS\LIBRARYV2\GDAL\GDAL_2.2.X_VC_NOINTFILESCLEANUP\LIBGDAL-2.2.0\DLL\X86\RELEASE\JCSAMPLE.OBJ
K:\COMPONENTS\LIBRARYV2\GDAL\GDAL_2.2.X_VC_NOINTFILESCLEANUP\LIBGDAL-2.2.0\DLL\X86\RELEASE\JCTRANS.OBJ
K:\COMPONENTS\LIBRARYV2\GDAL\GDAL_2.2.X_VC_NOINTFILESCLEANUP\LIBGDAL-2.2.0\DLL\X86\RELEASE\JDAPIMIN.OBJ
K:\COMPONENTS\LIBRARYV2\GDAL\GDAL_2.2.X_VC_NOINTFILESCLEANUP\LIBGDAL-2.2.0\DLL\X86\RELEASE\JDAPISTD.OBJ
K:\COMPONENTS\LIBRARYV2\GDAL\GDAL_2.2.X_VC_NOINTFILESCLEANUP\LIBGDAL-2.2.0\DLL\X86\RELEASE\JDATADST.OBJ
K:\COMPONENTS\LIBRARYV2\GDAL\GDAL_2.2.X_VC_NOINTFILESCLEANUP\LIBGDAL-2.2.0\DLL\X86\RELEASE\JDATASRC.OBJ
K:\COMPONENTS\LIBRARYV2\GDAL\GDAL_2.2.X_VC_NOINTFILESCLEANUP\LIBGDAL-2.2.0\DLL\X86\RELEASE\JDCOEFCT.OBJ
K:\COMPONENTS\LIBRARYV2\GDAL\GDAL_2.2.X_VC_NOINTFILESCLEANUP\LIBGDAL-2.2.0\DLL\X86\RELEASE\JDCOLOR.OBJ
K:\COMPONENTS\LIBRARYV2\GDAL\GDAL_2.2.X_VC_NOINTFILESCLEANUP\LIBGDAL-2.2.0\DLL\X86\RELEASE\JDDCTMGR.OBJ
K:\COMPONENTS\LIBRARYV2\GDAL\GDAL_2.2.X_VC_NOINTFILESCLEANUP\LIBGDAL-2.2.0\DLL\X86\RELEASE\JDHUFF.OBJ
K:\COMPONENTS\LIBRARYV2\GDAL\GDAL_2.2.X_VC_NOINTFILESCLEANUP\LIBGDAL-2.2.0\DLL\X86\RELEASE\JDINPUT.OBJ
K:\COMPONENTS\LIBRARYV2\GDAL\GDAL_2.2.X_VC_NOINTFILESCLEANUP\LIBGDAL-2.2.0\DLL\X86\RELEASE\JDMAINCT.OBJ
K:\COMPONENTS\LIBRARYV2\GDAL\GDAL_2.2.X_VC_NOINTFILESCLEANUP\LIBGDAL-2.2.0\DLL\X86\RELEASE\JDMARKER.OBJ
K:\COMPONENTS\LIBRARYV2\GDAL\GDAL_2.2.X_VC_NOINTFILESCLEANUP\LIBGDAL-2.2.0\DLL\X86\RELEASE\JDMASTER.OBJ
K:\COMPONENTS\LIBRARYV2\GDAL\GDAL_2.2.X_VC_NOINTFILESCLEANUP\LIBGDAL-2.2.0\DLL\X86\RELEASE\JDMERGE.OBJ
K:\COMPONENTS\LIBRARYV2\GDAL\GDAL_2.2.X_VC_NOINTFILESCLEANUP\LIBGDAL-2.2.0\DLL\X86\RELEASE\JDPHUFF.OBJ
K:\COMPONENTS\LIBRARYV2\GDAL\GDAL_2.2.X_VC_NOINTFILESCLEANUP\LIBGDAL-2.2.0\DLL\X86\RELEASE\JDPOSTCT.OBJ
K:\COMPONENTS\LIBRARYV2\GDAL\GDAL_2.2.X_VC_NOINTFILESCLEANUP\LIBGDAL-2.2.0\DLL\X86\RELEASE\JDSAMPLE.OBJ
K:\COMPONENTS\LIBRARYV2\GDAL\GDAL_2.2.X_VC_NOINTFILESCLEANUP\LIBGDAL-2.2.0\DLL\X86\RELEASE\JDTRANS.OBJ
K:\COMPONENTS\LIBRARYV2\GDAL\GDAL_2.2.X_VC_NOINTFILESCLEANUP\LIBGDAL-2.2.0\DLL\X86\RELEASE\JERROR.OBJ
K:\COMPONENTS\LIBRARYV2\GDAL\GDAL_2.2.X_VC_NOINTFILESCLEANUP\LIBGDAL-2.2.0\DLL\X86\RELEASE\JFDCTFLT.OBJ
K:\COMPONENTS\LIBRARYV2\GDAL\GDAL_2.2.X_VC_NOINTFILESCLEANUP\LIBGDAL-2.2.0\DLL\X86\RELEASE\JFDCTFST.OBJ
K:\COMPONENTS\LIBRARYV2\GDAL\GDAL_2.2.X_VC_NOINTFILESCLEANUP\LIBGDAL-2.2.0\DLL\X86\RELEASE\JFDCTINT.OBJ
K:\COMPONENTS\LIBRARYV2\GDAL\GDAL_2.2.X_VC_NOINTFILESCLEANUP\LIBGDAL-2.2.0\DLL\X86\RELEASE\JIDCTFLT.OBJ
K:\COMPONENTS\LIBRARYV2\GDAL\GDAL_2.2.X_VC_NOINTFILESCLEANUP\LIBGDAL-2.2.0\DLL\X86\RELEASE\JIDCTFST.OBJ
K:\COMPONENTS\LIBRARYV2\GDAL\GDAL_2.2.X_VC_NOINTFILESCLEANUP\LIBGDAL-2.2.0\DLL\X86\RELEASE\JIDCTINT.OBJ
K:\COMPONENTS\LIBRARYV2\GDAL\GDAL_2.2.X_VC_NOINTFILESCLEANUP\LIBGDAL-2.2.0\DLL\X86\RELEASE\JIDCTRED.OBJ
K:\COMPONENTS\LIBRARYV2\GDAL\GDAL_2.2.X_VC_NOINTFILESCLEANUP\LIBGDAL-2.2.0\DLL\X86\RELEASE\JMEMANSI.OBJ
K:\COMPONENTS\LIBRARYV2\GDAL\GDAL_2.2.X_VC_NOINTFILESCLEANUP\LIBGDAL-2.2.0\DLL\X86\RELEASE\JMEMMGR.OBJ
K:\COMPONENTS\LIBRARYV2\GDAL\GDAL_2.2.X_VC_NOINTFILESCLEANUP\LIBGDAL-2.2.0\DLL\X86\RELEASE\JQUANT1.OBJ
K:\COMPONENTS\LIBRARYV2\GDAL\GDAL_2.2.X_VC_NOINTFILESCLEANUP\LIBGDAL-2.2.0\DLL\X86\RELEASE\JQUANT2.OBJ
K:\COMPONENTS\LIBRARYV2\GDAL\GDAL_2.2.X_VC_NOINTFILESCLEANUP\LIBGDAL-2.2.0\DLL\X86\RELEASE\JSON_C_VERSION.OBJ
K:\COMPONENTS\LIBRARYV2\GDAL\GDAL_2.2.X_VC_NOINTFILESCLEANUP\LIBGDAL-2.2.0\DLL\X86\RELEASE\JSON_OBJECT.OBJ
K:\COMPONENTS\LIBRARYV2\GDAL\GDAL_2.2.X_VC_NOINTFILESCLEANUP\LIBGDAL-2.2.0\DLL\X86\RELEASE\JSON_OBJECT_ITERATOR.OBJ
K:\COMPONENTS\LIBRARYV2\GDAL\GDAL_2.2.X_VC_NOINTFILESCLEANUP\LIBGDAL-2.2.0\DLL\X86\RELEASE\JSON_TOKENER.OBJ
K:\COMPONENTS\LIBRARYV2\GDAL\GDAL_2.2.X_VC_NOINTFILESCLEANUP\LIBGDAL-2.2.0\DLL\X86\RELEASE\JSON_UTIL.OBJ
K:\COMPONENTS\LIBRARYV2\GDAL\GDAL_2.2.X_VC_NOINTFILESCLEANUP\LIBGDAL-2.2.0\DLL\X86\RELEASE\JUTILS.OBJ
K:\COMPONENTS\LIBRARYV2\GDAL\GDAL_2.2.X_VC_NOINTFILESCLEANUP\LIBGDAL-2.2.0\DLL\X86\RELEASE\KERNLCSF.OBJ
K:\COMPONENTS\LIBRARYV2\GDAL\GDAL_2.2.X_VC_NOINTFILESCLEANUP\LIBGDAL-2.2.0\DLL\X86\RELEASE\LEGEND.OBJ
K:\COMPONENTS\LIBRARYV2\GDAL\GDAL_2.2.X_VC_NOINTFILESCLEANUP\LIBGDAL-2.2.0\DLL\X86\RELEASE\LINK.OBJ
K:\COMPONENTS\LIBRARYV2\GDAL\GDAL_2.2.X_VC_NOINTFILESCLEANUP\LIBGDAL-2.2.0\DLL\X86\RELEASE\LINKHASH.OBJ
K:\COMPONENTS\LIBRARYV2\GDAL\GDAL_2.2.X_VC_NOINTFILESCLEANUP\LIBGDAL-2.2.0\DLL\X86\RELEASE\MCLOSE.OBJ
K:\COMPONENTS\LIBRARYV2\GDAL\GDAL_2.2.X_VC_NOINTFILESCLEANUP\LIBGDAL-2.2.0\DLL\X86\RELEASE\MGRS.OBJ
K:\COMPONENTS\LIBRARYV2\GDAL\GDAL_2.2.X_VC_NOINTFILESCLEANUP\LIBGDAL-2.2.0\DLL\X86\RELEASE\MOPEN.OBJ
K:\COMPONENTS\LIBRARYV2\GDAL\GDAL_2.2.X_VC_NOINTFILESCLEANUP\LIBGDAL-2.2.0\DLL\X86\RELEASE\MOREATTR.OBJ
K:\COMPONENTS\LIBRARYV2\GDAL\GDAL_2.2.X_VC_NOINTFILESCLEANUP\LIBGDAL-2.2.0\DLL\X86\RELEASE\MPERROR.OBJ
K:\COMPONENTS\LIBRARYV2\GDAL\GDAL_2.2.X_VC_NOINTFILESCLEANUP\LIBGDAL-2.2.0\DLL\X86\RELEASE\NITFDES.OBJ
K:\COMPONENTS\LIBRARYV2\GDAL\GDAL_2.2.X_VC_NOINTFILESCLEANUP\LIBGDAL-2.2.0\DLL\X86\RELEASE\NITFFILE.OBJ
K:\COMPONENTS\LIBRARYV2\GDAL\GDAL_2.2.X_VC_NOINTFILESCLEANUP\LIBGDAL-2.2.0\DLL\X86\RELEASE\NITFIMAGE.OBJ
K:\COMPONENTS\LIBRARYV2\GDAL\GDAL_2.2.X_VC_NOINTFILESCLEANUP\LIBGDAL-2.2.0\DLL\X86\RELEASE\OGRSQLITEAPIROUTINES.OBJ
K:\COMPONENTS\LIBRARYV2\GDAL\GDAL_2.2.X_VC_NOINTFILESCLEANUP\LIBGDAL-2.2.0\DLL\X86\RELEASE\OSR_CS_WKT.OBJ
K:\COMPONENTS\LIBRARYV2\GDAL\GDAL_2.2.X_VC_NOINTFILESCLEANUP\LIBGDAL-2.2.0\DLL\X86\RELEASE\OSR_CS_WKT_PARSER.OBJ
K:\COMPONENTS\LIBRARYV2\GDAL\GDAL_2.2.X_VC_NOINTFILESCLEANUP\LIBGDAL-2.2.0\DLL\X86\RELEASE\PGISFID.OBJ
K:\COMPONENTS\LIBRARYV2\GDAL\GDAL_2.2.X_VC_NOINTFILESCLEANUP\LIBGDAL-2.2.0\DLL\X86\RELEASE\PMAXVAL.OBJ
K:\COMPONENTS\LIBRARYV2\GDAL\GDAL_2.2.X_VC_NOINTFILESCLEANUP\LIBGDAL-2.2.0\DLL\X86\RELEASE\PMINVAL.OBJ
K:\COMPONENTS\LIBRARYV2\GDAL\GDAL_2.2.X_VC_NOINTFILESCLEANUP\LIBGDAL-2.2.0\DLL\X86\RELEASE\PNG.OBJ
K:\COMPONENTS\LIBRARYV2\GDAL\GDAL_2.2.X_VC_NOINTFILESCLEANUP\LIBGDAL-2.2.0\DLL\X86\RELEASE\PNGERROR.OBJ
K:\COMPONENTS\LIBRARYV2\GDAL\GDAL_2.2.X_VC_NOINTFILESCLEANUP\LIBGDAL-2.2.0\DLL\X86\RELEASE\PNGGCCRD.OBJ
K:\COMPONENTS\LIBRARYV2\GDAL\GDAL_2.2.X_VC_NOINTFILESCLEANUP\LIBGDAL-2.2.0\DLL\X86\RELEASE\PNGGET.OBJ
K:\COMPONENTS\LIBRARYV2\GDAL\GDAL_2.2.X_VC_NOINTFILESCLEANUP\LIBGDAL-2.2.0\DLL\X86\RELEASE\PNGMEM.OBJ
K:\COMPONENTS\LIBRARYV2\GDAL\GDAL_2.2.X_VC_NOINTFILESCLEANUP\LIBGDAL-2.2.0\DLL\X86\RELEASE\PNGPREAD.OBJ
K:\COMPONENTS\LIBRARYV2\GDAL\GDAL_2.2.X_VC_NOINTFILESCLEANUP\LIBGDAL-2.2.0\DLL\X86\RELEASE\PNGREAD.OBJ
K:\COMPONENTS\LIBRARYV2\GDAL\GDAL_2.2.X_VC_NOINTFILESCLEANUP\LIBGDAL-2.2.0\DLL\X86\RELEASE\PNGRIO.OBJ
K:\COMPONENTS\LIBRARYV2\GDAL\GDAL_2.2.X_VC_NOINTFILESCLEANUP\LIBGDAL-2.2.0\DLL\X86\RELEASE\PNGRTRAN.OBJ
K:\COMPONENTS\LIBRARYV2\GDAL\GDAL_2.2.X_VC_NOINTFILESCLEANUP\LIBGDAL-2.2.0\DLL\X86\RELEASE\PNGRUTIL.OBJ
K:\COMPONENTS\LIBRARYV2\GDAL\GDAL_2.2.X_VC_NOINTFILESCLEANUP\LIBGDAL-2.2.0\DLL\X86\RELEASE\PNGSET.OBJ
K:\COMPONENTS\LIBRARYV2\GDAL\GDAL_2.2.X_VC_NOINTFILESCLEANUP\LIBGDAL-2.2.0\DLL\X86\RELEASE\PNGTRANS.OBJ
K:\COMPONENTS\LIBRARYV2\GDAL\GDAL_2.2.X_VC_NOINTFILESCLEANUP\LIBGDAL-2.2.0\DLL\X86\RELEASE\PNGVCRD.OBJ
K:\COMPONENTS\LIBRARYV2\GDAL\GDAL_2.2.X_VC_NOINTFILESCLEANUP\LIBGDAL-2.2.0\DLL\X86\RELEASE\PNGWIO.OBJ
K:\COMPONENTS\LIBRARYV2\GDAL\GDAL_2.2.X_VC_NOINTFILESCLEANUP\LIBGDAL-2.2.0\DLL\X86\RELEASE\PNGWRITE.OBJ
K:\COMPONENTS\LIBRARYV2\GDAL\GDAL_2.2.X_VC_NOINTFILESCLEANUP\LIBGDAL-2.2.0\DLL\X86\RELEASE\PNGWTRAN.OBJ
K:\COMPONENTS\LIBRARYV2\GDAL\GDAL_2.2.X_VC_NOINTFILESCLEANUP\LIBGDAL-2.2.0\DLL\X86\RELEASE\PNGWUTIL.OBJ
K:\COMPONENTS\LIBRARYV2\GDAL\GDAL_2.2.X_VC_NOINTFILESCLEANUP\LIBGDAL-2.2.0\DLL\X86\RELEASE\PRINTBUF.OBJ
K:\COMPONENTS\LIBRARYV2\GDAL\GDAL_2.2.X_VC_NOINTFILESCLEANUP\LIBGDAL-2.2.0\DLL\X86\RELEASE\PUTALLMV.OBJ
K:\COMPONENTS\LIBRARYV2\GDAL\GDAL_2.2.X_VC_NOINTFILESCLEANUP\LIBGDAL-2.2.0\DLL\X86\RELEASE\PUTATTR.OBJ
K:\COMPONENTS\LIBRARYV2\GDAL\GDAL_2.2.X_VC_NOINTFILESCLEANUP\LIBGDAL-2.2.0\DLL\X86\RELEASE\PUTSOMEC.OBJ
K:\COMPONENTS\LIBRARYV2\GDAL\GDAL_2.2.X_VC_NOINTFILESCLEANUP\LIBGDAL-2.2.0\DLL\X86\RELEASE\PUTX0.OBJ
K:\COMPONENTS\LIBRARYV2\GDAL\GDAL_2.2.X_VC_NOINTFILESCLEANUP\LIBGDAL-2.2.0\DLL\X86\RELEASE\PUTY0.OBJ
K:\COMPONENTS\LIBRARYV2\GDAL\GDAL_2.2.X_VC_NOINTFILESCLEANUP\LIBGDAL-2.2.0\DLL\X86\RELEASE\PVALSCAL.OBJ
K:\COMPONENTS\LIBRARYV2\GDAL\GDAL_2.2.X_VC_NOINTFILESCLEANUP\LIBGDAL-2.2.0\DLL\X86\RELEASE\RATTRBLK.OBJ
K:\COMPONENTS\LIBRARYV2\GDAL\GDAL_2.2.X_VC_NOINTFILESCLEANUP\LIBGDAL-2.2.0\DLL\X86\RELEASE\RCOMP.OBJ
K:\COMPONENTS\LIBRARYV2\GDAL\GDAL_2.2.X_VC_NOINTFILESCLEANUP\LIBGDAL-2.2.0\DLL\X86\RELEASE\RCOORDS.OBJ
K:\COMPONENTS\LIBRARYV2\GDAL\GDAL_2.2.X_VC_NOINTFILESCLEANUP\LIBGDAL-2.2.0\DLL\X86\RELEASE\RDUP2.OBJ
K:\COMPONENTS\LIBRARYV2\GDAL\GDAL_2.2.X_VC_NOINTFILESCLEANUP\LIBGDAL-2.2.0\DLL\X86\RELEASE\RECORDS.OBJ
K:\COMPONENTS\LIBRARYV2\GDAL\GDAL_2.2.X_VC_NOINTFILESCLEANUP\LIBGDAL-2.2.0\DLL\X86\RELEASE\RESETERR.OBJ
K:\COMPONENTS\LIBRARYV2\GDAL\GDAL_2.2.X_VC_NOINTFILESCLEANUP\LIBGDAL-2.2.0\DLL\X86\RELEASE\REXTEND.OBJ
K:\COMPONENTS\LIBRARYV2\GDAL\GDAL_2.2.X_VC_NOINTFILESCLEANUP\LIBGDAL-2.2.0\DLL\X86\RELEASE\RMALLOC.OBJ
K:\COMPONENTS\LIBRARYV2\GDAL\GDAL_2.2.X_VC_NOINTFILESCLEANUP\LIBGDAL-2.2.0\DLL\X86\RELEASE\RROWCOL.OBJ
K:\COMPONENTS\LIBRARYV2\GDAL\GDAL_2.2.X_VC_NOINTFILESCLEANUP\LIBGDAL-2.2.0\DLL\X86\RELEASE\RUSEAS.OBJ
K:\COMPONENTS\LIBRARYV2\GDAL\GDAL_2.2.X_VC_NOINTFILESCLEANUP\LIBGDAL-2.2.0\DLL\X86\RELEASE\SBNSEARCH.OBJ
K:\COMPONENTS\LIBRARYV2\GDAL\GDAL_2.2.X_VC_NOINTFILESCLEANUP\LIBGDAL-2.2.0\DLL\X86\RELEASE\SETANGLE.OBJ
K:\COMPONENTS\LIBRARYV2\GDAL\GDAL_2.2.X_VC_NOINTFILESCLEANUP\LIBGDAL-2.2.0\DLL\X86\RELEASE\SETMV.OBJ
K:\COMPONENTS\LIBRARYV2\GDAL\GDAL_2.2.X_VC_NOINTFILESCLEANUP\LIBGDAL-2.2.0\DLL\X86\RELEASE\SETVTMV.OBJ
K:\COMPONENTS\LIBRARYV2\GDAL\GDAL_2.2.X_VC_NOINTFILESCLEANUP\LIBGDAL-2.2.0\DLL\X86\RELEASE\SHP_VSI.OBJ
K:\COMPONENTS\LIBRARYV2\GDAL\GDAL_2.2.X_VC_NOINTFILESCLEANUP\LIBGDAL-2.2.0\DLL\X86\RELEASE\SHPOPEN.OBJ
K:\COMPONENTS\LIBRARYV2\GDAL\GDAL_2.2.X_VC_NOINTFILESCLEANUP\LIBGDAL-2.2.0\DLL\X86\RELEASE\SHPTREE.OBJ
K:\COMPONENTS\LIBRARYV2\GDAL\GDAL_2.2.X_VC_NOINTFILESCLEANUP\LIBGDAL-2.2.0\DLL\X86\RELEASE\SQLITE3.OBJ
K:\COMPONENTS\LIBRARYV2\GDAL\GDAL_2.2.X_VC_NOINTFILESCLEANUP\LIBGDAL-2.2.0\DLL\X86\RELEASE\STRCONST.OBJ
K:\COMPONENTS\LIBRARYV2\GDAL\GDAL_2.2.X_VC_NOINTFILESCLEANUP\LIBGDAL-2.2.0\DLL\X86\RELEASE\STRPAD.OBJ
K:\COMPONENTS\LIBRARYV2\GDAL\GDAL_2.2.X_VC_NOINTFILESCLEANUP\LIBGDAL-2.2.0\DLL\X86\RELEASE\SWAPIO.OBJ
K:\COMPONENTS\LIBRARYV2\GDAL\GDAL_2.2.X_VC_NOINTFILESCLEANUP\LIBGDAL-2.2.0\DLL\X86\RELEASE\TIF_AUX.OBJ
K:\COMPONENTS\LIBRARYV2\GDAL\GDAL_2.2.X_VC_NOINTFILESCLEANUP\LIBGDAL-2.2.0\DLL\X86\RELEASE\TIF_CLOSE.OBJ
K:\COMPONENTS\LIBRARYV2\GDAL\GDAL_2.2.X_VC_NOINTFILESCLEANUP\LIBGDAL-2.2.0\DLL\X86\RELEASE\TIF_CODEC.OBJ
K:\COMPONENTS\LIBRARYV2\GDAL\GDAL_2.2.X_VC_NOINTFILESCLEANUP\LIBGDAL-2.2.0\DLL\X86\RELEASE\TIF_COLOR.OBJ
K:\COMPONENTS\LIBRARYV2\GDAL\GDAL_2.2.X_VC_NOINTFILESCLEANUP\LIBGDAL-2.2.0\DLL\X86\RELEASE\TIF_COMPRESS.OBJ
K:\COMPONENTS\LIBRARYV2\GDAL\GDAL_2.2.X_VC_NOINTFILESCLEANUP\LIBGDAL-2.2.0\DLL\X86\RELEASE\TIF_DIR.OBJ
K:\COMPONENTS\LIBRARYV2\GDAL\GDAL_2.2.X_VC_NOINTFILESCLEANUP\LIBGDAL-2.2.0\DLL\X86\RELEASE\TIF_DIRINFO.OBJ
K:\COMPONENTS\LIBRARYV2\GDAL\GDAL_2.2.X_VC_NOINTFILESCLEANUP\LIBGDAL-2.2.0\DLL\X86\RELEASE\TIF_DIRREAD.OBJ
K:\COMPONENTS\LIBRARYV2\GDAL\GDAL_2.2.X_VC_NOINTFILESCLEANUP\LIBGDAL-2.2.0\DLL\X86\RELEASE\TIF_DIRWRITE.OBJ
K:\COMPONENTS\LIBRARYV2\GDAL\GDAL_2.2.X_VC_NOINTFILESCLEANUP\LIBGDAL-2.2.0\DLL\X86\RELEASE\TIF_DUMPMODE.OBJ
K:\COMPONENTS\LIBRARYV2\GDAL\GDAL_2.2.X_VC_NOINTFILESCLEANUP\LIBGDAL-2.2.0\DLL\X86\RELEASE\TIF_ERROR.OBJ
K:\COMPONENTS\LIBRARYV2\GDAL\GDAL_2.2.X_VC_NOINTFILESCLEANUP\LIBGDAL-2.2.0\DLL\X86\RELEASE\TIF_EXTENSION.OBJ
K:\COMPONENTS\LIBRARYV2\GDAL\GDAL_2.2.X_VC_NOINTFILESCLEANUP\LIBGDAL-2.2.0\DLL\X86\RELEASE\TIF_FAX3.OBJ
K:\COMPONENTS\LIBRARYV2\GDAL\GDAL_2.2.X_VC_NOINTFILESCLEANUP\LIBGDAL-2.2.0\DLL\X86\RELEASE\TIF_FAX3SM.OBJ
K:\COMPONENTS\LIBRARYV2\GDAL\GDAL_2.2.X_VC_NOINTFILESCLEANUP\LIBGDAL-2.2.0\DLL\X86\RELEASE\TIF_FLOAT.OBJ
K:\COMPONENTS\LIBRARYV2\GDAL\GDAL_2.2.X_VC_NOINTFILESCLEANUP\LIBGDAL-2.2.0\DLL\X86\RELEASE\TIF_FLUSH.OBJ
K:\COMPONENTS\LIBRARYV2\GDAL\GDAL_2.2.X_VC_NOINTFILESCLEANUP\LIBGDAL-2.2.0\DLL\X86\RELEASE\TIF_GETIMAGE.OBJ
K:\COMPONENTS\LIBRARYV2\GDAL\GDAL_2.2.X_VC_NOINTFILESCLEANUP\LIBGDAL-2.2.0\DLL\X86\RELEASE\TIF_JPEG.OBJ
K:\COMPONENTS\LIBRARYV2\GDAL\GDAL_2.2.X_VC_NOINTFILESCLEANUP\LIBGDAL-2.2.0\DLL\X86\RELEASE\TIF_JPEG_12.OBJ
K:\COMPONENTS\LIBRARYV2\GDAL\GDAL_2.2.X_VC_NOINTFILESCLEANUP\LIBGDAL-2.2.0\DLL\X86\RELEASE\TIF_LUV.OBJ
K:\COMPONENTS\LIBRARYV2\GDAL\GDAL_2.2.X_VC_NOINTFILESCLEANUP\LIBGDAL-2.2.0\DLL\X86\RELEASE\TIF_LZMA.OBJ
K:\COMPONENTS\LIBRARYV2\GDAL\GDAL_2.2.X_VC_NOINTFILESCLEANUP\LIBGDAL-2.2.0\DLL\X86\RELEASE\TIF_LZW.OBJ
K:\COMPONENTS\LIBRARYV2\GDAL\GDAL_2.2.X_VC_NOINTFILESCLEANUP\LIBGDAL-2.2.0\DLL\X86\RELEASE\TIF_NEXT.OBJ
K:\COMPONENTS\LIBRARYV2\GDAL\GDAL_2.2.X_VC_NOINTFILESCLEANUP\LIBGDAL-2.2.0\DLL\X86\RELEASE\TIF_OJPEG.OBJ
K:\COMPONENTS\LIBRARYV2\GDAL\GDAL_2.2.X_VC_NOINTFILESCLEANUP\LIBGDAL-2.2.0\DLL\X86\RELEASE\TIF_OPEN.OBJ
K:\COMPONENTS\LIBRARYV2\GDAL\GDAL_2.2.X_VC_NOINTFILESCLEANUP\LIBGDAL-2.2.0\DLL\X86\RELEASE\TIF_PACKBITS.OBJ
K:\COMPONENTS\LIBRARYV2\GDAL\GDAL_2.2.X_VC_NOINTFILESCLEANUP\LIBGDAL-2.2.0\DLL\X86\RELEASE\TIF_PIXARLOG.OBJ
K:\COMPONENTS\LIBRARYV2\GDAL\GDAL_2.2.X_VC_NOINTFILESCLEANUP\LIBGDAL-2.2.0\DLL\X86\RELEASE\TIF_PREDICT.OBJ
K:\COMPONENTS\LIBRARYV2\GDAL\GDAL_2.2.X_VC_NOINTFILESCLEANUP\LIBGDAL-2.2.0\DLL\X86\RELEASE\TIF_PRINT.OBJ
K:\COMPONENTS\LIBRARYV2\GDAL\GDAL_2.2.X_VC_NOINTFILESCLEANUP\LIBGDAL-2.2.0\DLL\X86\RELEASE\TIF_READ.OBJ
K:\COMPONENTS\LIBRARYV2\GDAL\GDAL_2.2.X_VC_NOINTFILESCLEANUP\LIBGDAL-2.2.0\DLL\X86\RELEASE\TIF_STRIP.OBJ
K:\COMPONENTS\LIBRARYV2\GDAL\GDAL_2.2.X_VC_NOINTFILESCLEANUP\LIBGDAL-2.2.0\DLL\X86\RELEASE\TIF_SWAB.OBJ
K:\COMPONENTS\LIBRARYV2\GDAL\GDAL_2.2.X_VC_NOINTFILESCLEANUP\LIBGDAL-2.2.0\DLL\X86\RELEASE\TIF_THUNDER.OBJ
K:\COMPONENTS\LIBRARYV2\GDAL\GDAL_2.2.X_VC_NOINTFILESCLEANUP\LIBGDAL-2.2.0\DLL\X86\RELEASE\TIF_TILE.OBJ
K:\COMPONENTS\LIBRARYV2\GDAL\GDAL_2.2.X_VC_NOINTFILESCLEANUP\LIBGDAL-2.2.0\DLL\X86\RELEASE\TIF_VERSION.OBJ
K:\COMPONENTS\LIBRARYV2\GDAL\GDAL_2.2.X_VC_NOINTFILESCLEANUP\LIBGDAL-2.2.0\DLL\X86\RELEASE\TIF_VSI.OBJ
K:\COMPONENTS\LIBRARYV2\GDAL\GDAL_2.2.X_VC_NOINTFILESCLEANUP\LIBGDAL-2.2.0\DLL\X86\RELEASE\TIF_WARNING.OBJ
K:\COMPONENTS\LIBRARYV2\GDAL\GDAL_2.2.X_VC_NOINTFILESCLEANUP\LIBGDAL-2.2.0\DLL\X86\RELEASE\TIF_WRITE.OBJ
K:\COMPONENTS\LIBRARYV2\GDAL\GDAL_2.2.X_VC_NOINTFILESCLEANUP\LIBGDAL-2.2.0\DLL\X86\RELEASE\TIF_ZIP.OBJ
K:\COMPONENTS\LIBRARYV2\GDAL\GDAL_2.2.X_VC_NOINTFILESCLEANUP\LIBGDAL-2.2.0\DLL\X86\RELEASE\TRACKMM.OBJ
K:\COMPONENTS\LIBRARYV2\GDAL\GDAL_2.2.X_VC_NOINTFILESCLEANUP\LIBGDAL-2.2.0\DLL\X86\RELEASE\TREES.OBJ
K:\COMPONENTS\LIBRARYV2\GDAL\GDAL_2.2.X_VC_NOINTFILESCLEANUP\LIBGDAL-2.2.0\DLL\X86\RELEASE\UNCOMPR.OBJ
K:\Components\LibraryV2\GDAL\GDAL_2.2.x_VC_NoIntFilesCleanUp\libgdal-2.2.0\dll\x86\Release\vc100.pdb
K:\COMPONENTS\LIBRARYV2\GDAL\GDAL_2.2.X_VC_NOINTFILESCLEANUP\LIBGDAL-2.2.0\DLL\X86\RELEASE\VS2.OBJ
K:\COMPONENTS\LIBRARYV2\GDAL\GDAL_2.2.X_VC_NOINTFILESCLEANUP\LIBGDAL-2.2.0\DLL\X86\RELEASE\VSDEF.OBJ
K:\COMPONENTS\LIBRARYV2\GDAL\GDAL_2.2.X_VC_NOINTFILESCLEANUP\LIBGDAL-2.2.0\DLL\X86\RELEASE\VSIS.OBJ
K:\COMPONENTS\LIBRARYV2\GDAL\GDAL_2.2.X_VC_NOINTFILESCLEANUP\LIBGDAL-2.2.0\DLL\X86\RELEASE\VSVERS.OBJ
K:\COMPONENTS\LIBRARYV2\GDAL\GDAL_2.2.X_VC_NOINTFILESCLEANUP\LIBGDAL-2.2.0\DLL\X86\RELEASE\WATTRBLK.OBJ
K:\COMPONENTS\LIBRARYV2\GDAL\GDAL_2.2.X_VC_NOINTFILESCLEANUP\LIBGDAL-2.2.0\DLL\X86\RELEASE\XTIFF.OBJ
K:\COMPONENTS\LIBRARYV2\GDAL\GDAL_2.2.X_VC_NOINTFILESCLEANUP\LIBGDAL-2.2.0\DLL\X86\RELEASE\ZUTIL.OBJ
